This is pdfTeX, Version 3.14159265-2.6-1.40.21 (MiKTeX 20.10) (preloaded format=pdflatex 2022.6.6)  13 FEB 2023 10:37
entering extended mode
**./EpifaniaPhDThesis.tex
(EpifaniaPhDThesis.tex
LaTeX2e <2020-10-01> patch level 1
L3 programming layer <2020-10-05> xparse <2020-03-03>
(C:\Users\huawei\AppData\Local\Programs\MiKTeX\tex/latex/base\book.cls
Document Class: book 2020/04/10 v1.4m Standard LaTeX document class
(C:\Users\huawei\AppData\Local\Programs\MiKTeX\tex/latex/base\bk12.clo
File: bk12.clo 2020/04/10 v1.4m Standard LaTeX file (size option)
)
\c@part=\count175
\c@chapter=\count176
\c@section=\count177
\c@subsection=\count178
\c@subsubsection=\count179
\c@paragraph=\count180
\c@subparagraph=\count181
\c@figure=\count182
\c@table=\count183
\abovecaptionskip=\skip47
\belowcaptionskip=\skip48
\bibindent=\dimen138
)
(C:\Users\huawei\AppData\Local\Programs\MiKTeX\tex/latex/hyperref\hyperref.sty
Package: hyperref 2020-05-15 v7.00e Hypertext links for LaTeX

(C:\Users\huawei\AppData\Local\Programs\MiKTeX\tex/generic/ltxcmds\ltxcmds.sty
Package: ltxcmds 2020-05-10 v1.25 LaTeX kernel commands for general use (HO)
) (C:\Users\huawei\AppData\Local\Programs\MiKTeX\tex/generic/iftex\iftex.sty
Package: iftex 2020/03/06 v1.0d TeX engine tests
)
(C:\Users\huawei\AppData\Local\Programs\MiKTeX\tex/generic/pdftexcmds\pdftexcmd
s.sty
Package: pdftexcmds 2020-06-27 v0.33 Utility functions of pdfTeX for LuaTeX (HO
)

(C:\Users\huawei\AppData\Local\Programs\MiKTeX\tex/generic/infwarerr\infwarerr.
sty
Package: infwarerr 2019/12/03 v1.5 Providing info/warning/error messages (HO)
)
Package pdftexcmds Info: \pdf@primitive is available.
Package pdftexcmds Info: \pdf@ifprimitive is available.
Package pdftexcmds Info: \pdfdraftmode found.
)
(C:\Users\huawei\AppData\Local\Programs\MiKTeX\tex/latex/graphics\keyval.sty
Package: keyval 2014/10/28 v1.15 key=value parser (DPC)
\KV@toks@=\toks15
)
(C:\Users\huawei\AppData\Local\Programs\MiKTeX\tex/generic/kvsetkeys\kvsetkeys.
sty
Package: kvsetkeys 2019/12/15 v1.18 Key value parser (HO)
)
(C:\Users\huawei\AppData\Local\Programs\MiKTeX\tex/generic/kvdefinekeys\kvdefin
ekeys.sty
Package: kvdefinekeys 2019-12-19 v1.6 Define keys (HO)
)
(C:\Users\huawei\AppData\Local\Programs\MiKTeX\tex/generic/pdfescape\pdfescape.
sty
Package: pdfescape 2019/12/09 v1.15 Implements pdfTeX's escape features (HO)
)
(C:\Users\huawei\AppData\Local\Programs\MiKTeX\tex/latex/hycolor\hycolor.sty
Package: hycolor 2020-01-27 v1.10 Color options for hyperref/bookmark (HO)
)
(C:\Users\huawei\AppData\Local\Programs\MiKTeX\tex/latex/letltxmacro\letltxmacr
o.sty
Package: letltxmacro 2019/12/03 v1.6 Let assignment for LaTeX macros (HO)
)
(C:\Users\huawei\AppData\Local\Programs\MiKTeX\tex/latex/auxhook\auxhook.sty
Package: auxhook 2019-12-17 v1.6 Hooks for auxiliary files (HO)
)
(C:\Users\huawei\AppData\Local\Programs\MiKTeX\tex/latex/kvoptions\kvoptions.st
y
Package: kvoptions 2019/11/29 v3.13 Key value format for package options (HO)
)
\@linkdim=\dimen139
\Hy@linkcounter=\count184
\Hy@pagecounter=\count185
 (C:\Users\huawei\AppData\Local\Programs\MiKTeX\tex/latex/hyperref\pd1enc.def
File: pd1enc.def 2020-05-15 v7.00e Hyperref: PDFDocEncoding definition (HO)
Now handling font encoding PD1 ...
... no UTF-8 mapping file for font encoding PD1
)
(C:\Users\huawei\AppData\Local\Programs\MiKTeX\tex/generic/intcalc\intcalc.sty
Package: intcalc 2019/12/15 v1.3 Expandable calculations with integers (HO)
)
(C:\Users\huawei\AppData\Local\Programs\MiKTeX\tex/generic/etexcmds\etexcmds.st
y
Package: etexcmds 2019/12/15 v1.7 Avoid name clashes with e-TeX commands (HO)
)
\Hy@SavedSpaceFactor=\count186
Package hyperref Info: Option `pdfa' set `true' on input line 4338.
Package hyperref Info: Hyper figures OFF on input line 4464.
Package hyperref Info: Link nesting OFF on input line 4469.
Package hyperref Info: Hyper index ON on input line 4472.
Package hyperref Info: Plain pages OFF on input line 4479.
Package hyperref Info: Backreferencing OFF on input line 4484.
Package hyperref Info: Implicit mode ON; LaTeX internals redefined.
Package hyperref Info: Bookmarks ON on input line 4717.
\c@Hy@tempcnt=\count187
 (C:\Users\huawei\AppData\Local\Programs\MiKTeX\tex/latex/url\url.sty
\Urlmuskip=\muskip16
Package: url 2013/09/16  ver 3.4  Verb mode for urls, etc.
)
LaTeX Info: Redefining \url on input line 5076.
\XeTeXLinkMargin=\dimen140

(C:\Users\huawei\AppData\Local\Programs\MiKTeX\tex/generic/bitset\bitset.sty
Package: bitset 2019/12/09 v1.3 Handle bit-vector datatype (HO)

(C:\Users\huawei\AppData\Local\Programs\MiKTeX\tex/generic/bigintcalc\bigintcal
c.sty
Package: bigintcalc 2019/12/15 v1.5 Expandable calculations on big integers (HO
)
))
\Fld@menulength=\count188
\Field@Width=\dimen141
\Fld@charsize=\dimen142
Package hyperref Info: Hyper figures OFF on input line 6347.
Package hyperref Info: Link nesting OFF on input line 6352.
Package hyperref Info: Hyper index ON on input line 6355.
Package hyperref Info: backreferencing OFF on input line 6362.
Package hyperref Info: Link coloring OFF on input line 6367.
Package hyperref Info: Link coloring with OCG OFF on input line 6372.
Package hyperref Info: PDF/A mode ON on input line 6375.
LaTeX Info: Redefining \ref on input line 6417.
LaTeX Info: Redefining \pageref on input line 6421.

(C:\Users\huawei\AppData\Local\Programs\MiKTeX\tex/latex/base\atbegshi-ltx.sty
Package: atbegshi-ltx 2020/08/17 v1.0a Emulation of the original atbegshi packa
ge
with kernel methods
)
\Hy@abspage=\count189
\c@Item=\count190
\c@Hfootnote=\count191
)
Package hyperref Info: Driver (autodetected): hpdftex.
 (C:\Users\huawei\AppData\Local\Programs\MiKTeX\tex/latex/hyperref\hpdftex.def
File: hpdftex.def 2020-05-15 v7.00e Hyperref driver for pdfTeX

(C:\Users\huawei\AppData\Local\Programs\MiKTeX\tex/latex/base\atveryend-ltx.sty
Package: atveryend-ltx 2020/08/19 v1.0a Emulation of the original atvery packag
e
with kernel methods
)
\Fld@listcount=\count192
\c@bookmark@seq@number=\count193

(C:\Users\huawei\AppData\Local\Programs\MiKTeX\tex/latex/rerunfilecheck\rerunfi
lecheck.sty
Package: rerunfilecheck 2019/12/05 v1.9 Rerun checks for auxiliary files (HO)

(C:\Users\huawei\AppData\Local\Programs\MiKTeX\tex/generic/uniquecounter\unique
counter.sty
Package: uniquecounter 2019/12/15 v1.4 Provide unlimited unique counter (HO)
)
Package uniquecounter Info: New unique counter `rerunfilecheck' on input line 2
86.
)
\Hy@SectionHShift=\skip49
)
(C:\Users\huawei\AppData\Local\Programs\MiKTeX\tex/latex/standalone\standalone.
sty
Package: standalone 2018/03/26 v1.3a Package to include TeX sub-files with prea
mbles
 (C:\Users\huawei\AppData\Local\Programs\MiKTeX\tex/latex/tools\shellesc.sty
Package: shellesc 2019/11/08 v1.0c unified shell escape interface for LaTeX
Package shellesc Info: Unrestricted shell escape enabled on input line 75.
) (C:\Users\huawei\AppData\Local\Programs\MiKTeX\tex/latex/xkeyval\xkeyval.sty
Package: xkeyval 2014/12/03 v2.7a package option processing (HA)

(C:\Users\huawei\AppData\Local\Programs\MiKTeX\tex/generic/xkeyval\xkeyval.tex
(C:\Users\huawei\AppData\Local\Programs\MiKTeX\tex/generic/xkeyval\xkvutils.tex
\XKV@toks=\toks16
\XKV@tempa@toks=\toks17
)
\XKV@depth=\count194
File: xkeyval.tex 2014/12/03 v2.7a key=value parser (HA)
))
(C:\Users\huawei\AppData\Local\Programs\MiKTeX\tex/latex/currfile\currfile.sty
Package: currfile 2020/09/29 v0.7d Provides the file path elements of the curre
nt input file

(C:\Users\huawei\AppData\Local\Programs\MiKTeX\tex/latex/filehook\filehook.sty
Package: filehook 2020/09/29 v0.8a Hooks for input files

(C:\Users\huawei\AppData\Local\Programs\MiKTeX\tex/latex/filehook\filehook-2020
.sty
Package: filehook-2020 2020/09/29 v0.8a Hooks for input files
))
\c@currfiledepth=\count195
)
(C:\Users\huawei\AppData\Local\Programs\MiKTeX\tex/latex/gincltex\gincltex.sty
(C:\Users\huawei\AppData\Local\Programs\MiKTeX\tex/latex/svn-prov\svn-prov.sty
Package: svn-prov 2010/04/24 v3.1862 Package Date/Version from SVN Keywords
)
Package: gincltex 2011/09/04 v0.3 Include external LaTeX files like graphics

(C:\Users\huawei\AppData\Local\Programs\MiKTeX\tex/latex/adjustbox\adjustbox.st
y
Package: adjustbox 2020/08/19 v1.3 Adjusting TeX boxes (trim, clip, ...)

(C:\Users\huawei\AppData\Local\Programs\MiKTeX\tex/latex/adjustbox\adjcalc.sty
Package: adjcalc 2012/05/16 v1.1 Provides advanced setlength with multiple back
-ends (calc, etex, pgfmath)
)
(C:\Users\huawei\AppData\Local\Programs\MiKTeX\tex/latex/adjustbox\trimclip.sty
Package: trimclip 2020/08/19 v1.2 Trim and clip general TeX material
(C:\Users\huawei\AppData\Local\Programs\MiKTeX\tex/latex/graphics\graphicx.sty
Package: graphicx 2020/09/09 v1.2b Enhanced LaTeX Graphics (DPC,SPQR)

(C:\Users\huawei\AppData\Local\Programs\MiKTeX\tex/latex/graphics\graphics.sty
Package: graphics 2020/08/30 v1.4c Standard LaTeX Graphics (DPC,SPQR)

(C:\Users\huawei\AppData\Local\Programs\MiKTeX\tex/latex/graphics\trig.sty
Package: trig 2016/01/03 v1.10 sin cos tan (DPC)
)
(C:\Users\huawei\AppData\Local\Programs\MiKTeX\tex/latex/graphics-cfg\graphics.
cfg
File: graphics.cfg 2016/06/04 v1.11 sample graphics configuration
)
Package graphics Info: Driver file: pdftex.def on input line 105.

(C:\Users\huawei\AppData\Local\Programs\MiKTeX\tex/latex/graphics-def\pdftex.de
f
File: pdftex.def 2020/10/05 v1.2a Graphics/color driver for pdftex
))
\Gin@req@height=\dimen143
\Gin@req@width=\dimen144
)
(C:\Users\huawei\AppData\Local\Programs\MiKTeX\tex/latex/collectbox\collectbox.
sty
Package: collectbox 2012/05/17 v0.4b Collect macro arguments as boxes
\collectedbox=\box47
)
\tc@llx=\dimen145
\tc@lly=\dimen146
\tc@urx=\dimen147
\tc@ury=\dimen148
Package trimclip Info: Using driver 'tc-pdftex.def'.

(C:\Users\huawei\AppData\Local\Programs\MiKTeX\tex/latex/adjustbox\tc-pdftex.de
f
File: tc-pdftex.def 2019/01/04 v2.2 Clipping driver for pdftex
))
\adjbox@Width=\dimen149
\adjbox@Height=\dimen150
\adjbox@Depth=\dimen151
\adjbox@Totalheight=\dimen152
\adjbox@pwidth=\dimen153
\adjbox@pheight=\dimen154
\adjbox@pdepth=\dimen155
\adjbox@ptotalheight=\dimen156

(C:\Users\huawei\AppData\Local\Programs\MiKTeX\tex/latex/ifoddpage\ifoddpage.st
y
Package: ifoddpage 2016/04/23 v1.1 Conditionals for odd/even page detection
\c@checkoddpage=\count196
)
(C:\Users\huawei\AppData\Local\Programs\MiKTeX\tex/latex/varwidth\varwidth.sty
Package: varwidth 2009/03/30 ver 0.92;  Variable-width minipages
\@vwid@box=\box48
\sift@deathcycles=\count197
\@vwid@loff=\dimen157
\@vwid@roff=\dimen158
))
\gincltex@box=\box49
)
(C:\Users\huawei\AppData\Local\Programs\MiKTeX\tex/latex/filemod\filemod-expmin
.sty
Package: filemod-expmin 2011/09/19 v1.2 Get and compare file modification times
 (expandable; minimal)
))
(C:\Users\huawei\AppData\Local\Programs\MiKTeX\tex/latex/apacite\apacite.sty
Package: apacite 2013/07/21 v6.03 APA citation
\c@BibCnt=\count198
\bibleftmargin=\skip50
\bibindent=\skip51
\bibparsep=\skip52
\bibitemsep=\skip53
\biblabelsep=\skip54
)
(C:\Users\huawei\AppData\Local\Programs\MiKTeX\tex/latex/etoolbox\etoolbox.sty
Package: etoolbox 2020/10/05 v2.5k e-TeX tools for LaTeX (JAW)
\etb@tempcnta=\count199
)
(C:\Users\huawei\AppData\Local\Programs\MiKTeX\tex/latex/caption\subcaption.sty
Package: subcaption 2020/08/23 v1.3g Sub-captions (AR)
(C:\Users\huawei\AppData\Local\Programs\MiKTeX\tex/latex/caption\caption.sty
Package: caption 2020/09/12 v3.5b Customizing captions (AR)

(C:\Users\huawei\AppData\Local\Programs\MiKTeX\tex/latex/caption\caption3.sty
Package: caption3 2020/09/17 v2.1b caption3 kernel (AR)
\captionmargin=\dimen159
\captionmargin@=\dimen160
\captionwidth=\dimen161
\caption@tempdima=\dimen162
\caption@indent=\dimen163
\caption@parindent=\dimen164
\caption@hangindent=\dimen165
Package caption Info: Standard document class detected.
)
\c@caption@flags=\count266
\c@continuedfloat=\count267
Package caption Info: hyperref package is loaded.
)
\c@subfigure=\count268
\c@subtable=\count269
)
(C:\Users\huawei\AppData\Local\Programs\MiKTeX\tex/latex/setspace\setspace.sty
Package: setspace 2011/12/19 v6.7a set line spacing
) (C:\Users\huawei\AppData\Local\Programs\MiKTeX\tex/latex/booktabs\booktabs.st
y
Package: booktabs 2020/01/12 v1.61803398 Publication quality tables
\heavyrulewidth=\dimen166
\lightrulewidth=\dimen167
\cmidrulewidth=\dimen168
\belowrulesep=\dimen169
\belowbottomsep=\dimen170
\aboverulesep=\dimen171
\abovetopsep=\dimen172
\cmidrulesep=\dimen173
\cmidrulekern=\dimen174
\defaultaddspace=\dimen175
\@cmidla=\count270
\@cmidlb=\count271
\@aboverulesep=\dimen176
\@belowrulesep=\dimen177
\@thisruleclass=\count272
\@lastruleclass=\count273
\@thisrulewidth=\dimen178
) (C:\Users\huawei\AppData\Local\Programs\MiKTeX\tex/latex/tools\tabularx.sty
Package: tabularx 2020/01/15 v2.11c `tabularx' package (DPC)

(C:\Users\huawei\AppData\Local\Programs\MiKTeX\tex/latex/tools\array.sty
Package: array 2019/08/31 v2.4l Tabular extension package (FMi)
\col@sep=\dimen179
\ar@mcellbox=\box50
\extrarowheight=\dimen180
\NC@list=\toks18
\extratabsurround=\skip55
\backup@length=\skip56
\ar@cellbox=\box51
)
\TX@col@width=\dimen181
\TX@old@table=\dimen182
\TX@old@col=\dimen183
\TX@target=\dimen184
\TX@delta=\dimen185
\TX@cols=\count274
\TX@ftn=\toks19
)
(C:\Users\huawei\AppData\Local\Programs\MiKTeX\tex/latex/xcolor\xcolor.sty
Package: xcolor 2016/05/11 v2.12 LaTeX color extensions (UK)

(C:\Users\huawei\AppData\Local\Programs\MiKTeX\tex/latex/graphics-cfg\color.cfg
File: color.cfg 2016/01/02 v1.6 sample color configuration
)
Package xcolor Info: Driver file: pdftex.def on input line 225.
Package xcolor Info: Model `cmy' substituted by `cmy0' on input line 1348.
Package xcolor Info: Model `hsb' substituted by `rgb' on input line 1352.
Package xcolor Info: Model `RGB' extended on input line 1364.
Package xcolor Info: Model `HTML' substituted by `rgb' on input line 1366.
Package xcolor Info: Model `Hsb' substituted by `hsb' on input line 1367.
Package xcolor Info: Model `tHsb' substituted by `hsb' on input line 1368.
Package xcolor Info: Model `HSB' substituted by `hsb' on input line 1369.
Package xcolor Info: Model `Gray' substituted by `gray' on input line 1370.
Package xcolor Info: Model `wave' substituted by `hsb' on input line 1371.
) (C:\Users\huawei\AppData\Local\Programs\MiKTeX\tex/latex/amsmath\amsmath.sty
Package: amsmath 2020/09/23 v2.17i AMS math features
\@mathmargin=\skip57
For additional information on amsmath, use the `?' option.
(C:\Users\huawei\AppData\Local\Programs\MiKTeX\tex/latex/amsmath\amstext.sty
Package: amstext 2000/06/29 v2.01 AMS text

(C:\Users\huawei\AppData\Local\Programs\MiKTeX\tex/latex/amsmath\amsgen.sty
File: amsgen.sty 1999/11/30 v2.0 generic functions
\@emptytoks=\toks20
\ex@=\dimen186
))
(C:\Users\huawei\AppData\Local\Programs\MiKTeX\tex/latex/amsmath\amsbsy.sty
Package: amsbsy 1999/11/29 v1.2d Bold Symbols
\pmbraise@=\dimen187
)
(C:\Users\huawei\AppData\Local\Programs\MiKTeX\tex/latex/amsmath\amsopn.sty
Package: amsopn 2016/03/08 v2.02 operator names
)
\inf@bad=\count275
LaTeX Info: Redefining \frac on input line 234.
\uproot@=\count276
\leftroot@=\count277
LaTeX Info: Redefining \overline on input line 399.
\classnum@=\count278
\DOTSCASE@=\count279
LaTeX Info: Redefining \ldots on input line 496.
LaTeX Info: Redefining \dots on input line 499.
LaTeX Info: Redefining \cdots on input line 620.
\Mathstrutbox@=\box52
\strutbox@=\box53
\big@size=\dimen188
LaTeX Font Info:    Redeclaring font encoding OML on input line 743.
LaTeX Font Info:    Redeclaring font encoding OMS on input line 744.
\macc@depth=\count280
\c@MaxMatrixCols=\count281
\dotsspace@=\muskip17
\c@parentequation=\count282
\dspbrk@lvl=\count283
\tag@help=\toks21
\row@=\count284
\column@=\count285
\maxfields@=\count286
\andhelp@=\toks22
\eqnshift@=\dimen189
\alignsep@=\dimen190
\tagshift@=\dimen191
\tagwidth@=\dimen192
\totwidth@=\dimen193
\lineht@=\dimen194
\@envbody=\toks23
\multlinegap=\skip58
\multlinetaggap=\skip59
\mathdisplay@stack=\toks24
LaTeX Info: Redefining \[ on input line 2923.
LaTeX Info: Redefining \] on input line 2924.
)
(C:\Users\huawei\AppData\Local\Programs\MiKTeX\tex/latex/pdflscape\pdflscape.st
y
Package: pdflscape 2019/12/05 v0.12 Display of landscape pages in PDF (HO)
 (C:\Users\huawei\AppData\Local\Programs\MiKTeX\tex/latex/graphics\lscape.sty
Package: lscape 2020/05/28 v3.02 Landscape Pages (DPC)
)
Package pdflscape Info: Auto-detected driver: pdftex on input line 81.
)
(C:\Users\huawei\AppData\Local\Programs\MiKTeX\tex/latex/geometry\geometry.sty
Package: geometry 2020/01/02 v5.9 Page Geometry

(C:\Users\huawei\AppData\Local\Programs\MiKTeX\tex/generic/iftex\ifvtex.sty
Package: ifvtex 2019/10/25 v1.7 ifvtex legacy package. Use iftex instead.
)
\Gm@cnth=\count287
\Gm@cntv=\count288
\c@Gm@tempcnt=\count289
\Gm@bindingoffset=\dimen195
\Gm@wd@mp=\dimen196
\Gm@odd@mp=\dimen197
\Gm@even@mp=\dimen198
\Gm@layoutwidth=\dimen199
\Gm@layoutheight=\dimen256
\Gm@layouthoffset=\dimen257
\Gm@layoutvoffset=\dimen258
\Gm@dimlist=\toks25

(C:\Users\huawei\AppData\Local\Programs\MiKTeX\tex/latex/geometry\geometry.cfg)
)
(C:\Users\huawei\AppData\Local\Programs\MiKTeX\tex/latex/multirow\multirow.sty
Package: multirow 2019/05/31 v2.5 Span multiple rows of a table
\multirow@colwidth=\skip60
\multirow@cntb=\count290
\multirow@dima=\skip61
\bigstrutjot=\dimen259
) (C:\Users\huawei\AppData\Local\Programs\MiKTeX\tex/latex/psnfss\times.sty
Package: times 2020/03/25 PSNFSS-v9.3 (SPQR) 
)
(C:\Users\huawei\AppData\Local\Programs\MiKTeX\tex/latex/fancyhdr\fancyhdr.sty
Package: fancyhdr 2019/01/31 v3.10 Extensive control of page headers and footer
s
\f@nch@headwidth=\skip62
\f@nch@O@elh=\skip63
\f@nch@O@erh=\skip64
\f@nch@O@olh=\skip65
\f@nch@O@orh=\skip66
\f@nch@O@elf=\skip67
\f@nch@O@erf=\skip68
\f@nch@O@olf=\skip69
\f@nch@O@orf=\skip70
) (C:\Users\huawei\AppData\Local\Programs\MiKTeX\tex/latex/tools\dcolumn.sty
Package: dcolumn 2014/10/28 v1.06 decimal alignment package (DPC)
)
(C:\Users\huawei\AppData\Local\Programs\MiKTeX\tex/latex/siunitx\siunitx.sty
(C:\Users\huawei\AppData\Local\Programs\MiKTeX\tex/latex/l3kernel\expl3.sty
Package: expl3 2020-10-05 L3 programming layer (loader) 

(C:\Users\huawei\AppData\Local\Programs\MiKTeX\tex/latex/l3backend\l3backend-pd
ftex.def
File: l3backend-pdftex.def 2020-09-24 L3 backend support: PDF output (pdfTeX)
\l__kernel_color_stack_int=\count291
\l__pdf_internal_box=\box54
))
(C:\Users\huawei\AppData\Local\Programs\MiKTeX\tex/latex/l3packages/xparse\xpar
se.sty
Package: xparse 2020-10-05 L3 Experimental document command parser

(C:\Users\huawei\AppData\Local\Programs\MiKTeX\tex/latex/l3packages/xparse\xpar
se-generic.tex))
Package: siunitx 2020/02/25 v2.8b A comprehensive (SI) units package

(C:\Users\huawei\AppData\Local\Programs\MiKTeX\tex/latex/l3packages/l3keys2e\l3
keys2e.sty
Package: l3keys2e 2020-10-05 LaTeX2e option processing using LaTeX3 keys
)
\l__siunitx_tmp_box=\box55
\l__siunitx_tmp_dim=\dimen260
\l__siunitx_tmp_int=\count292
\l__siunitx_number_mantissa_length_int=\count293
\l__siunitx_number_uncert_length_int=\count294
\l__siunitx_round_int=\count295
\l__siunitx_process_decimal_int=\count296
\l__siunitx_process_uncertainty_int=\count297
\l__siunitx_process_fixed_int=\count298
\l__siunitx_process_integer_min_int=\count299
\l__siunitx_process_precision_int=\count300
\l__siunitx_group_min_int=\count301
\l__siunitx_angle_marker_box=\box56
\l__siunitx_angle_unit_box=\box57
\l__siunitx_angle_marker_dim=\dimen261
\l__siunitx_angle_unit_dim=\dimen262
\l__siunitx_unit_int=\count302
\l__siunitx_unit_denominator_int=\count303
\l__siunitx_unit_numerator_int=\count304
\l__siunitx_unit_prefix_int=\count305
\l__siunitx_unit_prefix_base_int=\count306
\l__siunitx_unit_prefix_gram_int=\count307
\l__siunitx_number_product_int=\count308
\c__siunitx_one_fill_skip=\skip71
\l__siunitx_table_unit_align_skip=\skip72
\l__siunitx_table_exponent_dim=\dimen263
\l__siunitx_table_integer_dim=\dimen264
\l__siunitx_table_mantissa_dim=\dimen265
\l__siunitx_table_marker_dim=\dimen266
\l__siunitx_table_result_dim=\dimen267
\l__siunitx_table_uncert_dim=\dimen268
\l__siunitx_table_fill_pre_dim=\dimen269
\l__siunitx_table_fill_post_dim=\dimen270
\l__siunitx_table_fill_mid_dim=\dimen271
\l__siunitx_table_pre_box=\box58
\l__siunitx_table_post_box=\box59
\l__siunitx_table_mantissa_box=\box60
\l__siunitx_table_result_box=\box61
\l__siunitx_table_number_align_skip=\skip73
\l__siunitx_table_text_align_skip=\skip74

(C:\Users\huawei\AppData\Local\Programs\MiKTeX\tex/latex/translator\translator.
sty
Package: translator 2020-08-03 v1.12c Easy translation of strings in LaTeX
))
(C:\Users\huawei\AppData\Local\Programs\MiKTeX\tex/latex/tools\longtable.sty
Package: longtable 2020/01/07 v4.13 Multi-page Table package (DPC)
\LTleft=\skip75
\LTright=\skip76
\LTpre=\skip77
\LTpost=\skip78
\LTchunksize=\count309
\LTcapwidth=\dimen272
\LT@head=\box62
\LT@firsthead=\box63
\LT@foot=\box64
\LT@lastfoot=\box65
\LT@cols=\count310
\LT@rows=\count311
\c@LT@tables=\count312
\c@LT@chunks=\count313
\LT@p@ftn=\toks26
)
(C:\Users\huawei\AppData\Local\Programs\MiKTeX\tex/latex/pgf/frontendlayer\tikz
.sty
(C:\Users\huawei\AppData\Local\Programs\MiKTeX\tex/latex/pgf/basiclayer\pgf.sty

(C:\Users\huawei\AppData\Local\Programs\MiKTeX\tex/latex/pgf/utilities\pgfrcs.s
ty
(C:\Users\huawei\AppData\Local\Programs\MiKTeX\tex/generic/pgf/utilities\pgfuti
l-common.tex
\pgfutil@everybye=\toks27
\pgfutil@tempdima=\dimen273
\pgfutil@tempdimb=\dimen274

(C:\Users\huawei\AppData\Local\Programs\MiKTeX\tex/generic/pgf/utilities\pgfuti
l-common-lists.tex))
(C:\Users\huawei\AppData\Local\Programs\MiKTeX\tex/generic/pgf/utilities\pgfuti
l-latex.def
\pgfutil@abb=\box66
)
(C:\Users\huawei\AppData\Local\Programs\MiKTeX\tex/generic/pgf/utilities\pgfrcs
.code.tex
(C:\Users\huawei\AppData\Local\Programs\MiKTeX\tex/generic/pgf\pgf.revision.tex
)
Package: pgfrcs 2020/10/01 v3.1.6a (3.1.6a)
))
Package: pgf 2020/10/01 v3.1.6a (3.1.6a)

(C:\Users\huawei\AppData\Local\Programs\MiKTeX\tex/latex/pgf/basiclayer\pgfcore
.sty
(C:\Users\huawei\AppData\Local\Programs\MiKTeX\tex/latex/pgf/systemlayer\pgfsys
.sty
(C:\Users\huawei\AppData\Local\Programs\MiKTeX\tex/generic/pgf/systemlayer\pgfs
ys.code.tex
Package: pgfsys 2020/10/01 v3.1.6a (3.1.6a)

(C:\Users\huawei\AppData\Local\Programs\MiKTeX\tex/generic/pgf/utilities\pgfkey
s.code.tex
\pgfkeys@pathtoks=\toks28
\pgfkeys@temptoks=\toks29

(C:\Users\huawei\AppData\Local\Programs\MiKTeX\tex/generic/pgf/utilities\pgfkey
sfiltered.code.tex
\pgfkeys@tmptoks=\toks30
))
\pgf@x=\dimen275
\pgf@y=\dimen276
\pgf@xa=\dimen277
\pgf@ya=\dimen278
\pgf@xb=\dimen279
\pgf@yb=\dimen280
\pgf@xc=\dimen281
\pgf@yc=\dimen282
\pgf@xd=\dimen283
\pgf@yd=\dimen284
\w@pgf@writea=\write3
\r@pgf@reada=\read2
\c@pgf@counta=\count314
\c@pgf@countb=\count315
\c@pgf@countc=\count316
\c@pgf@countd=\count317
\t@pgf@toka=\toks31
\t@pgf@tokb=\toks32
\t@pgf@tokc=\toks33
\pgf@sys@id@count=\count318

(C:\Users\huawei\AppData\Local\Programs\MiKTeX\tex/generic/pgf/systemlayer\pgf.
cfg
File: pgf.cfg 2020/10/01 v3.1.6a (3.1.6a)
)
Driver file for pgf: pgfsys-pdftex.def

(C:\Users\huawei\AppData\Local\Programs\MiKTeX\tex/generic/pgf/systemlayer\pgfs
ys-pdftex.def
File: pgfsys-pdftex.def 2020/10/01 v3.1.6a (3.1.6a)

(C:\Users\huawei\AppData\Local\Programs\MiKTeX\tex/generic/pgf/systemlayer\pgfs
ys-common-pdf.def
File: pgfsys-common-pdf.def 2020/10/01 v3.1.6a (3.1.6a)
)))
(C:\Users\huawei\AppData\Local\Programs\MiKTeX\tex/generic/pgf/systemlayer\pgfs
yssoftpath.code.tex
File: pgfsyssoftpath.code.tex 2020/10/01 v3.1.6a (3.1.6a)
\pgfsyssoftpath@smallbuffer@items=\count319
\pgfsyssoftpath@bigbuffer@items=\count320
)
(C:\Users\huawei\AppData\Local\Programs\MiKTeX\tex/generic/pgf/systemlayer\pgfs
ysprotocol.code.tex
File: pgfsysprotocol.code.tex 2020/10/01 v3.1.6a (3.1.6a)
))
(C:\Users\huawei\AppData\Local\Programs\MiKTeX\tex/generic/pgf/basiclayer\pgfco
re.code.tex
Package: pgfcore 2020/10/01 v3.1.6a (3.1.6a)

(C:\Users\huawei\AppData\Local\Programs\MiKTeX\tex/generic/pgf/math\pgfmath.cod
e.tex
(C:\Users\huawei\AppData\Local\Programs\MiKTeX\tex/generic/pgf/math\pgfmathcalc
.code.tex
(C:\Users\huawei\AppData\Local\Programs\MiKTeX\tex/generic/pgf/math\pgfmathutil
.code.tex)
(C:\Users\huawei\AppData\Local\Programs\MiKTeX\tex/generic/pgf/math\pgfmathpars
er.code.tex
\pgfmath@dimen=\dimen285
\pgfmath@count=\count321
\pgfmath@box=\box67
\pgfmath@toks=\toks34
\pgfmath@stack@operand=\toks35
\pgfmath@stack@operation=\toks36
)
(C:\Users\huawei\AppData\Local\Programs\MiKTeX\tex/generic/pgf/math\pgfmathfunc
tions.code.tex
(C:\Users\huawei\AppData\Local\Programs\MiKTeX\tex/generic/pgf/math\pgfmathfunc
tions.basic.code.tex)
(C:\Users\huawei\AppData\Local\Programs\MiKTeX\tex/generic/pgf/math\pgfmathfunc
tions.trigonometric.code.tex)
(C:\Users\huawei\AppData\Local\Programs\MiKTeX\tex/generic/pgf/math\pgfmathfunc
tions.random.code.tex)
(C:\Users\huawei\AppData\Local\Programs\MiKTeX\tex/generic/pgf/math\pgfmathfunc
tions.comparison.code.tex)
(C:\Users\huawei\AppData\Local\Programs\MiKTeX\tex/generic/pgf/math\pgfmathfunc
tions.base.code.tex)
(C:\Users\huawei\AppData\Local\Programs\MiKTeX\tex/generic/pgf/math\pgfmathfunc
tions.round.code.tex)
(C:\Users\huawei\AppData\Local\Programs\MiKTeX\tex/generic/pgf/math\pgfmathfunc
tions.misc.code.tex)
(C:\Users\huawei\AppData\Local\Programs\MiKTeX\tex/generic/pgf/math\pgfmathfunc
tions.integerarithmetics.code.tex)))
(C:\Users\huawei\AppData\Local\Programs\MiKTeX\tex/generic/pgf/math\pgfmathfloa
t.code.tex
\c@pgfmathroundto@lastzeros=\count322
))
(C:\Users\huawei\AppData\Local\Programs\MiKTeX\tex/generic/pgf/math\pgfint.code
.tex)
(C:\Users\huawei\AppData\Local\Programs\MiKTeX\tex/generic/pgf/basiclayer\pgfco
repoints.code.tex
File: pgfcorepoints.code.tex 2020/10/01 v3.1.6a (3.1.6a)
\pgf@picminx=\dimen286
\pgf@picmaxx=\dimen287
\pgf@picminy=\dimen288
\pgf@picmaxy=\dimen289
\pgf@pathminx=\dimen290
\pgf@pathmaxx=\dimen291
\pgf@pathminy=\dimen292
\pgf@pathmaxy=\dimen293
\pgf@xx=\dimen294
\pgf@xy=\dimen295
\pgf@yx=\dimen296
\pgf@yy=\dimen297
\pgf@zx=\dimen298
\pgf@zy=\dimen299
)
(C:\Users\huawei\AppData\Local\Programs\MiKTeX\tex/generic/pgf/basiclayer\pgfco
repathconstruct.code.tex
File: pgfcorepathconstruct.code.tex 2020/10/01 v3.1.6a (3.1.6a)
\pgf@path@lastx=\dimen300
\pgf@path@lasty=\dimen301
)
(C:\Users\huawei\AppData\Local\Programs\MiKTeX\tex/generic/pgf/basiclayer\pgfco
repathusage.code.tex
File: pgfcorepathusage.code.tex 2020/10/01 v3.1.6a (3.1.6a)
\pgf@shorten@end@additional=\dimen302
\pgf@shorten@start@additional=\dimen303
)
(C:\Users\huawei\AppData\Local\Programs\MiKTeX\tex/generic/pgf/basiclayer\pgfco
rescopes.code.tex
File: pgfcorescopes.code.tex 2020/10/01 v3.1.6a (3.1.6a)
\pgfpic=\box68
\pgf@hbox=\box69
\pgf@layerbox@main=\box70
\pgf@picture@serial@count=\count323
)
(C:\Users\huawei\AppData\Local\Programs\MiKTeX\tex/generic/pgf/basiclayer\pgfco
regraphicstate.code.tex
File: pgfcoregraphicstate.code.tex 2020/10/01 v3.1.6a (3.1.6a)
\pgflinewidth=\dimen304
)
(C:\Users\huawei\AppData\Local\Programs\MiKTeX\tex/generic/pgf/basiclayer\pgfco
retransformations.code.tex
File: pgfcoretransformations.code.tex 2020/10/01 v3.1.6a (3.1.6a)
\pgf@pt@x=\dimen305
\pgf@pt@y=\dimen306
\pgf@pt@temp=\dimen307
)
(C:\Users\huawei\AppData\Local\Programs\MiKTeX\tex/generic/pgf/basiclayer\pgfco
requick.code.tex
File: pgfcorequick.code.tex 2020/10/01 v3.1.6a (3.1.6a)
)
(C:\Users\huawei\AppData\Local\Programs\MiKTeX\tex/generic/pgf/basiclayer\pgfco
reobjects.code.tex
File: pgfcoreobjects.code.tex 2020/10/01 v3.1.6a (3.1.6a)
)
(C:\Users\huawei\AppData\Local\Programs\MiKTeX\tex/generic/pgf/basiclayer\pgfco
repathprocessing.code.tex
File: pgfcorepathprocessing.code.tex 2020/10/01 v3.1.6a (3.1.6a)
)
(C:\Users\huawei\AppData\Local\Programs\MiKTeX\tex/generic/pgf/basiclayer\pgfco
rearrows.code.tex
File: pgfcorearrows.code.tex 2020/10/01 v3.1.6a (3.1.6a)
\pgfarrowsep=\dimen308
)
(C:\Users\huawei\AppData\Local\Programs\MiKTeX\tex/generic/pgf/basiclayer\pgfco
reshade.code.tex
File: pgfcoreshade.code.tex 2020/10/01 v3.1.6a (3.1.6a)
\pgf@max=\dimen309
\pgf@sys@shading@range@num=\count324
\pgf@shadingcount=\count325
)
(C:\Users\huawei\AppData\Local\Programs\MiKTeX\tex/generic/pgf/basiclayer\pgfco
reimage.code.tex
File: pgfcoreimage.code.tex 2020/10/01 v3.1.6a (3.1.6a)

(C:\Users\huawei\AppData\Local\Programs\MiKTeX\tex/generic/pgf/basiclayer\pgfco
reexternal.code.tex
File: pgfcoreexternal.code.tex 2020/10/01 v3.1.6a (3.1.6a)
\pgfexternal@startupbox=\box71
))
(C:\Users\huawei\AppData\Local\Programs\MiKTeX\tex/generic/pgf/basiclayer\pgfco
relayers.code.tex
File: pgfcorelayers.code.tex 2020/10/01 v3.1.6a (3.1.6a)
)
(C:\Users\huawei\AppData\Local\Programs\MiKTeX\tex/generic/pgf/basiclayer\pgfco
retransparency.code.tex
File: pgfcoretransparency.code.tex 2020/10/01 v3.1.6a (3.1.6a)
)
(C:\Users\huawei\AppData\Local\Programs\MiKTeX\tex/generic/pgf/basiclayer\pgfco
repatterns.code.tex
File: pgfcorepatterns.code.tex 2020/10/01 v3.1.6a (3.1.6a)
)
(C:\Users\huawei\AppData\Local\Programs\MiKTeX\tex/generic/pgf/basiclayer\pgfco
rerdf.code.tex
File: pgfcorerdf.code.tex 2020/10/01 v3.1.6a (3.1.6a)
)))
(C:\Users\huawei\AppData\Local\Programs\MiKTeX\tex/generic/pgf/modules\pgfmodul
eshapes.code.tex
File: pgfmoduleshapes.code.tex 2020/10/01 v3.1.6a (3.1.6a)
\pgfnodeparttextbox=\box72
)
(C:\Users\huawei\AppData\Local\Programs\MiKTeX\tex/generic/pgf/modules\pgfmodul
eplot.code.tex
File: pgfmoduleplot.code.tex 2020/10/01 v3.1.6a (3.1.6a)
)
(C:\Users\huawei\AppData\Local\Programs\MiKTeX\tex/latex/pgf/compatibility\pgfc
omp-version-0-65.sty
Package: pgfcomp-version-0-65 2020/10/01 v3.1.6a (3.1.6a)
\pgf@nodesepstart=\dimen310
\pgf@nodesepend=\dimen311
)
(C:\Users\huawei\AppData\Local\Programs\MiKTeX\tex/latex/pgf/compatibility\pgfc
omp-version-1-18.sty
Package: pgfcomp-version-1-18 2020/10/01 v3.1.6a (3.1.6a)
))
(C:\Users\huawei\AppData\Local\Programs\MiKTeX\tex/latex/pgf/utilities\pgffor.s
ty
(C:\Users\huawei\AppData\Local\Programs\MiKTeX\tex/latex/pgf/utilities\pgfkeys.
sty
(C:\Users\huawei\AppData\Local\Programs\MiKTeX\tex/generic/pgf/utilities\pgfkey
s.code.tex))
(C:\Users\huawei\AppData\Local\Programs\MiKTeX\tex/latex/pgf/math\pgfmath.sty
(C:\Users\huawei\AppData\Local\Programs\MiKTeX\tex/generic/pgf/math\pgfmath.cod
e.tex))
(C:\Users\huawei\AppData\Local\Programs\MiKTeX\tex/generic/pgf/utilities\pgffor
.code.tex
Package: pgffor 2020/10/01 v3.1.6a (3.1.6a)

(C:\Users\huawei\AppData\Local\Programs\MiKTeX\tex/generic/pgf/math\pgfmath.cod
e.tex)
\pgffor@iter=\dimen312
\pgffor@skip=\dimen313
\pgffor@stack=\toks37
\pgffor@toks=\toks38
))
(C:\Users\huawei\AppData\Local\Programs\MiKTeX\tex/generic/pgf/frontendlayer/ti
kz\tikz.code.tex
Package: tikz 2020/10/01 v3.1.6a (3.1.6a)

(C:\Users\huawei\AppData\Local\Programs\MiKTeX\tex/generic/pgf/libraries\pgflib
raryplothandlers.code.tex
File: pgflibraryplothandlers.code.tex 2020/10/01 v3.1.6a (3.1.6a)
\pgf@plot@mark@count=\count326
\pgfplotmarksize=\dimen314
)
\tikz@lastx=\dimen315
\tikz@lasty=\dimen316
\tikz@lastxsaved=\dimen317
\tikz@lastysaved=\dimen318
\tikz@lastmovetox=\dimen319
\tikz@lastmovetoy=\dimen320
\tikzleveldistance=\dimen321
\tikzsiblingdistance=\dimen322
\tikz@figbox=\box73
\tikz@figbox@bg=\box74
\tikz@tempbox=\box75
\tikz@tempbox@bg=\box76
\tikztreelevel=\count327
\tikznumberofchildren=\count328
\tikznumberofcurrentchild=\count329
\tikz@fig@count=\count330

(C:\Users\huawei\AppData\Local\Programs\MiKTeX\tex/generic/pgf/modules\pgfmodul
ematrix.code.tex
File: pgfmodulematrix.code.tex 2020/10/01 v3.1.6a (3.1.6a)
\pgfmatrixcurrentrow=\count331
\pgfmatrixcurrentcolumn=\count332
\pgf@matrix@numberofcolumns=\count333
)
\tikz@expandcount=\count334

(C:\Users\huawei\AppData\Local\Programs\MiKTeX\tex/generic/pgf/frontendlayer/ti
kz/libraries\tikzlibrarytopaths.code.tex
File: tikzlibrarytopaths.code.tex 2020/10/01 v3.1.6a (3.1.6a)
)))
(C:\Users\huawei\AppData\Local\Programs\MiKTeX\tex/latex/tools\multicol.sty
Package: multicol 2019/12/09 v1.8y multicolumn formatting (FMi)
\c@tracingmulticols=\count335
\mult@box=\box77
\multicol@leftmargin=\dimen323
\c@unbalance=\count336
\c@collectmore=\count337
\doublecol@number=\count338
\multicoltolerance=\count339
\multicolpretolerance=\count340
\full@width=\dimen324
\page@free=\dimen325
\premulticols=\dimen326
\postmulticols=\dimen327
\multicolsep=\skip79
\multicolbaselineskip=\skip80
\partial@page=\box78
\last@line=\box79
\maxbalancingoverflow=\dimen328
\mult@rightbox=\box80
\mult@grightbox=\box81
\mult@gfirstbox=\box82
\mult@firstbox=\box83
\@tempa=\box84
\@tempa=\box85
\@tempa=\box86
\@tempa=\box87
\@tempa=\box88
\@tempa=\box89
\@tempa=\box90
\@tempa=\box91
\@tempa=\box92
\@tempa=\box93
\@tempa=\box94
\@tempa=\box95
\@tempa=\box96
\@tempa=\box97
\@tempa=\box98
\@tempa=\box99
\@tempa=\box100
\@tempa=\box101
\@tempa=\box102
\@tempa=\box103
\@tempa=\box104
\@tempa=\box105
\@tempa=\box106
\@tempa=\box107
\@tempa=\box108
\@tempa=\box109
\@tempa=\box110
\@tempa=\box111
\@tempa=\box112
\@tempa=\box113
\@tempa=\box114
\@tempa=\box115
\@tempa=\box116
\@tempa=\box117
\@tempa=\box118
\@tempa=\box119
\@tempa=\box120
\c@minrows=\count341
\c@columnbadness=\count342
\c@finalcolumnbadness=\count343
\last@try=\dimen329
\multicolovershoot=\dimen330
\multicolundershoot=\dimen331
\mult@nat@firstbox=\box121
\colbreak@box=\box122
\mc@col@check@num=\count344
)
(C:\Users\huawei\AppData\Local\Programs\MiKTeX\tex/latex/tikzsymbols\tikzsymbol
s.sty
Package: tikzsymbols 2019/02/08 v4.10c Some symbols created using tikz and LaTe
X3.
 (C:\Users\huawei\AppData\Local\Programs\MiKTeX\tex/latex/tools\xspace.sty
Package: xspace 2014/10/28 v1.13 Space after command names (DPC,MH)
)
(C:\Users\huawei\AppData\Local\Programs\MiKTeX\tex/generic/pgf/frontendlayer/ti
kz/libraries\tikzlibraryarrows.code.tex
File: tikzlibraryarrows.code.tex 2020/10/01 v3.1.6a (3.1.6a)

(C:\Users\huawei\AppData\Local\Programs\MiKTeX\tex/generic/pgf/libraries\pgflib
raryarrows.code.tex
File: pgflibraryarrows.code.tex 2020/10/01 v3.1.6a (3.1.6a)
\arrowsize=\dimen332
))
(C:\Users\huawei\AppData\Local\Programs\MiKTeX\tex/generic/pgf/frontendlayer/ti
kz/libraries\tikzlibrarydecorations.pathmorphing.code.tex
(C:\Users\huawei\AppData\Local\Programs\MiKTeX\tex/generic/pgf/frontendlayer/ti
kz/libraries\tikzlibrarydecorations.code.tex
(C:\Users\huawei\AppData\Local\Programs\MiKTeX\tex/generic/pgf/modules\pgfmodul
edecorations.code.tex
\pgfdecoratedcompleteddistance=\dimen333
\pgfdecoratedremainingdistance=\dimen334
\pgfdecoratedinputsegmentcompleteddistance=\dimen335
\pgfdecoratedinputsegmentremainingdistance=\dimen336
\pgf@decorate@distancetomove=\dimen337
\pgf@decorate@repeatstate=\count345
\pgfdecorationsegmentamplitude=\dimen338
\pgfdecorationsegmentlength=\dimen339
)
\tikz@lib@dec@box=\box123
)
(C:\Users\huawei\AppData\Local\Programs\MiKTeX\tex/generic/pgf/libraries/decora
tions\pgflibrarydecorations.pathmorphing.code.tex))
(C:\Users\huawei\AppData\Local\Programs\MiKTeX\tex/generic/pgf/frontendlayer/ti
kz/libraries\tikzlibrarytrees.code.tex
File: tikzlibrarytrees.code.tex 2020/10/01 v3.1.6a (3.1.6a)
)
\l__tikzsymbols_Moai_thickness_dim=\dimen340
)
(C:\Users\huawei\AppData\Local\Programs\MiKTeX\tex/latex/tools\bm.sty
Package: bm 2019/07/24 v1.2d Bold Symbol Support (DPC/FMi)
\symboldoperators=\mathgroup4
\symboldletters=\mathgroup5
\symboldsymbols=\mathgroup6
LaTeX Font Info:    Redeclaring math alphabet \mathbf on input line 141.
LaTeX Info: Redefining \bm on input line 209.
)
(C:\Users\huawei\AppData\Local\Programs\MiKTeX\tex/latex/listings\listings.sty
\lst@mode=\count346
\lst@gtempboxa=\box124
\lst@token=\toks39
\lst@length=\count347
\lst@currlwidth=\dimen341
\lst@column=\count348
\lst@pos=\count349
\lst@lostspace=\dimen342
\lst@width=\dimen343
\lst@newlines=\count350
\lst@lineno=\count351
\lst@maxwidth=\dimen344

(C:\Users\huawei\AppData\Local\Programs\MiKTeX\tex/latex/listings\lstmisc.sty
File: lstmisc.sty 2020/03/24 1.8d (Carsten Heinz)
\c@lstnumber=\count352
\lst@skipnumbers=\count353
\lst@framebox=\box125
)
(C:\Users\huawei\AppData\Local\Programs\MiKTeX\tex/latex/listings\listings.cfg
File: listings.cfg 2020/03/24 1.8d listings configuration
))
Package: listings 2020/03/24 1.8d (Carsten Heinz)

(C:\Users\huawei\AppData\Local\Programs\MiKTeX\tex/latex/titlesec\titlesec.sty
Package: titlesec 2019/10/16 v2.13 Sectioning titles
\ttl@box=\box126
\beforetitleunit=\skip81
\aftertitleunit=\skip82
\ttl@plus=\dimen345
\ttl@minus=\dimen346
\ttl@toksa=\toks40
\titlewidth=\dimen347
\titlewidthlast=\dimen348
\titlewidthfirst=\dimen349
)
(C:\Users\huawei\AppData\Local\Programs\MiKTeX\tex/latex/regexpatch\regexpatch.
sty
Package: regexpatch 2020/10/06 v0.2e Extending etoolbox patching commands
) (C:\Users\huawei\AppData\Local\Programs\MiKTeX\tex/latex/pdfx\pdfx.sty
Package: pdfx 2019/02/27 v1.6.3 PDF/X and PDF/A support (CVR/HTH/RRM/PS)
\pdfx@minorversion=\count354

(C:\Users\huawei\AppData\Local\Programs\MiKTeX\tex/generic/iftex\ifpdf.sty
Package: ifpdf 2019/10/25 v3.4 ifpdf legacy package. Use iftex instead.
)
(C:\Users\huawei\AppData\Local\Programs\MiKTeX\tex/generic/iftex\ifxetex.sty
Package: ifxetex 2019/10/25 v0.7 ifxetex legacy package. Use iftex instead.
)
(C:\Users\huawei\AppData\Local\Programs\MiKTeX\tex/latex/base\everyshi-ltx.sty
Package: everyshi-ltx 2020/08/17 v1.0a Emulation of the original everyshi packa
ge
with kernel methods
) (C:\Users\huawei\AppData\Local\Programs\MiKTeX\tex/generic/iftex\ifluatex.sty
Package: ifluatex 2019/10/25 v1.5 ifluatex legacy package. Use iftex instead.
){C:/Users/huawei/AppData/Local/MiKTeX/pdftex/config/pdftex.map}
(C:\Users\huawei\AppData\Local\Programs\MiKTeX\tex/latex/base\inputenc.sty
Package: inputenc 2020/08/01 v1.3d Input encoding file
\inpenc@prehook=\toks41
\inpenc@posthook=\toks42
)
(C:\Users\huawei\AppData\Local\Programs\MiKTeX\tex/latex/pdfx\l8u-penc.def
File: l8u-penc.def 2017/06/23 v0.8 Custom LaTeX file, for UTF8 encoded letters 
and symbols
LaTeX Info: Composite with undeclared \b in encoding L8U on input line 278.
)
\pdfxsafeforxmp@toks=\toks43
\pdfx@tmptoks=\toks44


Package hyperref Warning: Option `pdftex' has already been used,
(hyperref)                setting the option has no effect on input line 1461.

Package hyperref Info: Option `unicode' set `true' on input line 1463.
(C:\Users\huawei\AppData\Local\Programs\MiKTeX\tex/latex/hyperref\puenc.def
File: puenc.def 2020-05-15 v7.00e Hyperref: PDF Unicode definition (HO)
)
(C:\Users\huawei\AppData\Local\Programs\MiKTeX\tex/generic/stringenc\stringenc.
sty
Package: stringenc 2019/11/29 v1.12 Convert strings between diff. encodings (HO
)
)
Package hyperref Info: Option `psdextra' set `true' on input line 1465.

(C:\Users\huawei\AppData\Local\Programs\MiKTeX\tex/latex/hyperref\psdextra.def
File: psdextra.def 2020-05-15 v7.00e Hyperref: Additions to PDF string support
)
(C:\Users\huawei\AppData\Local\Programs\MiKTeX\tex/generic/colorprofiles\colorp
rofiles.sty
Package: colorprofiles 2018/11/01 v1.0.1 color profiles for PDF/X and PDF/A sup
port

(C:\Users\huawei\AppData\Local\Programs\MiKTeX\tex/generic/colorprofiles\colorp
rofiles.tex))
(C:\Users\huawei\AppData\Local\Programs\MiKTeX\tex/generic/stringenc\se-pdfdoc.
def
File: se-pdfdoc.def 2019/11/29 v1.12 stringenc: PDFDocEncoding
)
(C:\Users\huawei\AppData\Local\Programs\MiKTeX\tex/latex/pdfx\AdobeColorProfile
s.tex) (C:\Users\huawei\AppData\Local\Programs\MiKTeX\tex/latex/pdfx\8bit.def
File: 8bit.def 2008/03/30 v1.1d Input encoding file
)
** pdfx: No file EpifaniaPhDThesis.xmpdata . Metadata will be incomplete!
<<sRGB.icc>>
(C:\Users\huawei\AppData\Local\Programs\MiKTeX\tex/latex/pdfx\8bit.def
File: 8bit.def 2008/03/30 v1.1d Input encoding file
)
Package hyperref Info: Option `unicode' set `true' on input line 2411.
Package hyperref Info: Option `unicode' set `true' on input line 2412.

(C:\Users\huawei\AppData\Local\Programs\MiKTeX\tex/generic/pdftex\glyphtounicod
e.tex)
(C:\Users\huawei\AppData\Local\Programs\MiKTeX\tex/latex/pdfx\glyphtounicode-cm
r.tex)
(C:\Users\huawei\AppData\Local\Programs\MiKTeX\tex/latex/pdfx\glyphtounicode-nt
x.tex) (C:\Users\huawei\AppData\Local\Programs\MiKTeX\tex/latex/base\ifthen.sty
Package: ifthen 2014/09/29 v1.1c Standard LaTeX ifthen package (DPC)
) (C:\Users\huawei\AppData\Local\Programs\MiKTeX\tex/latex/xmpincl\xmpincl.sty
Package: xmpincl 2008/05/10 v2.2 Include XMP data in pdflatex
) (C:\Users\huawei\AppData\Local\Programs\MiKTeX\tex/latex/pdfx\8bit.def
File: 8bit.def 2008/03/30 v1.1d Input encoding file
)
Using XMP template file: pdfa.xmp
\xmpinclWrite=\write4
\xmpinclRead=\read3
\openout4 = `pdfa.xmpi'.

<<pdfa.xmpi>>)
(C:\Users\huawei\AppData\Local\Programs\MiKTeX\tex/latex/listings\lstlang1.sty
File: lstlang1.sty 2020/03/24 1.8d listings language file
) (C:\Users\huawei\AppData\Local\Programs\MiKTeX\tex/latex/listings\lstlang2.st
y
File: lstlang2.sty 2020/03/24 1.8d listings language file
)
(C:\Users\huawei\AppData\Local\Programs\MiKTeX\tex/latex/listings\lstlang3.sty
File: lstlang3.sty 2020/03/24 1.8d listings language file
)
Package hyperref Info: Option `colorlinks' set `false' on input line 62.

Package hyperref Warning: Unexpected value `black' of
(hyperref)                option `linktoc' instead of `none',
(hyperref)                `section', `page' or `all' on input line 62.


(C:\Users\huawei\AppData\Local\Programs\MiKTeX\tex/generic/pgf/frontendlayer/ti
kz/libraries\tikzlibraryshapes.geometric.code.tex
File: tikzlibraryshapes.geometric.code.tex 2020/10/01 v3.1.6a (3.1.6a)

(C:\Users\huawei\AppData\Local\Programs\MiKTeX\tex/generic/pgf/libraries/shapes
\pgflibraryshapes.geometric.code.tex
File: pgflibraryshapes.geometric.code.tex 2020/10/01 v3.1.6a (3.1.6a)
))
\c@ttlp@side=\count355
\ttlp@side=\count356
LaTeX Font Info:    Trying to load font information for OT1+ptm on input line 8
9.

(C:\Users\huawei\AppData\Local\Programs\MiKTeX\tex/latex/psnfss\ot1ptm.fd
File: ot1ptm.fd 2001/06/04 font definitions for OT1/ptm.
)
(EpifaniaPhDThesis.aux

LaTeX Warning: Label `tab:dscorepkg' multiply defined.


LaTeX Warning: Label `tab:regD' multiply defined.

)
\openout1 = `EpifaniaPhDThesis.aux'.

LaTeX Font Info:    Checking defaults for OML/cmm/m/it on input line 89.
LaTeX Font Info:    ... okay on input line 89.
LaTeX Font Info:    Checking defaults for OMS/cmsy/m/n on input line 89.
LaTeX Font Info:    ... okay on input line 89.
LaTeX Font Info:    Checking defaults for OT1/cmr/m/n on input line 89.
LaTeX Font Info:    ... okay on input line 89.
LaTeX Font Info:    Checking defaults for T1/cmr/m/n on input line 89.
LaTeX Font Info:    ... okay on input line 89.
LaTeX Font Info:    Checking defaults for TS1/cmr/m/n on input line 89.
LaTeX Font Info:    ... okay on input line 89.
LaTeX Font Info:    Checking defaults for OMX/cmex/m/n on input line 89.
LaTeX Font Info:    ... okay on input line 89.
LaTeX Font Info:    Checking defaults for U/cmr/m/n on input line 89.
LaTeX Font Info:    ... okay on input line 89.
LaTeX Font Info:    Checking defaults for PD1/pdf/m/n on input line 89.
LaTeX Font Info:    ... okay on input line 89.
LaTeX Font Info:    Checking defaults for PU/pdf/m/n on input line 89.
LaTeX Font Info:    ... okay on input line 89.
Package hyperref Info: Link coloring OFF on input line 89.
 (C:\Users\huawei\AppData\Local\Programs\MiKTeX\tex/latex/hyperref\nameref.sty
Package: nameref 2019/09/16 v2.46 Cross-referencing by name of section
(C:\Users\huawei\AppData\Local\Programs\MiKTeX\tex/latex/refcount\refcount.sty
Package: refcount 2019/12/15 v3.6 Data extraction from label references (HO)
)
(C:\Users\huawei\AppData\Local\Programs\MiKTeX\tex/generic/gettitlestring\getti
tlestring.sty
Package: gettitlestring 2019/12/15 v1.6 Cleanup title references (HO)
)
\c@section@level=\count357
)
LaTeX Info: Redefining \ref on input line 89.
LaTeX Info: Redefining \pageref on input line 89.
LaTeX Info: Redefining \nameref on input line 89.
 (EpifaniaPhDThesis.out) (EpifaniaPhDThesis.out)
\@outlinefile=\write5
\openout5 = `EpifaniaPhDThesis.out'.


(C:\Users\huawei\AppData\Local\Programs\MiKTeX\tex/context/base/mkii\supp-pdf.m
kii
[Loading MPS to PDF converter (version 2006.09.02).]
\scratchcounter=\count358
\scratchdimen=\dimen350
\scratchbox=\box127
\nofMPsegments=\count359
\nofMParguments=\count360
\everyMPshowfont=\toks45
\MPscratchCnt=\count361
\MPscratchDim=\dimen351
\MPnumerator=\count362
\makeMPintoPDFobject=\count363
\everyMPtoPDFconversion=\toks46
)
(C:\Users\huawei\AppData\Local\Programs\MiKTeX\tex/latex/epstopdf-pkg\epstopdf-
base.sty
Package: epstopdf-base 2020-01-24 v2.11 Base part for package epstopdf
Package epstopdf-base Info: Redefining graphics rule for `.eps' on input line 4
85.
)
\c@maskedRefs=\count364

(C:\Users\huawei\AppData\Local\Programs\MiKTeX\tex/latex/apacite\english.apc
File: english.apc 2013/07/21 v6.03 apacite language file
LaTeX Info: Redefining \BPBI on input line 129.
LaTeX Info: Redefining \BHBI on input line 130.
)
Package caption Info: Begin \AtBeginDocument code.
Package caption Info: Option `justification=RaggedRight' requires the `ragged2e
' package on input line 89.

(C:\Users\huawei\AppData\Local\Programs\MiKTeX\tex/latex/ragged2e\ragged2e.sty
Package: ragged2e 2019/07/28 v2.2 ragged2e Package (MS)

(C:\Users\huawei\AppData\Local\Programs\MiKTeX\tex/latex/ms\everysel.sty
Package: everysel 2011/10/28 v1.2 EverySelectfont Package (MS)

ABD: EverySelectfont initializing macros
LaTeX Info: Redefining \selectfont on input line 126.
)
\CenteringLeftskip=\skip83
\RaggedLeftLeftskip=\skip84
\RaggedRightLeftskip=\skip85
\CenteringRightskip=\skip86
\RaggedLeftRightskip=\skip87
\RaggedRightRightskip=\skip88
\CenteringParfillskip=\skip89
\RaggedLeftParfillskip=\skip90
\RaggedRightParfillskip=\skip91
\JustifyingParfillskip=\skip92
\CenteringParindent=\skip93
\RaggedLeftParindent=\skip94
\RaggedRightParindent=\skip95
\JustifyingParindent=\skip96
)
Package caption Info: listings package is loaded.
Package caption Info: longtable package is loaded.

(C:\Users\huawei\AppData\Local\Programs\MiKTeX\tex/latex/caption\ltcaption.sty
Package: ltcaption 2020/05/30 v1.4b longtable captions (AR)
)
Package caption Info: End \AtBeginDocument code.
*geometry* driver: auto-detecting
*geometry* detected driver: pdftex
*geometry* verbose mode - [ preamble ] result:
* driver: pdftex
* paper: <default>
* layout: <same size as paper>
* layoutoffset:(h,v)=(0.0pt,0.0pt)
* modes: twoside 
* h-part:(L,W,R)=(85.35826pt, 443.57848pt, 85.35826pt)
* v-part:(T,H,B)=(85.35826pt, 624.25346pt, 85.35826pt)
* \paperwidth=614.295pt
* \paperheight=794.96999pt
* \textwidth=443.57848pt
* \textheight=624.25346pt
* \oddsidemargin=13.08827pt
* \evensidemargin=13.08827pt
* \topmargin=-18.78552pt
* \headheight=12.0pt
* \headsep=19.8738pt
* \topskip=12.0pt
* \footskip=30.0pt
* \marginparwidth=98.0pt
* \marginparsep=7.0pt
* \columnsep=10.0pt
* \skip\footins=10.8pt plus 4.0pt minus 2.0pt
* \hoffset=0.0pt
* \voffset=0.0pt
* \mag=1000
* \@twocolumnfalse
* \@twosidetrue
* \@mparswitchtrue
* \@reversemarginfalse
* (1in=72.27pt=25.4mm, 1cm=28.453pt)


(C:\Users\huawei\AppData\Local\Programs\MiKTeX\tex/latex/siunitx\siunitx-abbrev
iations.cfg
File: siunitx-abbreviations.cfg 2017/11/26 v2.7k siunitx: Abbreviated units
)
(C:\Users\huawei\AppData\Local\Programs\MiKTeX\tex/latex/translator\translator-
basic-dictionary-English.dict
Dictionary: translator-basic-dictionary, Language: English 
)
\c@lstlisting=\count365
<unipd.png, id=337, 943.525pt x 949.5475pt>
File: unipd.png Graphic file (type png)
<use unipd.png>
Package pdftex.def Info: unipd.png  used on input line 98.
(pdftex.def)             Requested size: 110.8946pt x 111.59357pt.
 [1


 <./unipd.png>] [2]
Overfull \vbox (188.01378pt too high) has occurred while \output is active []


[3] [4

] (EpifaniaPhDThesis.toc
LaTeX Font Info:    Trying to load font information for OT1+pcr on input line 3
1.

(C:\Users\huawei\AppData\Local\Programs\MiKTeX\tex/latex/psnfss\ot1pcr.fd
File: ot1pcr.fd 2001/06/04 font definitions for OT1/pcr.
)
[5] [6] [7])
\tf@toc=\write6
\openout6 = `EpifaniaPhDThesis.toc'.

 [8] [9

] [10] [11] [12] [13] [14] [15] [16] [17] [18

]
Chapter 1.
[1

] [2] [3] [4]
Overfull \hbox (8.49228pt too wide) in paragraph at lines 363--367
\OT1/ptm/m/n/12 tudes, pref-er-ences, self-esteem, and other psy-cho-log-i-cal 
con-structs, such as the IAT [][]Greenwald
 []


LaTeX Warning: `!h' float specifier changed to `!ht'.

[5] [6]
<cocagood.png, id=682, 940.9554pt x 523.2348pt>
File: cocagood.png Graphic file (type png)
<use cocagood.png>
Package pdftex.def Info: cocagood.png  used on input line 404.
(pdftex.def)             Requested size: 177.42868pt x 98.65717pt.
<cocabad.png, id=684, 940.9554pt x 523.2348pt>
File: cocabad.png Graphic file (type png)
<use cocabad.png>
Package pdftex.def Info: cocabad.png  used on input line 411.
(pdftex.def)             Requested size: 177.42868pt x 98.65717pt.
<yearIATtopic.pdf, id=688, 1011.78pt x 614.295pt>
File: yearIATtopic.pdf Graphic file (type pdf)
<use yearIATtopic.pdf>
Package pdftex.def Info: yearIATtopic.pdf  used on input line 430.
(pdftex.def)             Requested size: 443.57848pt x 269.3158pt.
 [7 <./cocagood.png> <./cocabad.png>] [8 <./yearIATtopic.pdf>]
<wordcloudtopic.png, id=711, 458.31226pt x 477.58424pt>
File: wordcloudtopic.png Graphic file (type png)
<use wordcloudtopic.png>
Package pdftex.def Info: wordcloudtopic.png  used on input line 442.
(pdftex.def)             Requested size: 221.78923pt x 231.11797pt.

Overfull \hbox (8.72185pt too wide) in paragraph at lines 452--455
[] []\OT1/ptm/b/n/12 The IAT in the macro-area So-cial psy-chol-ogy.[] \OT1/ptm
/m/n/12 The re-sis-tance of the IAT to self-presentation
 []

[9 <./wordcloudtopic.png>] [10] [11]
Underfull \hbox (badness 10000) in alignment at lines 509--509
[][][][] 
 []

[12]
<sccokegood.png, id=789, 940.9554pt x 522.753pt>
File: sccokegood.png Graphic file (type png)
<use sccokegood.png>
Package pdftex.def Info: sccokegood.png  used on input line 524.
(pdftex.def)             Requested size: 177.42868pt x 98.56633pt.
<sccokebad.png, id=790, 940.9554pt x 523.2348pt>
File: sccokebad.png Graphic file (type png)
<use sccokebad.png>
Package pdftex.def Info: sccokebad.png  used on input line 530.
(pdftex.def)             Requested size: 177.42868pt x 98.65717pt.


LaTeX Warning: `!h' float specifier changed to `!ht'.

[13] [14 <./sccokegood.png> <./sccokebad.png>] [15] [16]
\g__tikzsymbols_savebox_F_0 0 0 rg 0 0 0 RG_12_Cat_1_box=\box128
\g__tikzsymbols_savebox_F_0 0 0 rg 0 0 0 RG_12_Snowman_1.5_box=\box129
\g__tikzsymbols_savebox_F_0 0 0 rg 0 0 0 RG_12_NiceReapey_1_black!20!white_box=
\box130
\g__tikzsymbols_savebox_F_0 0 0 rg 0 0 0 RG_12_Cat_2_box=\box131
\g__tikzsymbols_savebox_F_0 0 0 rg 0 0 0 RG_12_Snowman_2.5_box=\box132
\g__tikzsymbols_savebox_F_0 0 0 rg 0 0 0 RG_12_NiceReapey_2_black!20!white_box=
\box133
 [17] [18]
Overfull \hbox (6.1858pt too wide) in paragraph at lines 648--654
[]\OT1/ptm/m/n/12 Potentially, the between--stimuli vari-abil-ity can be ac-cou
nted for by per-form-ing \OT1/ptm/m/it/12 by-stimulus
 []

[19] [20] [21] [22]
Chapter 2.

Overfull \hbox (12.0pt too wide) in alignment at lines 724--724
[][][] 
 []

[23

] [24] [25] [26] [27] [28] [29]
Overfull \hbox (7.34175pt too wide) in paragraph at lines 822--823
\OT1/ptm/m/it/12 Dark SC-IAT: \OT1/ptm/m/n/12 The crit-i-cal blocks were com-po
sed of 72 tri-als each, defin-ing the Dark-Good/Bad
 []


Overfull \hbox (10.87958pt too wide) in alignment at lines 854--854
[][][][][][][][][] 
 []


LaTeX Warning: `!h' float specifier changed to `!ht'.

[30] [31] [32] [33] [34]
Overfull \hbox (2.65274pt too wide) detected at line 915
$\OML/cmm/m/it/12 :\OT1/cmr/m/n/12 64 (0\OML/cmm/m/it/12 :\OT1/cmr/m/n/12 62)$ 

 []


Overfull \hbox (2.65274pt too wide) detected at line 915
$\OML/cmm/m/it/12 :\OT1/cmr/m/n/12 41 (0\OML/cmm/m/it/12 :\OT1/cmr/m/n/12 41)$ 

 []


Overfull \hbox (2.65274pt too wide) detected at line 916
$\OML/cmm/m/it/12 :\OT1/cmr/m/n/12 64 (0\OML/cmm/m/it/12 :\OT1/cmr/m/n/12 60)$ 

 []


Overfull \hbox (2.65274pt too wide) detected at line 916
$\OML/cmm/m/it/12 :\OT1/cmr/m/n/12 39 (0\OML/cmm/m/it/12 :\OT1/cmr/m/n/12 39)$ 

 []


Overfull \hbox (2.65274pt too wide) detected at line 917
$\OML/cmm/m/it/12 :\OT1/cmr/m/n/12 73 (0\OML/cmm/m/it/12 :\OT1/cmr/m/n/12 73)$ 

 []


Overfull \hbox (2.65274pt too wide) detected at line 917
$\OML/cmm/m/it/12 :\OT1/cmr/m/n/12 40 (0\OML/cmm/m/it/12 :\OT1/cmr/m/n/12 41)$ 

 []


Overfull \hbox (2.65274pt too wide) detected at line 918
$\OML/cmm/m/it/12 :\OT1/cmr/m/n/12 72 (0\OML/cmm/m/it/12 :\OT1/cmr/m/n/12 70)$ 

 []


Overfull \hbox (2.65274pt too wide) detected at line 918
$\OML/cmm/m/it/12 :\OT1/cmr/m/n/12 39 (0\OML/cmm/m/it/12 :\OT1/cmr/m/n/12 39)$ 

 []


Overfull \hbox (2.65274pt too wide) detected at line 919
$\OML/cmm/m/it/12 :\OT1/cmr/m/n/12 64 (0\OML/cmm/m/it/12 :\OT1/cmr/m/n/12 63)$ 

 []


Overfull \hbox (2.65274pt too wide) detected at line 920
$\OML/cmm/m/it/12 :\OT1/cmr/m/n/12 64 (0\OML/cmm/m/it/12 :\OT1/cmr/m/n/12 60)$ 

 []


Overfull \hbox (2.65274pt too wide) detected at line 921
$\OML/cmm/m/it/12 :\OT1/cmr/m/n/12 72 (0\OML/cmm/m/it/12 :\OT1/cmr/m/n/12 75)$ 

 []


Overfull \hbox (2.65274pt too wide) detected at line 922
$\OML/cmm/m/it/12 :\OT1/cmr/m/n/12 72 (0\OML/cmm/m/it/12 :\OT1/cmr/m/n/12 71)$ 

 []


Overfull \hbox (2.65274pt too wide) detected at line 923
$\OML/cmm/m/it/12 :\OT1/cmr/m/n/12 06 (0\OML/cmm/m/it/12 :\OT1/cmr/m/n/12 35)$ 

 []


Overfull \hbox (2.65274pt too wide) detected at line 923
$\OML/cmm/m/it/12 :\OT1/cmr/m/n/12 05 (0\OML/cmm/m/it/12 :\OT1/cmr/m/n/12 31)$ 

 []


Overfull \hbox (2.65274pt too wide) detected at line 924
$\OML/cmm/m/it/12 :\OT1/cmr/m/n/12 06 (0\OML/cmm/m/it/12 :\OT1/cmr/m/n/12 34)$ 

 []


Overfull \hbox (2.65274pt too wide) detected at line 925
$\OML/cmm/m/it/12 :\OT1/cmr/m/n/12 06 (0\OML/cmm/m/it/12 :\OT1/cmr/m/n/12 36)$ 

 []


Overfull \hbox (2.65274pt too wide) detected at line 926
$\OML/cmm/m/it/12 :\OT1/cmr/m/n/12 06 (0\OML/cmm/m/it/12 :\OT1/cmr/m/n/12 35)$ 

 []


Overfull \hbox (2.65274pt too wide) detected at line 927
$\OML/cmm/m/it/12 :\OT1/cmr/m/n/12 06 (0\OML/cmm/m/it/12 :\OT1/cmr/m/n/12 36)$ 

 []


Overfull \hbox (2.65274pt too wide) detected at line 928
$\OML/cmm/m/it/12 :\OT1/cmr/m/n/12 06 (0\OML/cmm/m/it/12 :\OT1/cmr/m/n/12 35)$ 

 []


Overfull \hbox (2.65274pt too wide) detected at line 929
$\OML/cmm/m/it/12 :\OT1/cmr/m/n/12 06 (0\OML/cmm/m/it/12 :\OT1/cmr/m/n/12 36)$ 

 []


Overfull \hbox (2.65274pt too wide) detected at line 930
$\OML/cmm/m/it/12 :\OT1/cmr/m/n/12 06 (0\OML/cmm/m/it/12 :\OT1/cmr/m/n/12 35)$ 

 []


Overfull \hbox (2.65274pt too wide) detected at line 931
$\OML/cmm/m/it/12 :\OT1/cmr/m/n/12 16 (0\OML/cmm/m/it/12 :\OT1/cmr/m/n/12 39)$ 

 []


Overfull \hbox (2.65274pt too wide) detected at line 931
$\OML/cmm/m/it/12 :\OT1/cmr/m/n/12 15 (0\OML/cmm/m/it/12 :\OT1/cmr/m/n/12 33)$ 

 []


Overfull \hbox (2.65274pt too wide) detected at line 932
$\OML/cmm/m/it/12 :\OT1/cmr/m/n/12 16 (0\OML/cmm/m/it/12 :\OT1/cmr/m/n/12 39)$ 

 []


Overfull \hbox (2.65274pt too wide) detected at line 933
$\OML/cmm/m/it/12 :\OT1/cmr/m/n/12 16 (0\OML/cmm/m/it/12 :\OT1/cmr/m/n/12 41)$ 

 []


Overfull \hbox (2.65274pt too wide) detected at line 934
$\OML/cmm/m/it/12 :\OT1/cmr/m/n/12 16 (0\OML/cmm/m/it/12 :\OT1/cmr/m/n/12 40)$ 

 []


Overfull \hbox (2.65274pt too wide) detected at line 935
$\OML/cmm/m/it/12 :\OT1/cmr/m/n/12 16 (0\OML/cmm/m/it/12 :\OT1/cmr/m/n/12 38)$ 

 []


Overfull \hbox (2.65274pt too wide) detected at line 936
$\OML/cmm/m/it/12 :\OT1/cmr/m/n/12 16 (0\OML/cmm/m/it/12 :\OT1/cmr/m/n/12 37)$ 

 []


Overfull \hbox (2.65274pt too wide) detected at line 937
$\OML/cmm/m/it/12 :\OT1/cmr/m/n/12 17 (0\OML/cmm/m/it/12 :\OT1/cmr/m/n/12 39)$ 

 []


Overfull \hbox (2.65274pt too wide) detected at line 938
$\OML/cmm/m/it/12 :\OT1/cmr/m/n/12 16 (0\OML/cmm/m/it/12 :\OT1/cmr/m/n/12 39)$ 

 []


Overfull \hbox (9.42285pt too wide) in paragraph at lines 912--943
 [][] 
 []


LaTeX Warning: Float too large for page by 74.71248pt on input line 943.


LaTeX Warning: `!h' float specifier changed to `!ht'.

[35] [36


] [37]

LaTeX Warning: Float too large for page by 79.42827pt on input line 1009.

[38]
Overfull \hbox (15.31587pt too wide) in alignment at lines 1039--1039
[][][][][][][] 
 []

[39


] [40] [41] [42] [43]
Underfull \hbox (badness 10000) in paragraph at lines 1094--1094
[]|\OT1/ptm/m/n/12 Multiple
 []


Overfull \hbox (1.0417pt too wide) in paragraph at lines 1097--1097
[]|[][]\OT1/pcr/m/n/12 IATanalytics
 []


Underfull \hbox (badness 10000) in paragraph at lines 1099--1099
[]|[][]\OT1/pcr/m/n/12 IATScore
 []


Underfull \hbox (badness 10000) in paragraph at lines 1103--1103
[]|[][]\OT1/pcr/m/n/12 IAT [][][]\OT1/ptm/m/n/12 Martin[],
 []


Underfull \hbox (badness 10000) in paragraph at lines 1109--1109
[]|[][]\OT1/pcr/m/n/12 IATScores
 []


Underfull \hbox (badness 10000) in paragraph at lines 1109--1109
[][][]\OT1/ptm/m/n/12 Costantini[],
 []

[44

] [45] [46

]
<resultsApp.png, id=1165, 944.02687pt x 671.50874pt>
File: resultsApp.png Graphic file (type png)
<use resultsApp.png>
Package pdftex.def Info: resultsApp.png  used on input line 1155.
(pdftex.def)             Requested size: 443.57848pt x 315.52718pt.
 [47] [48 <./resultsApp.png>]
<PointDefaultDscore3.pdf, id=1185, 1084.05pt x 505.89pt>
File: PointDefaultDscore3.pdf Graphic file (type pdf)
<use PointDefaultDscore3.pdf>
Package pdftex.def Info: PointDefaultDscore3.pdf  used on input line 1173.
(pdftex.def)             Requested size: 199.60895pt x 93.14818pt.
<HistogramDscore3.pdf, id=1186, 1084.05pt x 505.89pt>
File: HistogramDscore3.pdf Graphic file (type pdf)
<use HistogramDscore3.pdf>
Package pdftex.def Info: HistogramDscore3.pdf  used on input line 1178.
(pdftex.def)             Requested size: 199.60895pt x 93.14818pt.
<DensityDscore3.pdf, id=1187, 1084.05pt x 505.89pt>
File: DensityDscore3.pdf Graphic file (type pdf)
<use DensityDscore3.pdf>
Package pdftex.def Info: DensityDscore3.pdf  used on input line 1183.
(pdftex.def)             Requested size: 199.60895pt x 93.14818pt.
<HistDensDscore3.pdf, id=1188, 1084.05pt x 505.89pt>
File: HistDensDscore3.pdf Graphic file (type pdf)
<use HistDensDscore3.pdf>
Package pdftex.def Info: HistDensDscore3.pdf  used on input line 1188.
(pdftex.def)             Requested size: 199.60895pt x 93.14818pt.
 [49 <./PointDefaultDscore3.pdf> <./HistogramDscore3.pdf> <./DensityDscore3.pdf
> <./HistDensDscore3.pdf>]
Overfull \hbox (6.81729pt too wide) in paragraph at lines 1212--1213
\OT1/ptm/m/n/12 ([]$\OT1/pcr/m/n/12 https :// cran [] .r [] -project [] .org / 
web / packages / implicitMeasures / index []
 []

LaTeX Font Info:    Font shape `OT1/pcr/m/it' in size <12> not available
(Font)              Font shape `OT1/pcr/m/sl' tried instead on input line 1217.


LaTeX Warning: `!h' float specifier changed to `!ht'.

[50] [51] [52

]
Chapter 3.
[53] [54] [55] [56


] [57] [58] [59] [60] [61]

LaTeX Warning: Float too large for page by 37.11789pt on input line 1513.

[62] [63


] [64] [65] [66] [67] [68] [69] [70] [71] [72] [73] [74] [75] [76]
[77] [78

]
Chapter 4.

Overfull \hbox (16.09904pt too wide) in paragraph at lines 1752--1752
|\OT1/ptm/b/n/20.74 Rasch model, Log-normal model, and Lin-ear Mixed-
 []

[79] [80] [81]
<OnePL.pdf, id=1482, 794.97pt x 614.295pt>
File: OnePL.pdf Graphic file (type pdf)
<use OnePL.pdf>
Package pdftex.def Info: OnePL.pdf  used on input line 1802.
(pdftex.def)             Requested size: 199.60895pt x 154.23888pt.
<TwoPL.pdf, id=1483, 794.97pt x 614.295pt>
File: TwoPL.pdf Graphic file (type pdf)
<use TwoPL.pdf>
Package pdftex.def Info: TwoPL.pdf  used on input line 1807.
(pdftex.def)             Requested size: 199.60895pt x 154.23888pt.
<ThreePL.pdf, id=1484, 794.97pt x 614.295pt>
File: ThreePL.pdf Graphic file (type pdf)
<use ThreePL.pdf>
Package pdftex.def Info: ThreePL.pdf  used on input line 1812.
(pdftex.def)             Requested size: 199.60895pt x 154.23888pt.
<FourPL.pdf, id=1485, 794.97pt x 614.295pt>
File: FourPL.pdf Graphic file (type pdf)
<use FourPL.pdf>
Package pdftex.def Info: FourPL.pdf  used on input line 1817.
(pdftex.def)             Requested size: 199.60895pt x 154.23888pt.
 [82 <./OnePL.pdf> <./TwoPL.pdf> <./ThreePL.pdf> <./FourPL.pdf>]
[83]
Overfull \hbox (8.87881pt too wide) in paragraph at lines 1877--1877
[]|[]| 
 []


Overfull \hbox (20.88086pt too wide) in paragraph at lines 1872--1886
 [][] 
 []

[84] [85] [86] [87] [88] [89] [90] [91] [92] [93] [94] [95] [96] [97] [98]
[99] [100]
Overfull \hbox (6.49794pt too wide) in paragraph at lines 2196--2197
[]\OT1/ptm/m/n/12 Model A2 ac-counts for the within--stimuli between--condition
s vari-abil-ity and the between--
 []

[101]
Overfull \hbox (12.8493pt too wide) in paragraph at lines 2225--2228
\OT1/ptm/m/n/12 Model A3 ac-counts for the within--respondents between--conditi
ons vari-abil-ity and the between--
 []

[102] [103]
Overfull \hbox (5.16597pt too wide) in paragraph at lines 2287--2289
[]\OT1/ptm/m/n/12 Model T2 ac-counts for the within--stimuli between--condition
s vari-abil-ity and the between--
 []

[104] [105] [106] [107] [108] [109] [110]
Chapter 5.

Underfull \hbox (badness 10000) in paragraph at lines 2433--2433
[]|\OT1/ptm/m/n/12 Condition--
 []


Underfull \hbox (badness 10000) in paragraph at lines 2433--2433
[]|\OT1/ptm/m/n/12 Condition--
 []


Underfull \hbox (badness 10000) in paragraph at lines 2433--2433
[]|\OT1/ptm/m/n/12 Condition--
 []


Underfull \hbox (badness 10000) in paragraph at lines 2433--2433
[]|\OT1/ptm/m/n/12 Condition--
 []


Overfull \hbox (12.0pt too wide) in alignment at lines 2433--2433
[][][][][][] 
 []


LaTeX Warning: `!h' float specifier changed to `!ht'.

[111

] [112] [113] [114] [115] [116]
Overfull \hbox (1.98259pt too wide) in paragraph at lines 2528--2532
\OT1/ptm/m/n/12 De-viance = $\OT1/cmr/m/n/12 3777\OML/cmm/m/it/12 :\OT1/cmr/m/n
/12 87$\OT1/ptm/m/n/12 ). How-ever, the lat-ter one showed the low-est BIC valu
e ($\OT1/cmr/m/n/12 3813\OML/cmm/m/it/12 :\OT1/cmr/m/n/12 53$\OT1/ptm/m/n/12 , 
$\OT1/cmr/m/n/12 3825\OML/cmm/m/it/12 :\OT1/cmr/m/n/12 91$\OT1/ptm/m/n/12 ,
 []

[117]
Overfull \hbox (3.57292pt too wide) in paragraph at lines 2556--2556
[]|\OT1/ptm/b/n/10.95 happiness| 
 []


Overfull \hbox (40.90344pt too wide) in paragraph at lines 2546--2580
 [][] 
 []

[118

]
Overfull \hbox (22.35379pt too wide) in paragraph at lines 2582--2585
\OT1/ptm/m/n/12 specific eas-i-ness es-ti-mates[][][], high-light-ing a sig-nif
-i-cant ef-fect of the stim-u-lus cat-e-gories ($\OML/cmm/m/it/12 F\OT1/cmr/m/n
/12 (4\OML/cmm/m/it/12 ; \OT1/cmr/m/n/12 24) =
 []

[119

]

LaTeX Warning: Command \textendash invalid in math mode on input line 2612.


LaTeX Warning: Command \textendash invalid in math mode on input line 2612.


LaTeX Warning: Command \textendash invalid in math mode on input line 2612.


LaTeX Warning: Command \textendash invalid in math mode on input line 2612.

[120] [121] [122] [123] [124] [125] [126]
Overfull \hbox (3.57292pt too wide) in paragraph at lines 2752--2752
[]|\OT1/ptm/b/n/10.95 happiness| 
 []


Overfull \hbox (2.77385pt too wide) in paragraph at lines 2756--2756
[]|\OT1/ptm/m/n/10.95 marvelous| 
 []


Overfull \hbox (1.74435pt too wide) in paragraph at lines 2763--2763
[]|\OT1/ptm/m/it/10.95 wonderful| 
 []


Overfull \hbox (40.90344pt too wide) in paragraph at lines 2742--2782
 [][] 
 []


LaTeX Warning: Float too large for page by 78.63164pt on input line 2782.


LaTeX Warning: `!h' float specifier changed to `!ht'.

[127] [128


]
Overfull \hbox (23.35477pt too wide) in paragraph at lines 2821--2836
 [][] 
 []

[129]
Overfull \hbox (1.57988pt too wide) in paragraph at lines 2855--2900
\OT1/ptm/m/it/12 differential\OT1/ptm/m/n/12 ) and of the lin-ear com-bi-na-tio
n of their sin-gle com-po-nents (i.e., $\OML/cmm/m/it/12 M[]$ \OT1/ptm/m/n/12 a
nd $\OML/cmm/m/it/12 M[]$
 []


LaTeX Warning: `!h' float specifier changed to `!ht'.

[130] [131] [132] [133] [134

]
Chapter 6.
[135]
LaTeX Font Info:    Trying to load font information for OMS+ptm on input line 2
956.
 (C:\Users\huawei\AppData\Local\Programs\MiKTeX\tex/latex/psnfss\omsptm.fd
File: omsptm.fd 
)
LaTeX Font Info:    Font shape `OMS/ptm/m/n' in size <12> not available
(Font)              Font shape `OMS/cmsy/m/n' tried instead on input line 2956.

 [136] [137] [138]
Overfull \hbox (6.94514pt too wide) in paragraph at lines 3043--3046
\OT1/ptm/m/n/12 and across--measures vari-abil-ity and the within--respondents 
between--conditions and between--
 []

[139] [140] [141] [142] [143] [144

]
Chapter 7.

Overfull \hbox (3.46634pt too wide) in paragraph at lines 3156--3156
|\OT1/ptm/b/n/20.74 Multiple im-plicit mea-sures: Em-pir-i-cal ap-pli-ca-tions|
 
 []


Overfull \hbox (16.98647pt too wide) in alignment at lines 3191--3191
[][][][] 
 []


LaTeX Warning: `!h' float specifier changed to `!ht'.

[145] [146] [147]
Overfull \hbox (2.03378pt too wide) in paragraph at lines 3233--3235
[]\OT1/ptm/m/n/12 A step-wise ap-proach with for-ward se-lec-tion is fol-lowed,
 and \OT1/ptm/m/it/12 Nagelk-erke's R$[]$ [][]\OT1/ptm/m/n/12 Nagelkerke[],
 []

[148]
Underfull \hbox (badness 10000) in paragraph at lines 3286--3286
[]|\OT1/ptm/m/n/12 Dark
 []


Underfull \hbox (badness 10000) in paragraph at lines 3286--3286
[]|\OT1/ptm/m/n/12 Milk
 []


Overfull \hbox (10.52948pt too wide) in paragraph at lines 3290--3292
[]\OT1/ptm/m/n/12 Model A3 re-sulted as the best fit-ting model for all im-plic
it mea-sures. Re-spon-dent condition--
 []

[149] [150]
Overfull \hbox (5.67078pt too wide) in paragraph at lines 3355--3355
[]|\OT1/ptm/m/n/12 beautiful| 
 []


Overfull \hbox (7.55516pt too wide) in paragraph at lines 3355--3355
[]|\OT1/ptm/m/n/12 annoying| 
 []


Overfull \hbox (6.15079pt too wide) in paragraph at lines 3355--3355
[]|\OT1/ptm/m/n/12 excellent| 
 []


Overfull \hbox (10.33882pt too wide) in paragraph at lines 3355--3355
[]|\OT1/ptm/m/n/12 happiness| 
 []


Overfull \hbox (2.3349pt too wide) in paragraph at lines 3355--3355
[]|\OT1/ptm/m/n/12 laughter| 
 []


Overfull \hbox (1.00293pt too wide) in paragraph at lines 3355--3355
[]|\OT1/ptm/m/n/12 horrible| 
 []


Overfull \hbox (12.82289pt too wide) in paragraph at lines 3355--3355
[]|\OT1/ptm/m/n/12 marvelous| 
 []


Overfull \hbox (2.99483pt too wide) in paragraph at lines 3355--3355
[]|\OT1/ptm/m/n/12 pleasure| 
 []


Overfull \hbox (12.21103pt too wide) in paragraph at lines 3355--3355
[]|\OT1/ptm/m/n/12 wonderful| 
 []

[151

] [152

] [153]
Overfull \hbox (23.68333pt too wide) in paragraph at lines 3406--3448
 [][] 
 []


LaTeX Warning: `!h' float specifier changed to `!ht'.

[154] [155] [156] [157]
Overfull \hbox (12.0pt too wide) in alignment at lines 3485--3490
 [] [] [] [] [] [] [] [] [] 
 []


Underfull \hbox (badness 2932) in paragraph at lines 3499--3499
[]|\OT1/ptm/m/n/10 Dark SC-
 []


Underfull \hbox (badness 4084) in paragraph at lines 3506--3506
[]|\OT1/ptm/m/n/10 Milk SC-
 []


Overfull \hbox (12.0pt too wide) in alignment at lines 3490--3511
 [] [] [] [] [] [] [] [] [] 
 []


Underfull \hbox (badness 2932) in paragraph at lines 3522--3522
[]|\OT1/ptm/m/n/10 Dark SC-
 []


Underfull \hbox (badness 4084) in paragraph at lines 3528--3528
[]|\OT1/ptm/m/n/10 Milk SC-
 []


Overfull \hbox (12.0pt too wide) in alignment at lines 3511--3533
 [] [] [] [] [] [] [] [] [] 
 []


Overfull \hbox (12.0pt too wide) in alignment at lines 3533--3536
 [] [] [] [] [] [] [] [] [] 
 []

[158

] [159]
Overfull \hbox (15.25015pt too wide) detected at line 3568
$\OML/cmm/m/it/12 :\OT1/cmr/m/n/12 03 []$ 
 []


Overfull \hbox (15.25015pt too wide) detected at line 3569
$\OML/cmm/m/it/12 :\OT1/cmr/m/n/12 55 []$ 
 []


Overfull \hbox (9.00012pt too wide) detected at line 3571
$\OML/cmm/m/it/12 :\OT1/cmr/m/n/12 01$$[]$$$ 
 []


Overfull \hbox (4.75006pt too wide) detected at line 3572
$\OML/cmm/m/it/12 :\OT1/cmr/m/n/12 01$$[]$$$ 
 []


Overfull \hbox (15.25015pt too wide) detected at line 3575
$\OML/cmm/m/it/12 :\OT1/cmr/m/n/12 97 []$ 
 []


Overfull \hbox (15.25015pt too wide) detected at line 3576
$\OML/cmm/m/it/12 :\OT1/cmr/m/n/12 66 []$ 
 []


Overfull \hbox (11.00009pt too wide) detected at line 3578
$\OML/cmm/m/it/12 :\OT1/cmr/m/n/12 83 []$ 
 []


Overfull \hbox (15.25015pt too wide) detected at line 3579
$\OML/cmm/m/it/12 :\OT1/cmr/m/n/12 77 []$ 
 []


Overfull \hbox (6.75003pt too wide) detected at line 3580
$\OML/cmm/m/it/12 :\OT1/cmr/m/n/12 49 []$ 
 []


Overfull \hbox (15.25015pt too wide) detected at line 3583
$\OML/cmm/m/it/12 :\OT1/cmr/m/n/12 95 []$ 
 []


Overfull \hbox (15.25015pt too wide) detected at line 3584
$\OML/cmm/m/it/12 :\OT1/cmr/m/n/12 57 []$ 
 []


Overfull \hbox (6.75003pt too wide) detected at line 3586
$\OML/cmm/m/it/12 :\OT1/cmr/m/n/12 45 []$ 
 []


Overfull \hbox (15.25015pt too wide) detected at line 3587
$\OML/cmm/m/it/12 :\OT1/cmr/m/n/12 99 []$ 
 []


Overfull \hbox (6.75003pt too wide) detected at line 3588
$\OML/cmm/m/it/12 :\OT1/cmr/m/n/12 29 []$ 
 []


Overfull \hbox (12.0pt too wide) in paragraph at lines 3561--3592
 [][] 
 []


LaTeX Warning: `!h' float specifier changed to `!ht'.

[160

]

LaTeX Warning: Text page 161 contains only floats.

[161] [162] [163] [164]
Chapter 8.
[165

] [166] [167] [168] [169] [170] [171] [172] [173] [174] [175] [176]
[177] [178] [179] [180] [181] [182]
Appendix A.
LaTeX Font Info:    Trying to load font information for TS1+ptm on input line 3
901.
(C:\Users\huawei\AppData\Local\Programs\MiKTeX\tex/latex/psnfss\ts1ptm.fd
File: ts1ptm.fd 2001/06/04 font definitions for TS1/ptm.
)
[183

]
Overfull \hbox (1.79428pt too wide) in paragraph at lines 3917--3920
[]\OT1/ptm/m/n/12 The Rasch and log-normal mod-els es-ti-mates were ob-tained w
ith the \OT1/pcr/m/n/12 lme4 \OT1/ptm/m/n/12 pack-age [][]Bates,
 []

[184]
Overfull \hbox (29.46535pt too wide) in paragraph at lines 3939--3940
[][][][][][][][][][][][][][][][][][][][][][][][][][][][][][][][][][][][][] 
 []


Overfull \hbox (10.10141pt too wide) in paragraph at lines 3945--3947
\OT1/ptm/m/n/12 spon-dents across the as-so-cia-tive con-di-tions (\OT1/pcr/m/n
/12 (1|subject)\OT1/ptm/m/n/12 ), and the within--stimuli between--
 []

[185]
LaTeX Font Info:    Trying to load font information for TS1+pcr on input line 3
985.
 (C:\Users\huawei\AppData\Local\Programs\MiKTeX\tex/latex/psnfss\ts1pcr.fd
File: ts1pcr.fd 2001/06/04 font definitions for TS1/pcr.
)
Overfull \hbox (16.32524pt too wide) in paragraph at lines 3985--3986
[][][][][][][][][][][][][][][][][][][][][][][][][][][][][][][][][][][][][][][] 

 []


Overfull \hbox (36.0354pt too wide) in paragraph at lines 3986--3987
[][][][][][][][][][][][][][][][][][][][][][][][][][][][][][][][][][][][][][][][
][][][][][][][][][] 
 []


Overfull \hbox (16.32524pt too wide) in paragraph at lines 3993--3994
[][][][][][][][][][][][][][][][][][][][][][][][][][][][][][][][][][][][][][][] 

 []


Overfull \hbox (42.60545pt too wide) in paragraph at lines 3994--3995
[][][][][][][][][][][][][][][][][][][][][][][][][][][][][][][][][][][][][][][][
][][][][][][][][][] 
 []


Overfull \hbox (22.8953pt too wide) in paragraph at lines 4003--4004
[][][][][][][][][][][][][][][][][][][][][][][][][][][][][][][][][][][][][][][][
][][][][][][][][][][][][][][][] 
 []

[186]
Overfull \hbox (29.46535pt too wide) in paragraph at lines 4011--4012
[][][][][][][][][][][][][][][][][][][][][][][][][][][][][][][][][][][][][][][][
][][][][][][][][][] 
 []


Overfull \hbox (9.75519pt too wide) in paragraph at lines 4012--4014
[][][][][][][][][][][][][][][][][][][][][][][] 
 []


Overfull \hbox (16.32524pt too wide) in paragraph at lines 4019--4020
[][][][][][][][][][][][][][][][][][][][][][][][][][][][][][][][][][][][][][][][
][][][][][][][][][][][][][][][] 
 []


Overfull \hbox (36.0354pt too wide) in paragraph at lines 4029--4030
[][][][][][][][][][][][][][][][][][][][][][][][][][][][][][][][][][][][][][][][
][][][][][][][][][] 
 []


Overfull \hbox (16.32524pt too wide) in paragraph at lines 4030--4032
[][][][][][][][][][][][][][][][][][][][][][][] 
 []


Overfull \hbox (15.87578pt too wide) in paragraph at lines 4036--4038
\OT1/ptm/m/n/12 (from \OT1/pcr/m/n/12 glmer() \OT1/ptm/m/n/12 to \OT1/pcr/m/n/1
2 lmer()\OT1/ptm/m/n/12 ) and the de-pen-dent vari-able (from \OT1/pcr/m/n/12 c
orrect \OT1/ptm/m/n/12 to \OT1/pcr/m/n/12 log(latency)\OT1/ptm/m/n/12 ).
 []

[187]
Overfull \hbox (3.18513pt too wide) in paragraph at lines 4059--4060
[][][][][][][][][][][][][][][][][][][][][][][][][][][][][][][][][][][][][][][][
][][][][][][][][][][][][][][][] 
 []


Overfull \hbox (42.60545pt too wide) in paragraph at lines 4068--4069
[][][][][][][][][][][][][][][][][][][][][][][][][][][][][][][][][][][][][][][][
][][][][][][][][][] 
 []

[188]
Appendix B.
[189

] [190]
Overfull \hbox (16.32524pt too wide) in paragraph at lines 4119--4120
[][][][][][][][][][][][][][][][][][][][][][][][][][][][][][][][][][][][][] 
 []


Overfull \hbox (6.4889pt too wide) in paragraph at lines 4139--4143
\OT1/ptm/m/n/12 uli across as-so-cia-tive con-di-tions and im-plicit mea-sures 
(\OT1/pcr/m/n/12 (1|stimuli)\OT1/ptm/m/n/12 ). The within--subjects
 []

[191]
Overfull \hbox (16.32524pt too wide) in paragraph at lines 4170--4171
[][][][][][][][][][][][][][][][][][][][][][][][][][][][][][][][][][][][][][][] 

 []


Overfull \hbox (29.46535pt too wide) in paragraph at lines 4171--4172
[][][][][][][][][][][][][][][][][][][][][][][][][][][][][][][][][][][][][][][][
][][][][][][][][][] 
 []


Overfull \hbox (16.32524pt too wide) in paragraph at lines 4178--4179
[][][][][][][][][][][][][][][][][][][][][][][][][][][][][][][][][][][][][][][] 

 []


Overfull \hbox (42.60545pt too wide) in paragraph at lines 4179--4180
[][][][][][][][][][][][][][][][][][][][][][][][][][][][][][][][][][][][][][][][
][][][][][][][][][] 
 []

[192]
Overfull \hbox (36.0354pt too wide) in paragraph at lines 4188--4189
[][][][][][][][][][][][][][][][][][][][][][][][][][][][][][][][][][][][][][][][
][][][][][][][][][][][][][][][] 
 []


Overfull \hbox (36.0354pt too wide) in paragraph at lines 4196--4197
[][][][][][][][][][][][][][][][][][][][][][][][][][][][][][][][][][][][][][][][
][][][][][][][][][] 
 []


Overfull \hbox (16.32524pt too wide) in paragraph at lines 4205--4206
[][][][][][][][][][][][][][][][][][][][][][][][][][][][][][][][][][][][][][][][
][][][][][][][][][][][][][][][] 
 []


Overfull \hbox (36.0354pt too wide) in paragraph at lines 4213--4214
[][][][][][][][][][][][][][][][][][][][][][][][][][][][][][][][][][][][][][][][
][][][][][][][][][] 
 []

[193]
Overfull \hbox (3.18513pt too wide) in paragraph at lines 4246--4247
[][][][][][][][][][][][][][][][][][][][][][][][][][][][][][][][][][][][][][][][
][][][][][][][][][][][][][][][] 
 []


Overfull \hbox (42.60545pt too wide) in paragraph at lines 4254--4255
[][][][][][][][][][][][][][][][][][][][][][][][][][][][][][][][][][][][][][][][
][][][][][][][][][] 
 []


Overfull \hbox (9.75514pt too wide) in paragraph at lines 4255--4256
[][][][][][][][][][][][][][][][][][][][][][][][] 
 []

[194] (EpifaniaPhDThesis.bbl [195


] [196] [197]
Underfull \hbox (badness 10000) in paragraph at lines 1017--1038
\OT1/pcr/m/n/12 articles / preprint / Implicit [] []social [] []cognition [] []
through [] []years []
 []


Underfull \hbox (badness 10000) in paragraph at lines 1054--1075
\OT1/pcr/m/n/12 articles / preprint / Rasch [] []gone [] []mixed [] []A [] []mi
xed [] []model [] []approach [] []to []
 []

[198] [199] [200] [201] [202] [203]) [204] (EpifaniaPhDThesis.aux)
Package rerunfilecheck Info: File `EpifaniaPhDThesis.out' has not changed.
(rerunfilecheck)             Checksum: 17781796E2678036F5E03575B56530A4;6247.


LaTeX Warning: There were multiply-defined labels.

 ) 
Here is how much of TeX's memory you used:
 36697 strings out of 480236
 674185 string characters out of 2880084
 1158993 words of memory out of 3000000
 51934 multiletter control sequences out of 15000+200000
 589135 words of font info for 144 fonts, out of 3000000 for 9000
 1141 hyphenation exceptions out of 8191
 108i,17n,122p,2175b,3660s stack positions out of 5000i,500n,10000p,200000b,50000s
pdfTeX warning (dest): name{Hfootnote.3} has been referenced but does not exi
st, replaced by a fixed one

pdfTeX warning (dest): name{Hfootnote.2} has been referenced but does not exist
, replaced by a fixed one

pdfTeX warning (dest): name{Hfootnote.1} has been referenced but does not exist
, replaced by a fixed one

{C:/Users/huawei/AppData/Local/Programs/MiKTeX/fonts/enc/dvips/base/8r.enc}<C:/
Users/huawei/AppData/Local/Programs/MiKTeX/fonts/type1/public/amsfonts/cm/cmbx1
2.pfb><C:/Users/huawei/AppData/Local/Programs/MiKTeX/fonts/type1/public/amsfont
s/cm/cmex10.pfb><C:/Users/huawei/AppData/Local/Programs/MiKTeX/fonts/type1/publ
ic/amsfonts/cm/cmmi10.pfb><C:/Users/huawei/AppData/Local/Programs/MiKTeX/fonts/
type1/public/amsfonts/cm/cmmi12.pfb><C:/Users/huawei/AppData/Local/Programs/MiK
TeX/fonts/type1/public/amsfonts/cm/cmmi6.pfb><C:/Users/huawei/AppData/Local/Pro
grams/MiKTeX/fonts/type1/public/amsfonts/cm/cmmi8.pfb><C:/Users/huawei/AppData/
Local/Programs/MiKTeX/fonts/type1/public/amsfonts/cm/cmmib10.pfb><C:/Users/huaw
ei/AppData/Local/Programs/MiKTeX/fonts/type1/public/amsfonts/cm/cmr10.pfb><C:/U
sers/huawei/AppData/Local/Programs/MiKTeX/fonts/type1/public/amsfonts/cm/cmr12.
pfb><C:/Users/huawei/AppData/Local/Programs/MiKTeX/fonts/type1/public/amsfonts/
cm/cmr8.pfb><C:/Users/huawei/AppData/Local/Programs/MiKTeX/fonts/type1/public/a
msfonts/cm/cmsy10.pfb><C:/Users/huawei/AppData/Local/Programs/MiKTeX/fonts/type
1/public/amsfonts/cm/cmsy7.pfb><C:/Users/huawei/AppData/Local/Programs/MiKTeX/f
onts/type1/public/amsfonts/cm/cmsy8.pfb><C:/Users/huawei/AppData/Local/Programs
/MiKTeX/fonts/type1/urw/courier/ucrb8a.pfb><C:/Users/huawei/AppData/Local/Progr
ams/MiKTeX/fonts/type1/urw/courier/ucrr8a.pfb><C:/Users/huawei/AppData/Local/Pr
ograms/MiKTeX/fonts/type1/urw/courier/ucrro8a.pfb><C:/Users/huawei/AppData/Loca
l/Programs/MiKTeX/fonts/type1/urw/times/utmb8a.pfb><C:/Users/huawei/AppData/Loc
al/Programs/MiKTeX/fonts/type1/urw/times/utmbi8a.pfb><C:/Users/huawei/AppData/L
ocal/Programs/MiKTeX/fonts/type1/urw/times/utmr8a.pfb><C:/Users/huawei/AppData/
Local/Programs/MiKTeX/fonts/type1/urw/times/utmr8a.pfb><C:/Users/huawei/AppData
/Local/Programs/MiKTeX/fonts/type1/urw/times/utmri8a.pfb>
Output written on EpifaniaPhDThesis.pdf (222 pages, 5314306 bytes).
PDF statistics:
 2800 PDF objects out of 2984 (max. 8388607)
 617 named destinations out of 1000 (max. 500000)
 761 words of extra memory for PDF output out of 10000 (max. 10000000)

