\BOOKMARK [0][-]{chapter*.2}{Preface}{}% 1
\BOOKMARK [0][-]{chapter.1}{Psychological\040implicit\040assessment}{}% 2
\BOOKMARK [1][-]{section.1.1}{Automatic\040and\040controlled\040processes}{chapter.1}% 3
\BOOKMARK [1][-]{section.1.2}{The\040Implicit\040Association\040Test}{chapter.1}% 4
\BOOKMARK [2][-]{subsection.1.2.1}{Fields\040of\040application}{section.1.2}% 5
\BOOKMARK [1][-]{section.1.3}{The\040Single-Category\040Implicit\040Association\040Test}{chapter.1}% 6
\BOOKMARK [1][-]{section.1.4}{Fully-crossed\040design}{chapter.1}% 7
\BOOKMARK [2][-]{subsection.1.4.1}{More\040than\040one\040implicit\040measure}{section.1.4}% 8
\BOOKMARK [0][-]{chapter.2}{Typical\040scoring\040of\040implicit\040measures}{}% 9
\BOOKMARK [1][-]{section.2.1}{The\040IAT\040D\040score}{chapter.2}% 10
\BOOKMARK [1][-]{section.2.2}{The\040SC-IAT\040D\040score}{chapter.2}% 11
\BOOKMARK [1][-]{section.2.3}{A\040fairer\040comparison\040between\040the\040IAT\040and\040the\040SC-IAT}{chapter.2}% 12
\BOOKMARK [2][-]{subsection.2.3.1}{Method}{section.2.3}% 13
\BOOKMARK [2][-]{subsection.2.3.2}{Data\040analysis}{section.2.3}% 14
\BOOKMARK [2][-]{subsection.2.3.3}{Results}{section.2.3}% 15
\BOOKMARK [2][-]{subsection.2.3.4}{Final\040remarks}{section.2.3}% 16
\BOOKMARK [1][-]{section.2.4}{R\040development}{chapter.2}% 17
\BOOKMARK [2][-]{subsection.2.4.1}{DscoreApp}{section.2.4}% 18
\BOOKMARK [2][-]{subsection.2.4.2}{The\040implicitMeasures\040package}{section.2.4}% 19
\BOOKMARK [0][-]{chapter.3}{Formal\040modeling}{}% 20
\BOOKMARK [1][-]{section.3.1}{Multinomial\040Models}{chapter.3}% 21
\BOOKMARK [2][-]{subsection.3.1.1}{The\040Quad\040Model}{section.3.1}% 22
\BOOKMARK [2][-]{subsection.3.1.2}{The\040ReAL\040Model}{section.3.1}% 23
\BOOKMARK [1][-]{section.3.2}{Time\040and\040Accuracy\040models}{chapter.3}% 24
\BOOKMARK [2][-]{subsection.3.2.1}{The\040Diffusion\040Model}{section.3.2}% 25
\BOOKMARK [2][-]{subsection.3.2.2}{The\040Discrimination-Association\040Model}{section.3.2}% 26
\BOOKMARK [1][-]{section.3.3}{Rasch\040Modeling}{chapter.3}% 27
\BOOKMARK [1][-]{section.3.4}{Common\040features,\040advantages,\040and\040drawbacks}{chapter.3}% 28
\BOOKMARK [0][-]{chapter.4}{Rasch,\040Log-normal,\040and\040Linear\040Mixed-Effects\040models}{}% 29
\BOOKMARK [1][-]{section.4.1}{Modeling\040dichotomous\040responses}{chapter.4}% 30
\BOOKMARK [2][-]{subsection.4.1.1}{The\040Rasch\040model}{section.4.1}% 31
\BOOKMARK [1][-]{section.4.2}{Modeling\040time\040responses}{chapter.4}% 32
\BOOKMARK [2][-]{subsection.4.2.1}{The\040log-normal\040model}{section.4.2}% 33
\BOOKMARK [1][-]{section.4.3}{Linear\040Mixed-Effects\040Models}{chapter.4}% 34
\BOOKMARK [2][-]{subsection.4.3.1}{Generalized\040Linear\040Mixed-Effects\040Model\040and\040Rasch\040Model}{section.4.3}% 35
\BOOKMARK [1][-]{section.4.4}{Random\040structures}{chapter.4}% 36
\BOOKMARK [2][-]{subsection.4.4.1}{Generalized\040Linear\040Mixed-Effects\040Models}{section.4.4}% 37
\BOOKMARK [2][-]{subsection.4.4.2}{Linear\040Mixed-Effects\040Models}{section.4.4}% 38
\BOOKMARK [1][-]{section.4.5}{Other\040random\040structures}{chapter.4}% 39
\BOOKMARK [0][-]{chapter.5}{Applications\040of\040\(G\)LMMs\040to\040IAT\040data}{}% 40
\BOOKMARK [1][-]{section.5.1}{Race\040IAT}{chapter.5}% 41
\BOOKMARK [2][-]{subsection.5.1.1}{Method}{section.5.1}% 42
\BOOKMARK [2][-]{subsection.5.1.2}{Data\040analysis}{section.5.1}% 43
\BOOKMARK [2][-]{subsection.5.1.3}{Results}{section.5.1}% 44
\BOOKMARK [2][-]{subsection.5.1.4}{Final\040remarks}{section.5.1}% 45
\BOOKMARK [1][-]{section.5.2}{Chocolate\040IAT}{chapter.5}% 46
\BOOKMARK [2][-]{subsection.5.2.1}{Method}{section.5.2}% 47
\BOOKMARK [2][-]{subsection.5.2.2}{Data\040analysis}{section.5.2}% 48
\BOOKMARK [2][-]{subsection.5.2.3}{Results}{section.5.2}% 49
\BOOKMARK [2][-]{subsection.5.2.4}{Final\040remarks}{section.5.2}% 50
\BOOKMARK [0][-]{chapter.6}{Multiple\040implicit\040measures:\040Models\040specification}{}% 51
\BOOKMARK [1][-]{section.6.1}{Single\040measures\040models}{chapter.6}% 52
\BOOKMARK [1][-]{section.6.2}{Comprehensive\040models}{chapter.6}% 53
\BOOKMARK [2][-]{subsection.6.2.1}{Comprehensive\040GLMMs}{section.6.2}% 54
\BOOKMARK [2][-]{subsection.6.2.2}{Comprehensive\040LMMs}{section.6.2}% 55
\BOOKMARK [0][-]{chapter.7}{Multiple\040implicit\040measures:\040Empirical\040applications}{}% 56
\BOOKMARK [1][-]{section.7.1}{Method}{chapter.7}% 57
\BOOKMARK [1][-]{section.7.2}{Data\040analysis}{chapter.7}% 58
\BOOKMARK [1][-]{section.7.3}{Results}{chapter.7}% 59
\BOOKMARK [2][-]{subsection.7.3.1}{Single\040measures\040models}{section.7.3}% 60
\BOOKMARK [2][-]{subsection.7.3.2}{Comprehensive\040models}{section.7.3}% 61
\BOOKMARK [2][-]{subsection.7.3.3}{Relationship\040between\040model\040estimates\040and\040typical\040scoring}{section.7.3}% 62
\BOOKMARK [2][-]{subsection.7.3.4}{Prediction\040of\040a\040behavioral\040outcome}{section.7.3}% 63
\BOOKMARK [1][-]{section.7.4}{Final\040remarks}{chapter.7}% 64
\BOOKMARK [0][-]{chapter.8}{In\040the\040end}{}% 65
\BOOKMARK [1][-]{section.8.1}{The\040sound\040path}{chapter.8}% 66
\BOOKMARK [1][-]{section.8.2}{The\040fair\040path}{chapter.8}% 67
\BOOKMARK [1][-]{section.8.3}{Limitations\040and\040future\040directions}{chapter.8}% 68
\BOOKMARK [1][-]{section.8.4}{In\040the\040end}{chapter.8}% 69
\BOOKMARK [0][-]{appendix.A}{Appendix\040A}{}% 70
\BOOKMARK [1][-]{section.A.1}{Accuracy\040models\040specification}{appendix.A}% 71
\BOOKMARK [2][-]{subsection.A.1.1}{Model\040estimation}{section.A.1}% 72
\BOOKMARK [2][-]{subsection.A.1.2}{Rasch\040model\040parameters}{section.A.1}% 73
\BOOKMARK [1][-]{section.A.2}{Log-time\040models\040specification}{appendix.A}% 74
\BOOKMARK [2][-]{subsection.A.2.1}{Log-normal\040model\040parameters}{section.A.2}% 75
\BOOKMARK [0][-]{appendix.B}{Appendix\040B}{}% 76
\BOOKMARK [1][-]{section.B.1}{Accuracy\040models\040specification}{appendix.B}% 77
\BOOKMARK [2][-]{subsection.B.1.1}{Model\040estimation}{section.B.1}% 78
\BOOKMARK [2][-]{subsection.B.1.2}{Rasch\040model\040parameters}{section.B.1}% 79
\BOOKMARK [1][-]{section.B.2}{Log-time\040models\040specification}{appendix.B}% 80
\BOOKMARK [2][-]{subsection.B.2.1}{Log-normal\040model\040parameters}{section.B.2}% 81
\BOOKMARK [0][-]{appendix*.32}{References}{}% 82
