This is pdfTeX, Version 3.14159265-2.6-1.40.19 (MiKTeX 2.9.6880 64-bit) (preloaded format=pdflatex 2018.12.5)  13 OCT 2020 19:04
entering extended mode
**./preface.tex
(preface.tex
LaTeX2e <2018-04-01> patch level 5
("C:\Users\huawei\AppData\Local\Programs\MiKTeX 2.9\tex\latex\base\book.cls"
Document Class: book 2014/09/29 v1.4h Standard LaTeX document class
("C:\Users\huawei\AppData\Local\Programs\MiKTeX 2.9\tex\latex\base\bk10.clo"
File: bk10.clo 2014/09/29 v1.4h Standard LaTeX file (size option)
)
\c@part=\count80
\c@chapter=\count81
\c@section=\count82
\c@subsection=\count83
\c@subsubsection=\count84
\c@paragraph=\count85
\c@subparagraph=\count86
\c@figure=\count87
\c@table=\count88
\abovecaptionskip=\skip41
\belowcaptionskip=\skip42
\bibindent=\dimen102
)
(preface.aux)
\openout1 = `preface.aux'.

LaTeX Font Info:    Checking defaults for OML/cmm/m/it on input line 3.
LaTeX Font Info:    ... okay on input line 3.
LaTeX Font Info:    Checking defaults for T1/cmr/m/n on input line 3.
LaTeX Font Info:    ... okay on input line 3.
LaTeX Font Info:    Checking defaults for OT1/cmr/m/n on input line 3.
LaTeX Font Info:    ... okay on input line 3.
LaTeX Font Info:    Checking defaults for OMS/cmsy/m/n on input line 3.
LaTeX Font Info:    ... okay on input line 3.
LaTeX Font Info:    Checking defaults for OMX/cmex/m/n on input line 3.
LaTeX Font Info:    ... okay on input line 3.
LaTeX Font Info:    Checking defaults for U/cmr/m/n on input line 3.
LaTeX Font Info:    ... okay on input line 3.

Chapter 1.

LaTeX Warning: Citation `judd2012' on page 1 undefined on input line 14.


LaTeX Warning: Citation `<' on page 1 undefined on input line 23.


LaTeX Warning: Citation `<' on page 1 undefined on input line 23.


LaTeX Warning: Citation `VanDerLinden2009' on page 1 undefined on input line 27
.


Overfull \hbox (21.26343pt too wide) in paragraph at lines 23--30
\OT1/cmr/m/n/10 and on its sin-gle cat-e-gory ver-sion, the Sin-gle Cat-e-gory 
IAT [[]]SC-IAT;>karpinski2006.
 []

[1


{C:/Users/huawei/AppData/Local/MiKTeX/2.9/pdftex/config/pdftex.map}]

LaTeX Warning: Citation `DeBoeck2011' on page 2 undefined on input line 31.


LaTeX Warning: Reference `sec:cross' on page 2 undefined on input line 33.


LaTeX Warning: Citation `wols2017' on page 2 undefined on input line 40.

[2]

LaTeX Warning: Citation `karpinski2006' on page 3 undefined on input line 70.


LaTeX Warning: Reference `chap:intro' on page 3 undefined on input line 71.

[3]

LaTeX Warning: Reference `chap:classicscore' on page 4 undefined on input line 
75.


LaTeX Warning: Reference `chap:classicscore' on page 4 undefined on input line 
88.


LaTeX Warning: Citation `ellithorpe2015' on page 4 undefined on input line 91.


LaTeX Warning: Reference `chap:formalModel' on page 4 undefined on input line 1
03.


LaTeX Warning: Citation `Conrey2005' on page 4 undefined on input line 105.


LaTeX Warning: Citation `Meissner2013' on page 4 undefined on input line 105.


LaTeX Warning: Citation `Klauer2007' on page 4 undefined on input line 105.


LaTeX Warning: Citation `stefanutti2013' on page 4 undefined on input line 105.


[4]

LaTeX Warning: Citation `<' on page 5 undefined on input line 109.


LaTeX Warning: Reference `chap:modelsIAT' on page 5 undefined on input line 114
.


LaTeX Warning: Reference `chap:modelsIAT' on page 5 undefined on input line 118
.


LaTeX Warning: Reference `chap:formalModel' on page 5 undefined on input line 1
19.

[5]

LaTeX Warning: Reference `chap:modelsIAT' on page 6 undefined on input line 127
.


LaTeX Warning: Reference `chap:modelsIAT' on page 6 undefined on input line 133
.


LaTeX Warning: Reference `chap:IATempirical' on page 6 undefined on input line 
133.

[6]

LaTeX Warning: Reference `chap:classicscore' on page 7 undefined on input line 
148.


LaTeX Warning: Reference `chap:classicscore' on page 7 undefined on input line 
150.


LaTeX Warning: Reference `chap:intro' on page 7 undefined on input line 152.


LaTeX Warning: Reference `chap:comprehensiveModels' on page 7 undefined on inpu
t line 156.


LaTeX Warning: Reference `chap:modelsIAT' on page 7 undefined on input line 156
.


LaTeX Warning: Reference `chap:comprehensiveModels' on page 7 undefined on inpu
t line 160.


LaTeX Warning: Reference `chap:comprehensiveApplications' on page 7 undefined o
n input line 160.


LaTeX Warning: Reference `chap:classicscore' on page 7 undefined on input line 
160.


LaTeX Warning: Reference `chap:modelsIAT' on page 7 undefined on input line 161
.

[7]

LaTeX Warning: Reference `chap:conclusions' on page 8 undefined on input line 1
67.

[8] (preface.aux)

LaTeX Warning: There were undefined references.

 ) 
Here is how much of TeX's memory you used:
 247 strings out of 492969
 2940 string characters out of 3126142
 67157 words of memory out of 3000000
 4201 multiletter control sequences out of 15000+200000
 5728 words of font info for 21 fonts, out of 3000000 for 9000
 1141 hyphenation exceptions out of 8191
 23i,5n,22p,928b,141s stack positions out of 5000i,500n,10000p,200000b,50000s
<C:/Users/huawei/AppData/Local/Programs/MiKTeX 2.9/fonts/type1/public/amsfont
s/cm/cmbx10.pfb><C:/Users/huawei/AppData/Local/Programs/MiKTeX 2.9/fonts/type1/
public/amsfonts/cm/cmbx12.pfb><C:/Users/huawei/AppData/Local/Programs/MiKTeX 2.
9/fonts/type1/public/amsfonts/cm/cmr10.pfb><C:/Users/huawei/AppData/Local/Progr
ams/MiKTeX 2.9/fonts/type1/public/amsfonts/cm/cmsl10.pfb><C:/Users/huawei/AppDa
ta/Local/Programs/MiKTeX 2.9/fonts/type1/public/amsfonts/cm/cmti10.pfb><C:/User
s/huawei/AppData/Local/Programs/MiKTeX 2.9/fonts/type1/public/amsfonts/cm/cmtt1
0.pfb>
Output written on preface.pdf (8 pages, 99044 bytes).
PDF statistics:
 53 PDF objects out of 1000 (max. 8388607)
 0 named destinations out of 1000 (max. 500000)
 1 words of extra memory for PDF output out of 10000 (max. 10000000)

