This is pdfTeX, Version 3.14159265-2.6-1.40.21 (MiKTeX 20.10) (preloaded format=pdflatex 2020.10.14)  14 NOV 2020 13:47
entering extended mode
**./Section2.tex
(Section2.tex
LaTeX2e <2020-10-01> patch level 1
L3 programming layer <2020-10-05> xparse <2020-03-03>
(C:\Users\huawei\AppData\Local\Programs\MiKTeX\tex/latex/base\book.cls
Document Class: book 2020/04/10 v1.4m Standard LaTeX document class
(C:\Users\huawei\AppData\Local\Programs\MiKTeX\tex/latex/base\bk12.clo
File: bk12.clo 2020/04/10 v1.4m Standard LaTeX file (size option)
)
\c@part=\count175
\c@chapter=\count176
\c@section=\count177
\c@subsection=\count178
\c@subsubsection=\count179
\c@paragraph=\count180
\c@subparagraph=\count181
\c@figure=\count182
\c@table=\count183
\abovecaptionskip=\skip47
\belowcaptionskip=\skip48
\bibindent=\dimen138
)
(C:\Users\huawei\AppData\Local\Programs\MiKTeX\tex/latex/standalone\standalone.
sty
Package: standalone 2018/03/26 v1.3a Package to include TeX sub-files with prea
mbles
 (C:\Users\huawei\AppData\Local\Programs\MiKTeX\tex/latex/tools\shellesc.sty
Package: shellesc 2019/11/08 v1.0c unified shell escape interface for LaTeX
Package shellesc Info: Unrestricted shell escape enabled on input line 75.
) (C:\Users\huawei\AppData\Local\Programs\MiKTeX\tex/generic/iftex\ifluatex.sty
Package: ifluatex 2019/10/25 v1.5 ifluatex legacy package. Use iftex instead.
(C:\Users\huawei\AppData\Local\Programs\MiKTeX\tex/generic/iftex\iftex.sty
Package: iftex 2020/03/06 v1.0d TeX engine tests
))
(C:\Users\huawei\AppData\Local\Programs\MiKTeX\tex/latex/xkeyval\xkeyval.sty
Package: xkeyval 2014/12/03 v2.7a package option processing (HA)

(C:\Users\huawei\AppData\Local\Programs\MiKTeX\tex/generic/xkeyval\xkeyval.tex
(C:\Users\huawei\AppData\Local\Programs\MiKTeX\tex/generic/xkeyval\xkvutils.tex
\XKV@toks=\toks15
\XKV@tempa@toks=\toks16
(C:\Users\huawei\AppData\Local\Programs\MiKTeX\tex/generic/xkeyval\keyval.tex))
\XKV@depth=\count184
File: xkeyval.tex 2014/12/03 v2.7a key=value parser (HA)
))
(C:\Users\huawei\AppData\Local\Programs\MiKTeX\tex/latex/currfile\currfile.sty
Package: currfile 2020/09/29 v0.7d Provides the file path elements of the curre
nt input file

(C:\Users\huawei\AppData\Local\Programs\MiKTeX\tex/latex/kvoptions\kvoptions.st
y
Package: kvoptions 2019/11/29 v3.13 Key value format for package options (HO)

(C:\Users\huawei\AppData\Local\Programs\MiKTeX\tex/generic/ltxcmds\ltxcmds.sty
Package: ltxcmds 2020-05-10 v1.25 LaTeX kernel commands for general use (HO)
)
(C:\Users\huawei\AppData\Local\Programs\MiKTeX\tex/generic/kvsetkeys\kvsetkeys.
sty
Package: kvsetkeys 2019/12/15 v1.18 Key value parser (HO)
))
(C:\Users\huawei\AppData\Local\Programs\MiKTeX\tex/latex/filehook\filehook.sty
Package: filehook 2020/09/29 v0.8a Hooks for input files

(C:\Users\huawei\AppData\Local\Programs\MiKTeX\tex/latex/filehook\filehook-2020
.sty
Package: filehook-2020 2020/09/29 v0.8a Hooks for input files
))
\c@currfiledepth=\count185
)
(C:\Users\huawei\AppData\Local\Programs\MiKTeX\tex/latex/gincltex\gincltex.sty
(C:\Users\huawei\AppData\Local\Programs\MiKTeX\tex/latex/svn-prov\svn-prov.sty
Package: svn-prov 2010/04/24 v3.1862 Package Date/Version from SVN Keywords
)
Package: gincltex 2011/09/04 v0.3 Include external LaTeX files like graphics

(C:\Users\huawei\AppData\Local\Programs\MiKTeX\tex/latex/adjustbox\adjustbox.st
y
Package: adjustbox 2020/08/19 v1.3 Adjusting TeX boxes (trim, clip, ...)

(C:\Users\huawei\AppData\Local\Programs\MiKTeX\tex/latex/adjustbox\adjcalc.sty
Package: adjcalc 2012/05/16 v1.1 Provides advanced setlength with multiple back
-ends (calc, etex, pgfmath)
)
(C:\Users\huawei\AppData\Local\Programs\MiKTeX\tex/latex/adjustbox\trimclip.sty
Package: trimclip 2020/08/19 v1.2 Trim and clip general TeX material
(C:\Users\huawei\AppData\Local\Programs\MiKTeX\tex/latex/graphics\graphicx.sty
Package: graphicx 2020/09/09 v1.2b Enhanced LaTeX Graphics (DPC,SPQR)

(C:\Users\huawei\AppData\Local\Programs\MiKTeX\tex/latex/graphics\graphics.sty
Package: graphics 2020/08/30 v1.4c Standard LaTeX Graphics (DPC,SPQR)

(C:\Users\huawei\AppData\Local\Programs\MiKTeX\tex/latex/graphics\trig.sty
Package: trig 2016/01/03 v1.10 sin cos tan (DPC)
)
(C:\Users\huawei\AppData\Local\Programs\MiKTeX\tex/latex/graphics-cfg\graphics.
cfg
File: graphics.cfg 2016/06/04 v1.11 sample graphics configuration
)
Package graphics Info: Driver file: pdftex.def on input line 105.

(C:\Users\huawei\AppData\Local\Programs\MiKTeX\tex/latex/graphics-def\pdftex.de
f
File: pdftex.def 2020/10/05 v1.2a Graphics/color driver for pdftex
))
\Gin@req@height=\dimen139
\Gin@req@width=\dimen140
)
(C:\Users\huawei\AppData\Local\Programs\MiKTeX\tex/latex/collectbox\collectbox.
sty
Package: collectbox 2012/05/17 v0.4b Collect macro arguments as boxes
\collectedbox=\box47
)
\tc@llx=\dimen141
\tc@lly=\dimen142
\tc@urx=\dimen143
\tc@ury=\dimen144
Package trimclip Info: Using driver 'tc-pdftex.def'.

(C:\Users\huawei\AppData\Local\Programs\MiKTeX\tex/latex/adjustbox\tc-pdftex.de
f
File: tc-pdftex.def 2019/01/04 v2.2 Clipping driver for pdftex
))
\adjbox@Width=\dimen145
\adjbox@Height=\dimen146
\adjbox@Depth=\dimen147
\adjbox@Totalheight=\dimen148
\adjbox@pwidth=\dimen149
\adjbox@pheight=\dimen150
\adjbox@pdepth=\dimen151
\adjbox@ptotalheight=\dimen152

(C:\Users\huawei\AppData\Local\Programs\MiKTeX\tex/latex/ifoddpage\ifoddpage.st
y
Package: ifoddpage 2016/04/23 v1.1 Conditionals for odd/even page detection
\c@checkoddpage=\count186
)
(C:\Users\huawei\AppData\Local\Programs\MiKTeX\tex/latex/varwidth\varwidth.sty
Package: varwidth 2009/03/30 ver 0.92;  Variable-width minipages
\@vwid@box=\box48
\sift@deathcycles=\count187
\@vwid@loff=\dimen153
\@vwid@roff=\dimen154
))
\gincltex@box=\box49
)
(C:\Users\huawei\AppData\Local\Programs\MiKTeX\tex/latex/filemod\filemod-expmin
.sty
Package: filemod-expmin 2011/09/19 v1.2 Get and compare file modification times
 (expandable; minimal)
))
(C:\Users\huawei\AppData\Local\Programs\MiKTeX\tex/latex/apacite\apacite.sty
Package: apacite 2013/07/21 v6.03 APA citation
\c@BibCnt=\count188
\bibleftmargin=\skip49
\bibindent=\skip50
\bibparsep=\skip51
\bibitemsep=\skip52
\biblabelsep=\skip53
)
(C:\Users\huawei\AppData\Local\Programs\MiKTeX\tex/latex/etoolbox\etoolbox.sty
Package: etoolbox 2020/10/05 v2.5k e-TeX tools for LaTeX (JAW)
\etb@tempcnta=\count189
)
(C:\Users\huawei\AppData\Local\Programs\MiKTeX\tex/latex/caption\subcaption.sty
Package: subcaption 2020/08/23 v1.3g Sub-captions (AR)
(C:\Users\huawei\AppData\Local\Programs\MiKTeX\tex/latex/caption\caption.sty
Package: caption 2020/09/12 v3.5b Customizing captions (AR)

(C:\Users\huawei\AppData\Local\Programs\MiKTeX\tex/latex/caption\caption3.sty
Package: caption3 2020/09/17 v2.1b caption3 kernel (AR)
\captionmargin=\dimen155
\captionmargin@=\dimen156
\captionwidth=\dimen157
\caption@tempdima=\dimen158
\caption@indent=\dimen159
\caption@parindent=\dimen160
\caption@hangindent=\dimen161
Package caption Info: Standard document class detected.
)
\c@caption@flags=\count190
\c@continuedfloat=\count191
)
\c@subfigure=\count192
\c@subtable=\count193
)
(C:\Users\huawei\AppData\Local\Programs\MiKTeX\tex/latex/setspace\setspace.sty
Package: setspace 2011/12/19 v6.7a set line spacing
) (C:\Users\huawei\AppData\Local\Programs\MiKTeX\tex/latex/booktabs\booktabs.st
y
Package: booktabs 2020/01/12 v1.61803398 Publication quality tables
\heavyrulewidth=\dimen162
\lightrulewidth=\dimen163
\cmidrulewidth=\dimen164
\belowrulesep=\dimen165
\belowbottomsep=\dimen166
\aboverulesep=\dimen167
\abovetopsep=\dimen168
\cmidrulesep=\dimen169
\cmidrulekern=\dimen170
\defaultaddspace=\dimen171
\@cmidla=\count194
\@cmidlb=\count195
\@aboverulesep=\dimen172
\@belowrulesep=\dimen173
\@thisruleclass=\count196
\@lastruleclass=\count197
\@thisrulewidth=\dimen174
) (C:\Users\huawei\AppData\Local\Programs\MiKTeX\tex/latex/tools\tabularx.sty
Package: tabularx 2020/01/15 v2.11c `tabularx' package (DPC)

(C:\Users\huawei\AppData\Local\Programs\MiKTeX\tex/latex/tools\array.sty
Package: array 2019/08/31 v2.4l Tabular extension package (FMi)
\col@sep=\dimen175
\ar@mcellbox=\box50
\extrarowheight=\dimen176
\NC@list=\toks17
\extratabsurround=\skip54
\backup@length=\skip55
\ar@cellbox=\box51
)
\TX@col@width=\dimen177
\TX@old@table=\dimen178
\TX@old@col=\dimen179
\TX@target=\dimen180
\TX@delta=\dimen181
\TX@cols=\count198
\TX@ftn=\toks18
)
(C:\Users\huawei\AppData\Local\Programs\MiKTeX\tex/latex/xcolor\xcolor.sty
Package: xcolor 2016/05/11 v2.12 LaTeX color extensions (UK)

(C:\Users\huawei\AppData\Local\Programs\MiKTeX\tex/latex/graphics-cfg\color.cfg
File: color.cfg 2016/01/02 v1.6 sample color configuration
)
Package xcolor Info: Driver file: pdftex.def on input line 225.
Package xcolor Info: Model `cmy' substituted by `cmy0' on input line 1348.
Package xcolor Info: Model `hsb' substituted by `rgb' on input line 1352.
Package xcolor Info: Model `RGB' extended on input line 1364.
Package xcolor Info: Model `HTML' substituted by `rgb' on input line 1366.
Package xcolor Info: Model `Hsb' substituted by `hsb' on input line 1367.
Package xcolor Info: Model `tHsb' substituted by `hsb' on input line 1368.
Package xcolor Info: Model `HSB' substituted by `hsb' on input line 1369.
Package xcolor Info: Model `Gray' substituted by `gray' on input line 1370.
Package xcolor Info: Model `wave' substituted by `hsb' on input line 1371.
) (C:\Users\huawei\AppData\Local\Programs\MiKTeX\tex/latex/amsmath\amsmath.sty
Package: amsmath 2020/09/23 v2.17i AMS math features
\@mathmargin=\skip56
For additional information on amsmath, use the `?' option.
(C:\Users\huawei\AppData\Local\Programs\MiKTeX\tex/latex/amsmath\amstext.sty
Package: amstext 2000/06/29 v2.01 AMS text

(C:\Users\huawei\AppData\Local\Programs\MiKTeX\tex/latex/amsmath\amsgen.sty
File: amsgen.sty 1999/11/30 v2.0 generic functions
\@emptytoks=\toks19
\ex@=\dimen182
))
(C:\Users\huawei\AppData\Local\Programs\MiKTeX\tex/latex/amsmath\amsbsy.sty
Package: amsbsy 1999/11/29 v1.2d Bold Symbols
\pmbraise@=\dimen183
)
(C:\Users\huawei\AppData\Local\Programs\MiKTeX\tex/latex/amsmath\amsopn.sty
Package: amsopn 2016/03/08 v2.02 operator names
)
\inf@bad=\count199
LaTeX Info: Redefining \frac on input line 234.
\uproot@=\count266
\leftroot@=\count267
LaTeX Info: Redefining \overline on input line 399.
\classnum@=\count268
\DOTSCASE@=\count269
LaTeX Info: Redefining \ldots on input line 496.
LaTeX Info: Redefining \dots on input line 499.
LaTeX Info: Redefining \cdots on input line 620.
\Mathstrutbox@=\box52
\strutbox@=\box53
\big@size=\dimen184
LaTeX Font Info:    Redeclaring font encoding OML on input line 743.
LaTeX Font Info:    Redeclaring font encoding OMS on input line 744.
\macc@depth=\count270
\c@MaxMatrixCols=\count271
\dotsspace@=\muskip16
\c@parentequation=\count272
\dspbrk@lvl=\count273
\tag@help=\toks20
\row@=\count274
\column@=\count275
\maxfields@=\count276
\andhelp@=\toks21
\eqnshift@=\dimen185
\alignsep@=\dimen186
\tagshift@=\dimen187
\tagwidth@=\dimen188
\totwidth@=\dimen189
\lineht@=\dimen190
\@envbody=\toks22
\multlinegap=\skip57
\multlinetaggap=\skip58
\mathdisplay@stack=\toks23
LaTeX Info: Redefining \[ on input line 2923.
LaTeX Info: Redefining \] on input line 2924.
)
(C:\Users\huawei\AppData\Local\Programs\MiKTeX\tex/latex/pdflscape\pdflscape.st
y
Package: pdflscape 2019/12/05 v0.12 Display of landscape pages in PDF (HO)
 (C:\Users\huawei\AppData\Local\Programs\MiKTeX\tex/latex/graphics\lscape.sty
Package: lscape 2020/05/28 v3.02 Landscape Pages (DPC)
)
Package pdflscape Info: Auto-detected driver: pdftex on input line 81.
)
(C:\Users\huawei\AppData\Local\Programs\MiKTeX\tex/latex/geometry\geometry.sty
Package: geometry 2020/01/02 v5.9 Page Geometry

(C:\Users\huawei\AppData\Local\Programs\MiKTeX\tex/generic/iftex\ifvtex.sty
Package: ifvtex 2019/10/25 v1.7 ifvtex legacy package. Use iftex instead.
)
\Gm@cnth=\count277
\Gm@cntv=\count278
\c@Gm@tempcnt=\count279
\Gm@bindingoffset=\dimen191
\Gm@wd@mp=\dimen192
\Gm@odd@mp=\dimen193
\Gm@even@mp=\dimen194
\Gm@layoutwidth=\dimen195
\Gm@layoutheight=\dimen196
\Gm@layouthoffset=\dimen197
\Gm@layoutvoffset=\dimen198
\Gm@dimlist=\toks24

(C:\Users\huawei\AppData\Local\Programs\MiKTeX\tex/latex/geometry\geometry.cfg)
)
(C:\Users\huawei\AppData\Local\Programs\MiKTeX\tex/latex/multirow\multirow.sty
Package: multirow 2019/05/31 v2.5 Span multiple rows of a table
\multirow@colwidth=\skip59
\multirow@cntb=\count280
\multirow@dima=\skip60
\bigstrutjot=\dimen199
) (C:\Users\huawei\AppData\Local\Programs\MiKTeX\tex/latex/psnfss\times.sty
Package: times 2020/03/25 PSNFSS-v9.3 (SPQR) 
)
(C:\Users\huawei\AppData\Local\Programs\MiKTeX\tex/latex/fancyhdr\fancyhdr.sty
Package: fancyhdr 2019/01/31 v3.10 Extensive control of page headers and footer
s
\f@nch@headwidth=\skip61
\f@nch@O@elh=\skip62
\f@nch@O@erh=\skip63
\f@nch@O@olh=\skip64
\f@nch@O@orh=\skip65
\f@nch@O@elf=\skip66
\f@nch@O@erf=\skip67
\f@nch@O@olf=\skip68
\f@nch@O@orf=\skip69
) (C:\Users\huawei\AppData\Local\Programs\MiKTeX\tex/latex/tools\dcolumn.sty
Package: dcolumn 2014/10/28 v1.06 decimal alignment package (DPC)
)
(C:\Users\huawei\AppData\Local\Programs\MiKTeX\tex/latex/siunitx\siunitx.sty
(C:\Users\huawei\AppData\Local\Programs\MiKTeX\tex/latex/l3kernel\expl3.sty
Package: expl3 2020-10-05 L3 programming layer (loader) 

(C:\Users\huawei\AppData\Local\Programs\MiKTeX\tex/latex/l3backend\l3backend-pd
ftex.def
File: l3backend-pdftex.def 2020-09-24 L3 backend support: PDF output (pdfTeX)
\l__kernel_color_stack_int=\count281
\l__pdf_internal_box=\box54
))
(C:\Users\huawei\AppData\Local\Programs\MiKTeX\tex/latex/l3packages/xparse\xpar
se.sty
Package: xparse 2020-10-05 L3 Experimental document command parser

(C:\Users\huawei\AppData\Local\Programs\MiKTeX\tex/latex/l3packages/xparse\xpar
se-generic.tex))
Package: siunitx 2020/02/25 v2.8b A comprehensive (SI) units package

(C:\Users\huawei\AppData\Local\Programs\MiKTeX\tex/latex/l3packages/l3keys2e\l3
keys2e.sty
Package: l3keys2e 2020-10-05 LaTeX2e option processing using LaTeX3 keys
)
\l__siunitx_tmp_box=\box55
\l__siunitx_tmp_dim=\dimen256
\l__siunitx_tmp_int=\count282
\l__siunitx_number_mantissa_length_int=\count283
\l__siunitx_number_uncert_length_int=\count284
\l__siunitx_round_int=\count285
\l__siunitx_process_decimal_int=\count286
\l__siunitx_process_uncertainty_int=\count287
\l__siunitx_process_fixed_int=\count288
\l__siunitx_process_integer_min_int=\count289
\l__siunitx_process_precision_int=\count290
\l__siunitx_group_min_int=\count291
\l__siunitx_angle_marker_box=\box56
\l__siunitx_angle_unit_box=\box57
\l__siunitx_angle_marker_dim=\dimen257
\l__siunitx_angle_unit_dim=\dimen258
\l__siunitx_unit_int=\count292
\l__siunitx_unit_denominator_int=\count293
\l__siunitx_unit_numerator_int=\count294
\l__siunitx_unit_prefix_int=\count295
\l__siunitx_unit_prefix_base_int=\count296
\l__siunitx_unit_prefix_gram_int=\count297
\l__siunitx_number_product_int=\count298
\c__siunitx_one_fill_skip=\skip70
\l__siunitx_table_unit_align_skip=\skip71
\l__siunitx_table_exponent_dim=\dimen259
\l__siunitx_table_integer_dim=\dimen260
\l__siunitx_table_mantissa_dim=\dimen261
\l__siunitx_table_marker_dim=\dimen262
\l__siunitx_table_result_dim=\dimen263
\l__siunitx_table_uncert_dim=\dimen264
\l__siunitx_table_fill_pre_dim=\dimen265
\l__siunitx_table_fill_post_dim=\dimen266
\l__siunitx_table_fill_mid_dim=\dimen267
\l__siunitx_table_pre_box=\box58
\l__siunitx_table_post_box=\box59
\l__siunitx_table_mantissa_box=\box60
\l__siunitx_table_result_box=\box61
\l__siunitx_table_number_align_skip=\skip72
\l__siunitx_table_text_align_skip=\skip73

(C:\Users\huawei\AppData\Local\Programs\MiKTeX\tex/latex/translator\translator.
sty
Package: translator 2020-08-03 v1.12c Easy translation of strings in LaTeX
))
(C:\Users\huawei\AppData\Local\Programs\MiKTeX\tex/latex/tools\longtable.sty
Package: longtable 2020/01/07 v4.13 Multi-page Table package (DPC)
\LTleft=\skip74
\LTright=\skip75
\LTpre=\skip76
\LTpost=\skip77
\LTchunksize=\count299
\LTcapwidth=\dimen268
\LT@head=\box62
\LT@firsthead=\box63
\LT@foot=\box64
\LT@lastfoot=\box65
\LT@cols=\count300
\LT@rows=\count301
\c@LT@tables=\count302
\c@LT@chunks=\count303
\LT@p@ftn=\toks25
)
(C:\Users\huawei\AppData\Local\Programs\MiKTeX\tex/generic/pdftexcmds\pdftexcmd
s.sty
Package: pdftexcmds 2020-06-27 v0.33 Utility functions of pdfTeX for LuaTeX (HO
)

(C:\Users\huawei\AppData\Local\Programs\MiKTeX\tex/generic/infwarerr\infwarerr.
sty
Package: infwarerr 2019/12/03 v1.5 Providing info/warning/error messages (HO)
)
Package pdftexcmds Info: \pdf@primitive is available.
Package pdftexcmds Info: \pdf@ifprimitive is available.
Package pdftexcmds Info: \pdfdraftmode found.
)
LaTeX Font Info:    Trying to load font information for OT1+ptm on input line 3
9.
 (C:\Users\huawei\AppData\Local\Programs\MiKTeX\tex/latex/psnfss\ot1ptm.fd
File: ot1ptm.fd 2001/06/04 font definitions for OT1/ptm.
) (Section2.aux)
\openout1 = `Section2.aux'.

LaTeX Font Info:    Checking defaults for OML/cmm/m/it on input line 39.
LaTeX Font Info:    ... okay on input line 39.
LaTeX Font Info:    Checking defaults for OMS/cmsy/m/n on input line 39.
LaTeX Font Info:    ... okay on input line 39.
LaTeX Font Info:    Checking defaults for OT1/cmr/m/n on input line 39.
LaTeX Font Info:    ... okay on input line 39.
LaTeX Font Info:    Checking defaults for T1/cmr/m/n on input line 39.
LaTeX Font Info:    ... okay on input line 39.
LaTeX Font Info:    Checking defaults for TS1/cmr/m/n on input line 39.
LaTeX Font Info:    ... okay on input line 39.
LaTeX Font Info:    Checking defaults for OMX/cmex/m/n on input line 39.
LaTeX Font Info:    ... okay on input line 39.
LaTeX Font Info:    Checking defaults for U/cmr/m/n on input line 39.
LaTeX Font Info:    ... okay on input line 39.

(C:\Users\huawei\AppData\Local\Programs\MiKTeX\tex/context/base/mkii\supp-pdf.m
kii
[Loading MPS to PDF converter (version 2006.09.02).]
\scratchcounter=\count304
\scratchdimen=\dimen269
\scratchbox=\box66
\nofMPsegments=\count305
\nofMParguments=\count306
\everyMPshowfont=\toks26
\MPscratchCnt=\count307
\MPscratchDim=\dimen270
\MPnumerator=\count308
\makeMPintoPDFobject=\count309
\everyMPtoPDFconversion=\toks27
)
(C:\Users\huawei\AppData\Local\Programs\MiKTeX\tex/latex/epstopdf-pkg\epstopdf-
base.sty
Package: epstopdf-base 2020-01-24 v2.11 Base part for package epstopdf
Package epstopdf-base Info: Redefining graphics rule for `.eps' on input line 4
85.
)
\c@maskedRefs=\count310

(C:\Users\huawei\AppData\Local\Programs\MiKTeX\tex/latex/apacite\english.apc
File: english.apc 2013/07/21 v6.03 apacite language file
LaTeX Info: Redefining \BPBI on input line 129.
LaTeX Info: Redefining \BHBI on input line 130.
)
Package caption Info: Begin \AtBeginDocument code.
Package caption Info: longtable package is loaded.

(C:\Users\huawei\AppData\Local\Programs\MiKTeX\tex/latex/caption\ltcaption.sty
Package: ltcaption 2020/05/30 v1.4b longtable captions (AR)
)
Package caption Info: End \AtBeginDocument code.
*geometry* driver: auto-detecting
*geometry* detected driver: pdftex
*geometry* verbose mode - [ preamble ] result:
* driver: pdftex
* paper: <default>
* layout: <same size as paper>
* layoutoffset:(h,v)=(0.0pt,0.0pt)
* modes: twoside 
* h-part:(L,W,R)=(85.35826pt, 443.57848pt, 85.35826pt)
* v-part:(T,H,B)=(85.35826pt, 624.25346pt, 85.35826pt)
* \paperwidth=614.295pt
* \paperheight=794.96999pt
* \textwidth=443.57848pt
* \textheight=624.25346pt
* \oddsidemargin=13.08827pt
* \evensidemargin=13.08827pt
* \topmargin=-18.78552pt
* \headheight=12.0pt
* \headsep=19.8738pt
* \topskip=12.0pt
* \footskip=30.0pt
* \marginparwidth=98.0pt
* \marginparsep=7.0pt
* \columnsep=10.0pt
* \skip\footins=10.8pt plus 4.0pt minus 2.0pt
* \hoffset=0.0pt
* \voffset=0.0pt
* \mag=1000
* \@twocolumnfalse
* \@twosidetrue
* \@mparswitchtrue
* \@reversemarginfalse
* (1in=72.27pt=25.4mm, 1cm=28.453pt)


(C:\Users\huawei\AppData\Local\Programs\MiKTeX\tex/latex/siunitx\siunitx-abbrev
iations.cfg
File: siunitx-abbreviations.cfg 2017/11/26 v2.7k siunitx: Abbreviated units
)
(C:\Users\huawei\AppData\Local\Programs\MiKTeX\tex/latex/translator\translator-
basic-dictionary-English.dict
Dictionary: translator-basic-dictionary, Language: English 
)
Chapter 1.
LaTeX Font Info:    Trying to load font information for OT1+pcr on input line 4
9.
(C:\Users\huawei\AppData\Local\Programs\MiKTeX\tex/latex/psnfss\ot1pcr.fd
File: ot1pcr.fd 2001/06/04 font definitions for OT1/pcr.
)
[1


{C:/Users/huawei/AppData/Local/MiKTeX/pdftex/config/pdftex.map}]

LaTeX Warning: Citation `Greenwald2003' undefined on input line 52.


LaTeX Warning: Reference `tab:iatstructure' on page 2 undefined on input line 7
0.

[2] [3]

LaTeX Warning: Reference `chap:intro' on page 4 undefined on input line 96.


LaTeX Warning: Reference `tab:sciatstructure' on page 4 undefined on input line
 102.

[4]

LaTeX Warning: Reference `chap:intro' on page 5 undefined on input line 106.


LaTeX Warning: Citation `karpinski2006' undefined on input line 112.


LaTeX Warning: Citation `fairer' undefined on input line 116.

[5] [6] [7]

LaTeX Warning: Citation `inquisit3' undefined on input line 138.

[8] [9] [10]
Overfull \hbox (7.5348pt too wide) in paragraph at lines 189--189
[]|\OT1/ptm/m/n/12 Correct| 
 []


Overfull \hbox (7.5348pt too wide) in paragraph at lines 189--189
[]|\OT1/ptm/m/n/12 Correct| 
 []


Overfull \hbox (7.5348pt too wide) in paragraph at lines 189--189
[]|\OT1/ptm/m/n/12 Correct| 
 []


Overfull \hbox (7.5348pt too wide) in paragraph at lines 189--189
[]|\OT1/ptm/m/n/12 Correct| 
 []

[11] [12] [13]

LaTeX Warning: Citation `nagel' undefined on input line 221.


LaTeX Warning: Citation `faraway2006' undefined on input line 221.

[14] [15] [16]
Overfull \hbox (2.65274pt too wide) detected at line 279
$\OML/cmm/m/it/12 :\OT1/cmr/m/n/12 64 (0\OML/cmm/m/it/12 :\OT1/cmr/m/n/12 62)$ 

 []


Overfull \hbox (2.65274pt too wide) detected at line 279
$\OML/cmm/m/it/12 :\OT1/cmr/m/n/12 41 (0\OML/cmm/m/it/12 :\OT1/cmr/m/n/12 41)$ 

 []


Overfull \hbox (2.65274pt too wide) detected at line 279
$\OML/cmm/m/it/12 :\OT1/cmr/m/n/12 64 (0\OML/cmm/m/it/12 :\OT1/cmr/m/n/12 60)$ 

 []


Overfull \hbox (2.65274pt too wide) detected at line 279
$\OML/cmm/m/it/12 :\OT1/cmr/m/n/12 39 (0\OML/cmm/m/it/12 :\OT1/cmr/m/n/12 39)$ 

 []


Overfull \hbox (2.65274pt too wide) detected at line 279
$\OML/cmm/m/it/12 :\OT1/cmr/m/n/12 73 (0\OML/cmm/m/it/12 :\OT1/cmr/m/n/12 73)$ 

 []


Overfull \hbox (2.65274pt too wide) detected at line 279
$\OML/cmm/m/it/12 :\OT1/cmr/m/n/12 40 (0\OML/cmm/m/it/12 :\OT1/cmr/m/n/12 41)$ 

 []


Overfull \hbox (2.65274pt too wide) detected at line 279
$\OML/cmm/m/it/12 :\OT1/cmr/m/n/12 72 (0\OML/cmm/m/it/12 :\OT1/cmr/m/n/12 70)$ 

 []


Overfull \hbox (2.65274pt too wide) detected at line 279
$\OML/cmm/m/it/12 :\OT1/cmr/m/n/12 39 (0\OML/cmm/m/it/12 :\OT1/cmr/m/n/12 39)$ 

 []


Overfull \hbox (2.65274pt too wide) detected at line 279
$\OML/cmm/m/it/12 :\OT1/cmr/m/n/12 64 (0\OML/cmm/m/it/12 :\OT1/cmr/m/n/12 63)$ 

 []


Overfull \hbox (2.65274pt too wide) detected at line 279
$\OML/cmm/m/it/12 :\OT1/cmr/m/n/12 64 (0\OML/cmm/m/it/12 :\OT1/cmr/m/n/12 60)$ 

 []


Overfull \hbox (2.65274pt too wide) detected at line 279
$\OML/cmm/m/it/12 :\OT1/cmr/m/n/12 72 (0\OML/cmm/m/it/12 :\OT1/cmr/m/n/12 75)$ 

 []


Overfull \hbox (2.65274pt too wide) detected at line 279
$\OML/cmm/m/it/12 :\OT1/cmr/m/n/12 72 (0\OML/cmm/m/it/12 :\OT1/cmr/m/n/12 71)$ 

 []


Overfull \hbox (2.65274pt too wide) detected at line 279
$\OML/cmm/m/it/12 :\OT1/cmr/m/n/12 06 (0\OML/cmm/m/it/12 :\OT1/cmr/m/n/12 35)$ 

 []


Overfull \hbox (2.65274pt too wide) detected at line 279
$\OML/cmm/m/it/12 :\OT1/cmr/m/n/12 05 (0\OML/cmm/m/it/12 :\OT1/cmr/m/n/12 31)$ 

 []


Overfull \hbox (2.65274pt too wide) detected at line 279
$\OML/cmm/m/it/12 :\OT1/cmr/m/n/12 06 (0\OML/cmm/m/it/12 :\OT1/cmr/m/n/12 34)$ 

 []


Overfull \hbox (2.65274pt too wide) detected at line 279
$\OML/cmm/m/it/12 :\OT1/cmr/m/n/12 06 (0\OML/cmm/m/it/12 :\OT1/cmr/m/n/12 36)$ 

 []


Overfull \hbox (2.65274pt too wide) detected at line 279
$\OML/cmm/m/it/12 :\OT1/cmr/m/n/12 06 (0\OML/cmm/m/it/12 :\OT1/cmr/m/n/12 35)$ 

 []


Overfull \hbox (2.65274pt too wide) detected at line 279
$\OML/cmm/m/it/12 :\OT1/cmr/m/n/12 06 (0\OML/cmm/m/it/12 :\OT1/cmr/m/n/12 36)$ 

 []


Overfull \hbox (2.65274pt too wide) detected at line 279
$\OML/cmm/m/it/12 :\OT1/cmr/m/n/12 06 (0\OML/cmm/m/it/12 :\OT1/cmr/m/n/12 35)$ 

 []


Overfull \hbox (2.65274pt too wide) detected at line 279
$\OML/cmm/m/it/12 :\OT1/cmr/m/n/12 06 (0\OML/cmm/m/it/12 :\OT1/cmr/m/n/12 36)$ 

 []


Overfull \hbox (2.65274pt too wide) detected at line 279
$\OML/cmm/m/it/12 :\OT1/cmr/m/n/12 06 (0\OML/cmm/m/it/12 :\OT1/cmr/m/n/12 35)$ 

 []


Overfull \hbox (2.65274pt too wide) detected at line 279
$\OML/cmm/m/it/12 :\OT1/cmr/m/n/12 16 (0\OML/cmm/m/it/12 :\OT1/cmr/m/n/12 39)$ 

 []


Overfull \hbox (2.65274pt too wide) detected at line 279
$\OML/cmm/m/it/12 :\OT1/cmr/m/n/12 15 (0\OML/cmm/m/it/12 :\OT1/cmr/m/n/12 33)$ 

 []


Overfull \hbox (2.65274pt too wide) detected at line 279
$\OML/cmm/m/it/12 :\OT1/cmr/m/n/12 16 (0\OML/cmm/m/it/12 :\OT1/cmr/m/n/12 39)$ 

 []


Overfull \hbox (2.65274pt too wide) detected at line 279
$\OML/cmm/m/it/12 :\OT1/cmr/m/n/12 16 (0\OML/cmm/m/it/12 :\OT1/cmr/m/n/12 41)$ 

 []


Overfull \hbox (2.65274pt too wide) detected at line 279
$\OML/cmm/m/it/12 :\OT1/cmr/m/n/12 16 (0\OML/cmm/m/it/12 :\OT1/cmr/m/n/12 40)$ 

 []


Overfull \hbox (2.65274pt too wide) detected at line 279
$\OML/cmm/m/it/12 :\OT1/cmr/m/n/12 16 (0\OML/cmm/m/it/12 :\OT1/cmr/m/n/12 38)$ 

 []


Overfull \hbox (2.65274pt too wide) detected at line 279
$\OML/cmm/m/it/12 :\OT1/cmr/m/n/12 16 (0\OML/cmm/m/it/12 :\OT1/cmr/m/n/12 37)$ 

 []


Overfull \hbox (2.65274pt too wide) detected at line 279
$\OML/cmm/m/it/12 :\OT1/cmr/m/n/12 17 (0\OML/cmm/m/it/12 :\OT1/cmr/m/n/12 39)$ 

 []


Overfull \hbox (2.65274pt too wide) detected at line 279
$\OML/cmm/m/it/12 :\OT1/cmr/m/n/12 16 (0\OML/cmm/m/it/12 :\OT1/cmr/m/n/12 39)$ 

 []


LaTeX Warning: Float too large for page by 21.87436pt on input line 280.


LaTeX Warning: `!h' float specifier changed to `!ht'.

[17] [18


] [19]

LaTeX Warning: Float too large for page by 10.97961pt on input line 336.

[20]
Overfull \hbox (23.0466pt too wide) in alignment at lines 419--419
[][][][][][][] 
 []

[21


] [22] [23] [24] [25] [26]
Underfull \hbox (badness 10000) in paragraph at lines 480--480
[]|\OT1/ptm/m/n/12 Multiple
 []


Overfull \hbox (15.26808pt too wide) in paragraph at lines 482--482
[]|[][]\OT1/pcr/m/n/12 IATanalytics| 
 []


LaTeX Warning: Citation `iatanalytics' undefined on input line 482.


LaTeX Warning: Citation `iatscore' undefined on input line 484.


LaTeX Warning: Citation `iat' undefined on input line 488.


LaTeX Warning: Citation `iatscores' undefined on input line 494.

[27

] [28]

LaTeX Warning: Citation `biat' undefined on input line 506.


LaTeX Warning: Citation `richetin2015' undefined on input line 512.


LaTeX Warning: Citation `dscoreapp' undefined on input line 536.


LaTeX Warning: Citation `shiny' undefined on input line 536.


LaTeX Warning: Citation `shinyjs' undefined on input line 536.


Overfull \hbox (98.93816pt too wide) in paragraph at lines 536--539
\OT1/ptm/m/n/12 glimpse of the IAT re-sults. Dscore-App can be re-trieved at \O
T1/pcr/m/n/12 http://fisppa.psy.unipd.it/DscoreApp/\OT1/ptm/m/n/12 .
 []


Overfull \hbox (90.3954pt too wide) in paragraph at lines 536--539
\OT1/ptm/m/n/12 The source code of Dscore-App is avail-able on GitHub (\OT1/pcr
/m/n/12 https://github.com/OttaviaE/DscoreApp\OT1/ptm/m/n/12 ).
 []

[29

]

LaTeX Warning: Citation `Nosek2002' undefined on input line 550.

[30]
<resultsApp.png, id=108, 944.02687pt x 671.50874pt>
File: resultsApp.png Graphic file (type png)
<use resultsApp.png>
Package pdftex.def Info: resultsApp.png  used on input line 556.
(pdftex.def)             Requested size: 354.86412pt x 252.4197pt.


LaTeX Warning: Citation `gaw2017' undefined on input line 564.

[31 <./resultsApp.png>]
<PointDefaultDscore3.pdf, id=113, 1084.05pt x 505.89pt>
File: PointDefaultDscore3.pdf Graphic file (type pdf)
<use PointDefaultDscore3.pdf>
Package pdftex.def Info: PointDefaultDscore3.pdf  used on input line 574.
(pdftex.def)             Requested size: 177.42868pt x 82.79666pt.
<HistogramDscore3.pdf, id=114, 1084.05pt x 505.89pt>
File: HistogramDscore3.pdf Graphic file (type pdf)
<use HistogramDscore3.pdf>
Package pdftex.def Info: HistogramDscore3.pdf  used on input line 579.
(pdftex.def)             Requested size: 177.42868pt x 82.79666pt.
<DensityDscore3.pdf, id=115, 1084.05pt x 505.89pt>
File: DensityDscore3.pdf Graphic file (type pdf)
<use DensityDscore3.pdf>
Package pdftex.def Info: DensityDscore3.pdf  used on input line 584.
(pdftex.def)             Requested size: 177.42868pt x 82.79666pt.
<HistDensDscore3.pdf, id=116, 1084.05pt x 505.89pt>
File: HistDensDscore3.pdf Graphic file (type pdf)
<use HistDensDscore3.pdf>
Package pdftex.def Info: HistDensDscore3.pdf  used on input line 589.
(pdftex.def)             Requested size: 177.42868pt x 82.79666pt.


LaTeX Warning: `!h' float specifier changed to `!ht'.

[32]

LaTeX Warning: Citation `ellithorpe2015' undefined on input line 604.

[33 <./PointDefaultDscore3.pdf> <./HistogramDscore3.pdf> <./DensityDscore3.pdf>
 <./HistDensDscore3.pdf>]

LaTeX Warning: Citation `implicit' undefined on input line 611.


LaTeX Warning: Citation `implicitMeasures' undefined on input line 611.


LaTeX Warning: Citation `ggplot2' undefined on input line 611.


Overfull \hbox (49.81323pt too wide) in paragraph at lines 614--615
\OT1/ptm/m/n/12 (\OT1/pcr/m/n/12 https://cran.r-project.org/web/packages/implic
itMeasures/index.html\OT1/ptm/m/n/12 ). 
 []

[34] [35] (Section2.aux)

LaTeX Warning: There were undefined references.

 ) 
Here is how much of TeX's memory you used:
 9954 strings out of 480236
 189104 string characters out of 2880082
 508532 words of memory out of 3000000
 26307 multiletter control sequences out of 15000+200000
 563043 words of font info for 80 fonts, out of 3000000 for 9000
 1141 hyphenation exceptions out of 8191
 108i,14n,122p,2167b,559s stack positions out of 5000i,500n,10000p,200000b,50000s
{C:/Users/huawei/AppData/Local/Programs/MiKTeX/fonts/enc/dvips/base/8r.enc}<C
:/Users/huawei/AppData/Local/Programs/MiKTeX/fonts/type1/public/amsfonts/cm/cme
x10.pfb><C:/Users/huawei/AppData/Local/Programs/MiKTeX/fonts/type1/public/amsfo
nts/cm/cmmi12.pfb><C:/Users/huawei/AppData/Local/Programs/MiKTeX/fonts/type1/pu
blic/amsfonts/cm/cmr12.pfb><C:/Users/huawei/AppData/Local/Programs/MiKTeX/fonts
/type1/public/amsfonts/cm/cmr8.pfb><C:/Users/huawei/AppData/Local/Programs/MiKT
eX/fonts/type1/public/amsfonts/cm/cmsy10.pfb><C:/Users/huawei/AppData/Local/Pro
grams/MiKTeX/fonts/type1/public/amsfonts/cm/cmsy8.pfb><C:/Users/huawei/AppData/
Local/Programs/MiKTeX/fonts/type1/urw/courier/ucrb8a.pfb><C:/Users/huawei/AppDa
ta/Local/Programs/MiKTeX/fonts/type1/urw/courier/ucrr8a.pfb><C:/Users/huawei/Ap
pData/Local/Programs/MiKTeX/fonts/type1/urw/times/utmb8a.pfb><C:/Users/huawei/A
ppData/Local/Programs/MiKTeX/fonts/type1/urw/times/utmbi8a.pfb><C:/Users/huawei
/AppData/Local/Programs/MiKTeX/fonts/type1/urw/times/utmr8a.pfb><C:/Users/huawe
i/AppData/Local/Programs/MiKTeX/fonts/type1/urw/times/utmr8a.pfb><C:/Users/huaw
ei/AppData/Local/Programs/MiKTeX/fonts/type1/urw/times/utmri8a.pfb>
Output written on Section2.pdf (35 pages, 295286 bytes).
PDF statistics:
 203 PDF objects out of 1000 (max. 8388607)
 0 named destinations out of 1000 (max. 500000)
 26 words of extra memory for PDF output out of 10000 (max. 10000000)

