\BOOKMARK [0][-]{chapter*.2}{Preface}{}% 1
\BOOKMARK [0][-]{chapter.1}{Psychological implicit assessment}{}% 2
\BOOKMARK [1][-]{section.1.1}{Automatic and controlled processes}{chapter.1}% 3
\BOOKMARK [1][-]{section.1.2}{The Implicit Association Test}{chapter.1}% 4
\BOOKMARK [2][-]{subsection.1.2.1}{Fields of application}{section.1.2}% 5
\BOOKMARK [1][-]{section.1.3}{The Single-Category Implicit Association Test}{chapter.1}% 6
\BOOKMARK [1][-]{section.1.4}{Fully-crossed design}{chapter.1}% 7
\BOOKMARK [2][-]{subsection.1.4.1}{More than one implicit measure}{section.1.4}% 8
\BOOKMARK [0][-]{chapter.2}{Typical scoring of implicit measures}{}% 9
\BOOKMARK [1][-]{section.2.1}{The IAT D score}{chapter.2}% 10
\BOOKMARK [1][-]{section.2.2}{The SC-IAT D score}{chapter.2}% 11
\BOOKMARK [1][-]{section.2.3}{A fairer comparison between the IAT and the SC-IAT}{chapter.2}% 12
\BOOKMARK [2][-]{subsection.2.3.1}{Method}{section.2.3}% 13
\BOOKMARK [2][-]{subsection.2.3.2}{Data analysis}{section.2.3}% 14
\BOOKMARK [2][-]{subsection.2.3.3}{Results}{section.2.3}% 15
\BOOKMARK [2][-]{subsection.2.3.4}{Final remarks}{section.2.3}% 16
\BOOKMARK [1][-]{section.2.4}{R development}{chapter.2}% 17
\BOOKMARK [2][-]{subsection.2.4.1}{DscoreApp}{section.2.4}% 18
\BOOKMARK [2][-]{subsection.2.4.2}{The implicitMeasures package}{section.2.4}% 19
\BOOKMARK [0][-]{chapter.3}{Formal modeling}{}% 20
\BOOKMARK [1][-]{section.3.1}{Multinomial Models}{chapter.3}% 21
\BOOKMARK [2][-]{subsection.3.1.1}{The Quad Model}{section.3.1}% 22
\BOOKMARK [2][-]{subsection.3.1.2}{The ReAL Model}{section.3.1}% 23
\BOOKMARK [1][-]{section.3.2}{Time and Accuracy models}{chapter.3}% 24
\BOOKMARK [2][-]{subsection.3.2.1}{The Diffusion Model}{section.3.2}% 25
\BOOKMARK [2][-]{subsection.3.2.2}{The Discrimination-Association Model}{section.3.2}% 26
\BOOKMARK [1][-]{section.3.3}{Rasch Modeling}{chapter.3}% 27
\BOOKMARK [1][-]{section.3.4}{Common features, advantages, and drawbacks}{chapter.3}% 28
\BOOKMARK [0][-]{chapter.4}{Rasch, Log-normal, and Linear Mixed-Effects Models}{}% 29
\BOOKMARK [1][-]{section.4.1}{Modeling dichotomous responses}{chapter.4}% 30
\BOOKMARK [2][-]{subsection.4.1.1}{The Rasch model}{section.4.1}% 31
\BOOKMARK [1][-]{section.4.2}{Modeling time responses}{chapter.4}% 32
\BOOKMARK [2][-]{subsection.4.2.1}{The log-normal model}{section.4.2}% 33
\BOOKMARK [1][-]{section.4.3}{Linear Mixed-Effects Models}{chapter.4}% 34
\BOOKMARK [2][-]{subsection.4.3.1}{Generalized Linear Mixed-Effects Model and Rasch Model}{section.4.3}% 35
\BOOKMARK [1][-]{section.4.4}{Random structures}{chapter.4}% 36
\BOOKMARK [2][-]{subsection.4.4.1}{Generalized Linear Mixed-Effects Models}{section.4.4}% 37
\BOOKMARK [2][-]{subsection.4.4.2}{Linear Mixed-Effects Models}{section.4.4}% 38
\BOOKMARK [1][-]{section.4.5}{Other random structures}{chapter.4}% 39
\BOOKMARK [0][-]{chapter.5}{Applications of \(G\)LMMs to IAT data}{}% 40
\BOOKMARK [1][-]{section.5.1}{Race IAT}{chapter.5}% 41
\BOOKMARK [2][-]{subsection.5.1.1}{Method}{section.5.1}% 42
\BOOKMARK [2][-]{subsection.5.1.2}{Data analysis}{section.5.1}% 43
\BOOKMARK [2][-]{subsection.5.1.3}{Results}{section.5.1}% 44
\BOOKMARK [2][-]{subsection.5.1.4}{Final remarks}{section.5.1}% 45
\BOOKMARK [1][-]{section.5.2}{Chocolate IAT}{chapter.5}% 46
\BOOKMARK [2][-]{subsection.5.2.1}{Method}{section.5.2}% 47
\BOOKMARK [2][-]{subsection.5.2.2}{Data analysis}{section.5.2}% 48
\BOOKMARK [2][-]{subsection.5.2.3}{Results}{section.5.2}% 49
\BOOKMARK [2][-]{subsection.5.2.4}{Final remarks}{section.5.2}% 50
\BOOKMARK [0][-]{chapter.6}{Multiple implicit measures: Models specification}{}% 51
\BOOKMARK [1][-]{section.6.1}{Single measures models}{chapter.6}% 52
\BOOKMARK [1][-]{section.6.2}{Comprehensive models}{chapter.6}% 53
\BOOKMARK [2][-]{subsection.6.2.1}{Comprehensive GLMMs}{section.6.2}% 54
\BOOKMARK [2][-]{subsection.6.2.2}{Comprehensive LMMs}{section.6.2}% 55
\BOOKMARK [0][-]{chapter.7}{Multiple implicit measures: Empirical applications}{}% 56
\BOOKMARK [1][-]{section.7.1}{Method}{chapter.7}% 57
\BOOKMARK [1][-]{section.7.2}{Data analysis}{chapter.7}% 58
\BOOKMARK [1][-]{section.7.3}{Results}{chapter.7}% 59
\BOOKMARK [2][-]{subsection.7.3.1}{Single measures models}{section.7.3}% 60
\BOOKMARK [2][-]{subsection.7.3.2}{Comprehensive models}{section.7.3}% 61
\BOOKMARK [2][-]{subsection.7.3.3}{Relationship between model estimates and typical scoring}{section.7.3}% 62
\BOOKMARK [2][-]{subsection.7.3.4}{Prediction of a behavioral outcome}{section.7.3}% 63
\BOOKMARK [1][-]{section.7.4}{Final remarks}{chapter.7}% 64
\BOOKMARK [0][-]{chapter.8}{In the end}{}% 65
\BOOKMARK [1][-]{section.8.1}{The sound path}{chapter.8}% 66
\BOOKMARK [1][-]{section.8.2}{The fair path}{chapter.8}% 67
\BOOKMARK [1][-]{section.8.3}{In the end}{chapter.8}% 68
\BOOKMARK [0][-]{appendix.A}{Appendix A}{}% 69
\BOOKMARK [1][-]{section.A.1}{Accuracy models specification}{appendix.A}% 70
\BOOKMARK [2][-]{subsection.A.1.1}{Model estimation}{section.A.1}% 71
\BOOKMARK [2][-]{subsection.A.1.2}{Rasch model parameters}{section.A.1}% 72
\BOOKMARK [1][-]{section.A.2}{Log-time models specification}{appendix.A}% 73
\BOOKMARK [2][-]{subsection.A.2.1}{Log-normal model parameters}{section.A.2}% 74
\BOOKMARK [0][-]{appendix.B}{Appendix B}{}% 75
\BOOKMARK [1][-]{section.B.1}{Accuracy models specification}{appendix.B}% 76
\BOOKMARK [2][-]{subsection.B.1.1}{Model estimation}{section.B.1}% 77
\BOOKMARK [2][-]{subsection.B.1.2}{Model comparison}{section.B.1}% 78
\BOOKMARK [2][-]{subsection.B.1.3}{Rasch model parameters}{section.B.1}% 79
\BOOKMARK [1][-]{section.B.2}{Log-time models specification}{appendix.B}% 80
\BOOKMARK [2][-]{subsection.B.2.1}{Log-normal model parameters}{section.B.2}% 81
\BOOKMARK [0][-]{appendix*.32}{References}{}% 82
