This is pdfTeX, Version 3.14159265-2.6-1.40.21 (MiKTeX 20.10) (preloaded format=pdflatex 2020.10.14)  29 NOV 2020 19:43
entering extended mode
**./TesiEntireDocument.tex
(TesiEntireDocument.tex
LaTeX2e <2020-10-01> patch level 1
L3 programming layer <2020-10-05> xparse <2020-03-03>
(C:\Users\huawei\AppData\Local\Programs\MiKTeX\tex/latex/base\book.cls
Document Class: book 2020/04/10 v1.4m Standard LaTeX document class
(C:\Users\huawei\AppData\Local\Programs\MiKTeX\tex/latex/base\bk12.clo
File: bk12.clo 2020/04/10 v1.4m Standard LaTeX file (size option)
)
\c@part=\count175
\c@chapter=\count176
\c@section=\count177
\c@subsection=\count178
\c@subsubsection=\count179
\c@paragraph=\count180
\c@subparagraph=\count181
\c@figure=\count182
\c@table=\count183
\abovecaptionskip=\skip47
\belowcaptionskip=\skip48
\bibindent=\dimen138
)
(C:\Users\huawei\AppData\Local\Programs\MiKTeX\tex/latex/hyperref\hyperref.sty
Package: hyperref 2020-05-15 v7.00e Hypertext links for LaTeX

(C:\Users\huawei\AppData\Local\Programs\MiKTeX\tex/generic/ltxcmds\ltxcmds.sty
Package: ltxcmds 2020-05-10 v1.25 LaTeX kernel commands for general use (HO)
) (C:\Users\huawei\AppData\Local\Programs\MiKTeX\tex/generic/iftex\iftex.sty
Package: iftex 2020/03/06 v1.0d TeX engine tests
)
(C:\Users\huawei\AppData\Local\Programs\MiKTeX\tex/generic/pdftexcmds\pdftexcmd
s.sty
Package: pdftexcmds 2020-06-27 v0.33 Utility functions of pdfTeX for LuaTeX (HO
)

(C:\Users\huawei\AppData\Local\Programs\MiKTeX\tex/generic/infwarerr\infwarerr.
sty
Package: infwarerr 2019/12/03 v1.5 Providing info/warning/error messages (HO)
)
Package pdftexcmds Info: \pdf@primitive is available.
Package pdftexcmds Info: \pdf@ifprimitive is available.
Package pdftexcmds Info: \pdfdraftmode found.
)
(C:\Users\huawei\AppData\Local\Programs\MiKTeX\tex/latex/graphics\keyval.sty
Package: keyval 2014/10/28 v1.15 key=value parser (DPC)
\KV@toks@=\toks15
)
(C:\Users\huawei\AppData\Local\Programs\MiKTeX\tex/generic/kvsetkeys\kvsetkeys.
sty
Package: kvsetkeys 2019/12/15 v1.18 Key value parser (HO)
)
(C:\Users\huawei\AppData\Local\Programs\MiKTeX\tex/generic/kvdefinekeys\kvdefin
ekeys.sty
Package: kvdefinekeys 2019-12-19 v1.6 Define keys (HO)
)
(C:\Users\huawei\AppData\Local\Programs\MiKTeX\tex/generic/pdfescape\pdfescape.
sty
Package: pdfescape 2019/12/09 v1.15 Implements pdfTeX's escape features (HO)
)
(C:\Users\huawei\AppData\Local\Programs\MiKTeX\tex/latex/hycolor\hycolor.sty
Package: hycolor 2020-01-27 v1.10 Color options for hyperref/bookmark (HO)
)
(C:\Users\huawei\AppData\Local\Programs\MiKTeX\tex/latex/letltxmacro\letltxmacr
o.sty
Package: letltxmacro 2019/12/03 v1.6 Let assignment for LaTeX macros (HO)
)
(C:\Users\huawei\AppData\Local\Programs\MiKTeX\tex/latex/auxhook\auxhook.sty
Package: auxhook 2019-12-17 v1.6 Hooks for auxiliary files (HO)
)
(C:\Users\huawei\AppData\Local\Programs\MiKTeX\tex/latex/kvoptions\kvoptions.st
y
Package: kvoptions 2019/11/29 v3.13 Key value format for package options (HO)
)
\@linkdim=\dimen139
\Hy@linkcounter=\count184
\Hy@pagecounter=\count185
 (C:\Users\huawei\AppData\Local\Programs\MiKTeX\tex/latex/hyperref\pd1enc.def
File: pd1enc.def 2020-05-15 v7.00e Hyperref: PDFDocEncoding definition (HO)
Now handling font encoding PD1 ...
... no UTF-8 mapping file for font encoding PD1
)
(C:\Users\huawei\AppData\Local\Programs\MiKTeX\tex/generic/intcalc\intcalc.sty
Package: intcalc 2019/12/15 v1.3 Expandable calculations with integers (HO)
)
(C:\Users\huawei\AppData\Local\Programs\MiKTeX\tex/generic/etexcmds\etexcmds.st
y
Package: etexcmds 2019/12/15 v1.7 Avoid name clashes with e-TeX commands (HO)
)
\Hy@SavedSpaceFactor=\count186
Package hyperref Info: Hyper figures OFF on input line 4464.
Package hyperref Info: Link nesting OFF on input line 4469.
Package hyperref Info: Hyper index ON on input line 4472.
Package hyperref Info: Plain pages OFF on input line 4479.
Package hyperref Info: Backreferencing OFF on input line 4484.
Package hyperref Info: Implicit mode ON; LaTeX internals redefined.
Package hyperref Info: Bookmarks ON on input line 4717.
\c@Hy@tempcnt=\count187
 (C:\Users\huawei\AppData\Local\Programs\MiKTeX\tex/latex/url\url.sty
\Urlmuskip=\muskip16
Package: url 2013/09/16  ver 3.4  Verb mode for urls, etc.
)
LaTeX Info: Redefining \url on input line 5076.
\XeTeXLinkMargin=\dimen140

(C:\Users\huawei\AppData\Local\Programs\MiKTeX\tex/generic/bitset\bitset.sty
Package: bitset 2019/12/09 v1.3 Handle bit-vector datatype (HO)

(C:\Users\huawei\AppData\Local\Programs\MiKTeX\tex/generic/bigintcalc\bigintcal
c.sty
Package: bigintcalc 2019/12/15 v1.5 Expandable calculations on big integers (HO
)
))
\Fld@menulength=\count188
\Field@Width=\dimen141
\Fld@charsize=\dimen142
Package hyperref Info: Hyper figures OFF on input line 6347.
Package hyperref Info: Link nesting OFF on input line 6352.
Package hyperref Info: Hyper index ON on input line 6355.
Package hyperref Info: backreferencing OFF on input line 6362.
Package hyperref Info: Link coloring OFF on input line 6367.
Package hyperref Info: Link coloring with OCG OFF on input line 6372.
Package hyperref Info: PDF/A mode OFF on input line 6377.
LaTeX Info: Redefining \ref on input line 6417.
LaTeX Info: Redefining \pageref on input line 6421.

(C:\Users\huawei\AppData\Local\Programs\MiKTeX\tex/latex/base\atbegshi-ltx.sty
Package: atbegshi-ltx 2020/08/17 v1.0a Emulation of the original atbegshi packa
ge
with kernel methods
)
\Hy@abspage=\count189
\c@Item=\count190
\c@Hfootnote=\count191
)
Package hyperref Info: Driver (autodetected): hpdftex.
 (C:\Users\huawei\AppData\Local\Programs\MiKTeX\tex/latex/hyperref\hpdftex.def
File: hpdftex.def 2020-05-15 v7.00e Hyperref driver for pdfTeX

(C:\Users\huawei\AppData\Local\Programs\MiKTeX\tex/latex/base\atveryend-ltx.sty
Package: atveryend-ltx 2020/08/19 v1.0a Emulation of the original atvery packag
e
with kernel methods
)
\Fld@listcount=\count192
\c@bookmark@seq@number=\count193

(C:\Users\huawei\AppData\Local\Programs\MiKTeX\tex/latex/rerunfilecheck\rerunfi
lecheck.sty
Package: rerunfilecheck 2019/12/05 v1.9 Rerun checks for auxiliary files (HO)

(C:\Users\huawei\AppData\Local\Programs\MiKTeX\tex/generic/uniquecounter\unique
counter.sty
Package: uniquecounter 2019/12/15 v1.4 Provide unlimited unique counter (HO)
)
Package uniquecounter Info: New unique counter `rerunfilecheck' on input line 2
86.
)
\Hy@SectionHShift=\skip49
)
(C:\Users\huawei\AppData\Local\Programs\MiKTeX\tex/latex/standalone\standalone.
sty
Package: standalone 2018/03/26 v1.3a Package to include TeX sub-files with prea
mbles
 (C:\Users\huawei\AppData\Local\Programs\MiKTeX\tex/latex/tools\shellesc.sty
Package: shellesc 2019/11/08 v1.0c unified shell escape interface for LaTeX
Package shellesc Info: Unrestricted shell escape enabled on input line 75.
) (C:\Users\huawei\AppData\Local\Programs\MiKTeX\tex/latex/xkeyval\xkeyval.sty
Package: xkeyval 2014/12/03 v2.7a package option processing (HA)

(C:\Users\huawei\AppData\Local\Programs\MiKTeX\tex/generic/xkeyval\xkeyval.tex
(C:\Users\huawei\AppData\Local\Programs\MiKTeX\tex/generic/xkeyval\xkvutils.tex
\XKV@toks=\toks16
\XKV@tempa@toks=\toks17
)
\XKV@depth=\count194
File: xkeyval.tex 2014/12/03 v2.7a key=value parser (HA)
))
(C:\Users\huawei\AppData\Local\Programs\MiKTeX\tex/latex/currfile\currfile.sty
Package: currfile 2020/09/29 v0.7d Provides the file path elements of the curre
nt input file

(C:\Users\huawei\AppData\Local\Programs\MiKTeX\tex/latex/filehook\filehook.sty
Package: filehook 2020/09/29 v0.8a Hooks for input files

(C:\Users\huawei\AppData\Local\Programs\MiKTeX\tex/latex/filehook\filehook-2020
.sty
Package: filehook-2020 2020/09/29 v0.8a Hooks for input files
))
\c@currfiledepth=\count195
)
(C:\Users\huawei\AppData\Local\Programs\MiKTeX\tex/latex/gincltex\gincltex.sty
(C:\Users\huawei\AppData\Local\Programs\MiKTeX\tex/latex/svn-prov\svn-prov.sty
Package: svn-prov 2010/04/24 v3.1862 Package Date/Version from SVN Keywords
)
Package: gincltex 2011/09/04 v0.3 Include external LaTeX files like graphics

(C:\Users\huawei\AppData\Local\Programs\MiKTeX\tex/latex/adjustbox\adjustbox.st
y
Package: adjustbox 2020/08/19 v1.3 Adjusting TeX boxes (trim, clip, ...)

(C:\Users\huawei\AppData\Local\Programs\MiKTeX\tex/latex/adjustbox\adjcalc.sty
Package: adjcalc 2012/05/16 v1.1 Provides advanced setlength with multiple back
-ends (calc, etex, pgfmath)
)
(C:\Users\huawei\AppData\Local\Programs\MiKTeX\tex/latex/adjustbox\trimclip.sty
Package: trimclip 2020/08/19 v1.2 Trim and clip general TeX material
(C:\Users\huawei\AppData\Local\Programs\MiKTeX\tex/latex/graphics\graphicx.sty
Package: graphicx 2020/09/09 v1.2b Enhanced LaTeX Graphics (DPC,SPQR)

(C:\Users\huawei\AppData\Local\Programs\MiKTeX\tex/latex/graphics\graphics.sty
Package: graphics 2020/08/30 v1.4c Standard LaTeX Graphics (DPC,SPQR)

(C:\Users\huawei\AppData\Local\Programs\MiKTeX\tex/latex/graphics\trig.sty
Package: trig 2016/01/03 v1.10 sin cos tan (DPC)
)
(C:\Users\huawei\AppData\Local\Programs\MiKTeX\tex/latex/graphics-cfg\graphics.
cfg
File: graphics.cfg 2016/06/04 v1.11 sample graphics configuration
)
Package graphics Info: Driver file: pdftex.def on input line 105.

(C:\Users\huawei\AppData\Local\Programs\MiKTeX\tex/latex/graphics-def\pdftex.de
f
File: pdftex.def 2020/10/05 v1.2a Graphics/color driver for pdftex
))
\Gin@req@height=\dimen143
\Gin@req@width=\dimen144
)
(C:\Users\huawei\AppData\Local\Programs\MiKTeX\tex/latex/collectbox\collectbox.
sty
Package: collectbox 2012/05/17 v0.4b Collect macro arguments as boxes
\collectedbox=\box47
)
\tc@llx=\dimen145
\tc@lly=\dimen146
\tc@urx=\dimen147
\tc@ury=\dimen148
Package trimclip Info: Using driver 'tc-pdftex.def'.

(C:\Users\huawei\AppData\Local\Programs\MiKTeX\tex/latex/adjustbox\tc-pdftex.de
f
File: tc-pdftex.def 2019/01/04 v2.2 Clipping driver for pdftex
))
\adjbox@Width=\dimen149
\adjbox@Height=\dimen150
\adjbox@Depth=\dimen151
\adjbox@Totalheight=\dimen152
\adjbox@pwidth=\dimen153
\adjbox@pheight=\dimen154
\adjbox@pdepth=\dimen155
\adjbox@ptotalheight=\dimen156

(C:\Users\huawei\AppData\Local\Programs\MiKTeX\tex/latex/ifoddpage\ifoddpage.st
y
Package: ifoddpage 2016/04/23 v1.1 Conditionals for odd/even page detection
\c@checkoddpage=\count196
)
(C:\Users\huawei\AppData\Local\Programs\MiKTeX\tex/latex/varwidth\varwidth.sty
Package: varwidth 2009/03/30 ver 0.92;  Variable-width minipages
\@vwid@box=\box48
\sift@deathcycles=\count197
\@vwid@loff=\dimen157
\@vwid@roff=\dimen158
))
\gincltex@box=\box49
)
(C:\Users\huawei\AppData\Local\Programs\MiKTeX\tex/latex/filemod\filemod-expmin
.sty
Package: filemod-expmin 2011/09/19 v1.2 Get and compare file modification times
 (expandable; minimal)
))
(C:\Users\huawei\AppData\Local\Programs\MiKTeX\tex/latex/apacite\apacite.sty
Package: apacite 2013/07/21 v6.03 APA citation
\c@BibCnt=\count198
\bibleftmargin=\skip50
\bibindent=\skip51
\bibparsep=\skip52
\bibitemsep=\skip53
\biblabelsep=\skip54
)
(C:\Users\huawei\AppData\Local\Programs\MiKTeX\tex/latex/etoolbox\etoolbox.sty
Package: etoolbox 2020/10/05 v2.5k e-TeX tools for LaTeX (JAW)
\etb@tempcnta=\count199
)
(C:\Users\huawei\AppData\Local\Programs\MiKTeX\tex/latex/caption\subcaption.sty
Package: subcaption 2020/08/23 v1.3g Sub-captions (AR)
(C:\Users\huawei\AppData\Local\Programs\MiKTeX\tex/latex/caption\caption.sty
Package: caption 2020/09/12 v3.5b Customizing captions (AR)

(C:\Users\huawei\AppData\Local\Programs\MiKTeX\tex/latex/caption\caption3.sty
Package: caption3 2020/09/17 v2.1b caption3 kernel (AR)
\captionmargin=\dimen159
\captionmargin@=\dimen160
\captionwidth=\dimen161
\caption@tempdima=\dimen162
\caption@indent=\dimen163
\caption@parindent=\dimen164
\caption@hangindent=\dimen165
Package caption Info: Standard document class detected.
)
\c@caption@flags=\count266
\c@continuedfloat=\count267
Package caption Info: hyperref package is loaded.
)
\c@subfigure=\count268
\c@subtable=\count269
)
(C:\Users\huawei\AppData\Local\Programs\MiKTeX\tex/latex/setspace\setspace.sty
Package: setspace 2011/12/19 v6.7a set line spacing
) (C:\Users\huawei\AppData\Local\Programs\MiKTeX\tex/latex/booktabs\booktabs.st
y
Package: booktabs 2020/01/12 v1.61803398 Publication quality tables
\heavyrulewidth=\dimen166
\lightrulewidth=\dimen167
\cmidrulewidth=\dimen168
\belowrulesep=\dimen169
\belowbottomsep=\dimen170
\aboverulesep=\dimen171
\abovetopsep=\dimen172
\cmidrulesep=\dimen173
\cmidrulekern=\dimen174
\defaultaddspace=\dimen175
\@cmidla=\count270
\@cmidlb=\count271
\@aboverulesep=\dimen176
\@belowrulesep=\dimen177
\@thisruleclass=\count272
\@lastruleclass=\count273
\@thisrulewidth=\dimen178
) (C:\Users\huawei\AppData\Local\Programs\MiKTeX\tex/latex/tools\tabularx.sty
Package: tabularx 2020/01/15 v2.11c `tabularx' package (DPC)

(C:\Users\huawei\AppData\Local\Programs\MiKTeX\tex/latex/tools\array.sty
Package: array 2019/08/31 v2.4l Tabular extension package (FMi)
\col@sep=\dimen179
\ar@mcellbox=\box50
\extrarowheight=\dimen180
\NC@list=\toks18
\extratabsurround=\skip55
\backup@length=\skip56
\ar@cellbox=\box51
)
\TX@col@width=\dimen181
\TX@old@table=\dimen182
\TX@old@col=\dimen183
\TX@target=\dimen184
\TX@delta=\dimen185
\TX@cols=\count274
\TX@ftn=\toks19
)
(C:\Users\huawei\AppData\Local\Programs\MiKTeX\tex/latex/xcolor\xcolor.sty
Package: xcolor 2016/05/11 v2.12 LaTeX color extensions (UK)

(C:\Users\huawei\AppData\Local\Programs\MiKTeX\tex/latex/graphics-cfg\color.cfg
File: color.cfg 2016/01/02 v1.6 sample color configuration
)
Package xcolor Info: Driver file: pdftex.def on input line 225.
Package xcolor Info: Model `cmy' substituted by `cmy0' on input line 1348.
Package xcolor Info: Model `hsb' substituted by `rgb' on input line 1352.
Package xcolor Info: Model `RGB' extended on input line 1364.
Package xcolor Info: Model `HTML' substituted by `rgb' on input line 1366.
Package xcolor Info: Model `Hsb' substituted by `hsb' on input line 1367.
Package xcolor Info: Model `tHsb' substituted by `hsb' on input line 1368.
Package xcolor Info: Model `HSB' substituted by `hsb' on input line 1369.
Package xcolor Info: Model `Gray' substituted by `gray' on input line 1370.
Package xcolor Info: Model `wave' substituted by `hsb' on input line 1371.
) (C:\Users\huawei\AppData\Local\Programs\MiKTeX\tex/latex/amsmath\amsmath.sty
Package: amsmath 2020/09/23 v2.17i AMS math features
\@mathmargin=\skip57
For additional information on amsmath, use the `?' option.
(C:\Users\huawei\AppData\Local\Programs\MiKTeX\tex/latex/amsmath\amstext.sty
Package: amstext 2000/06/29 v2.01 AMS text

(C:\Users\huawei\AppData\Local\Programs\MiKTeX\tex/latex/amsmath\amsgen.sty
File: amsgen.sty 1999/11/30 v2.0 generic functions
\@emptytoks=\toks20
\ex@=\dimen186
))
(C:\Users\huawei\AppData\Local\Programs\MiKTeX\tex/latex/amsmath\amsbsy.sty
Package: amsbsy 1999/11/29 v1.2d Bold Symbols
\pmbraise@=\dimen187
)
(C:\Users\huawei\AppData\Local\Programs\MiKTeX\tex/latex/amsmath\amsopn.sty
Package: amsopn 2016/03/08 v2.02 operator names
)
\inf@bad=\count275
LaTeX Info: Redefining \frac on input line 234.
\uproot@=\count276
\leftroot@=\count277
LaTeX Info: Redefining \overline on input line 399.
\classnum@=\count278
\DOTSCASE@=\count279
LaTeX Info: Redefining \ldots on input line 496.
LaTeX Info: Redefining \dots on input line 499.
LaTeX Info: Redefining \cdots on input line 620.
\Mathstrutbox@=\box52
\strutbox@=\box53
\big@size=\dimen188
LaTeX Font Info:    Redeclaring font encoding OML on input line 743.
LaTeX Font Info:    Redeclaring font encoding OMS on input line 744.
\macc@depth=\count280
\c@MaxMatrixCols=\count281
\dotsspace@=\muskip17
\c@parentequation=\count282
\dspbrk@lvl=\count283
\tag@help=\toks21
\row@=\count284
\column@=\count285
\maxfields@=\count286
\andhelp@=\toks22
\eqnshift@=\dimen189
\alignsep@=\dimen190
\tagshift@=\dimen191
\tagwidth@=\dimen192
\totwidth@=\dimen193
\lineht@=\dimen194
\@envbody=\toks23
\multlinegap=\skip58
\multlinetaggap=\skip59
\mathdisplay@stack=\toks24
LaTeX Info: Redefining \[ on input line 2923.
LaTeX Info: Redefining \] on input line 2924.
)
(C:\Users\huawei\AppData\Local\Programs\MiKTeX\tex/latex/pdflscape\pdflscape.st
y
Package: pdflscape 2019/12/05 v0.12 Display of landscape pages in PDF (HO)
 (C:\Users\huawei\AppData\Local\Programs\MiKTeX\tex/latex/graphics\lscape.sty
Package: lscape 2020/05/28 v3.02 Landscape Pages (DPC)
)
Package pdflscape Info: Auto-detected driver: pdftex on input line 81.
)
(C:\Users\huawei\AppData\Local\Programs\MiKTeX\tex/latex/geometry\geometry.sty
Package: geometry 2020/01/02 v5.9 Page Geometry

(C:\Users\huawei\AppData\Local\Programs\MiKTeX\tex/generic/iftex\ifvtex.sty
Package: ifvtex 2019/10/25 v1.7 ifvtex legacy package. Use iftex instead.
)
\Gm@cnth=\count287
\Gm@cntv=\count288
\c@Gm@tempcnt=\count289
\Gm@bindingoffset=\dimen195
\Gm@wd@mp=\dimen196
\Gm@odd@mp=\dimen197
\Gm@even@mp=\dimen198
\Gm@layoutwidth=\dimen199
\Gm@layoutheight=\dimen256
\Gm@layouthoffset=\dimen257
\Gm@layoutvoffset=\dimen258
\Gm@dimlist=\toks25

(C:\Users\huawei\AppData\Local\Programs\MiKTeX\tex/latex/geometry\geometry.cfg)
)
(C:\Users\huawei\AppData\Local\Programs\MiKTeX\tex/latex/multirow\multirow.sty
Package: multirow 2019/05/31 v2.5 Span multiple rows of a table
\multirow@colwidth=\skip60
\multirow@cntb=\count290
\multirow@dima=\skip61
\bigstrutjot=\dimen259
) (C:\Users\huawei\AppData\Local\Programs\MiKTeX\tex/latex/psnfss\times.sty
Package: times 2020/03/25 PSNFSS-v9.3 (SPQR) 
)
(C:\Users\huawei\AppData\Local\Programs\MiKTeX\tex/latex/fancyhdr\fancyhdr.sty
Package: fancyhdr 2019/01/31 v3.10 Extensive control of page headers and footer
s
\f@nch@headwidth=\skip62
\f@nch@O@elh=\skip63
\f@nch@O@erh=\skip64
\f@nch@O@olh=\skip65
\f@nch@O@orh=\skip66
\f@nch@O@elf=\skip67
\f@nch@O@erf=\skip68
\f@nch@O@olf=\skip69
\f@nch@O@orf=\skip70
) (C:\Users\huawei\AppData\Local\Programs\MiKTeX\tex/latex/tools\dcolumn.sty
Package: dcolumn 2014/10/28 v1.06 decimal alignment package (DPC)
)
(C:\Users\huawei\AppData\Local\Programs\MiKTeX\tex/latex/siunitx\siunitx.sty
(C:\Users\huawei\AppData\Local\Programs\MiKTeX\tex/latex/l3kernel\expl3.sty
Package: expl3 2020-10-05 L3 programming layer (loader) 

(C:\Users\huawei\AppData\Local\Programs\MiKTeX\tex/latex/l3backend\l3backend-pd
ftex.def
File: l3backend-pdftex.def 2020-09-24 L3 backend support: PDF output (pdfTeX)
\l__kernel_color_stack_int=\count291
\l__pdf_internal_box=\box54
))
(C:\Users\huawei\AppData\Local\Programs\MiKTeX\tex/latex/l3packages/xparse\xpar
se.sty
Package: xparse 2020-10-05 L3 Experimental document command parser

(C:\Users\huawei\AppData\Local\Programs\MiKTeX\tex/latex/l3packages/xparse\xpar
se-generic.tex))
Package: siunitx 2020/02/25 v2.8b A comprehensive (SI) units package

(C:\Users\huawei\AppData\Local\Programs\MiKTeX\tex/latex/l3packages/l3keys2e\l3
keys2e.sty
Package: l3keys2e 2020-10-05 LaTeX2e option processing using LaTeX3 keys
)
\l__siunitx_tmp_box=\box55
\l__siunitx_tmp_dim=\dimen260
\l__siunitx_tmp_int=\count292
\l__siunitx_number_mantissa_length_int=\count293
\l__siunitx_number_uncert_length_int=\count294
\l__siunitx_round_int=\count295
\l__siunitx_process_decimal_int=\count296
\l__siunitx_process_uncertainty_int=\count297
\l__siunitx_process_fixed_int=\count298
\l__siunitx_process_integer_min_int=\count299
\l__siunitx_process_precision_int=\count300
\l__siunitx_group_min_int=\count301
\l__siunitx_angle_marker_box=\box56
\l__siunitx_angle_unit_box=\box57
\l__siunitx_angle_marker_dim=\dimen261
\l__siunitx_angle_unit_dim=\dimen262
\l__siunitx_unit_int=\count302
\l__siunitx_unit_denominator_int=\count303
\l__siunitx_unit_numerator_int=\count304
\l__siunitx_unit_prefix_int=\count305
\l__siunitx_unit_prefix_base_int=\count306
\l__siunitx_unit_prefix_gram_int=\count307
\l__siunitx_number_product_int=\count308
\c__siunitx_one_fill_skip=\skip71
\l__siunitx_table_unit_align_skip=\skip72
\l__siunitx_table_exponent_dim=\dimen263
\l__siunitx_table_integer_dim=\dimen264
\l__siunitx_table_mantissa_dim=\dimen265
\l__siunitx_table_marker_dim=\dimen266
\l__siunitx_table_result_dim=\dimen267
\l__siunitx_table_uncert_dim=\dimen268
\l__siunitx_table_fill_pre_dim=\dimen269
\l__siunitx_table_fill_post_dim=\dimen270
\l__siunitx_table_fill_mid_dim=\dimen271
\l__siunitx_table_pre_box=\box58
\l__siunitx_table_post_box=\box59
\l__siunitx_table_mantissa_box=\box60
\l__siunitx_table_result_box=\box61
\l__siunitx_table_number_align_skip=\skip73
\l__siunitx_table_text_align_skip=\skip74

(C:\Users\huawei\AppData\Local\Programs\MiKTeX\tex/latex/translator\translator.
sty
Package: translator 2020-08-03 v1.12c Easy translation of strings in LaTeX
))
(C:\Users\huawei\AppData\Local\Programs\MiKTeX\tex/latex/tools\longtable.sty
Package: longtable 2020/01/07 v4.13 Multi-page Table package (DPC)
\LTleft=\skip75
\LTright=\skip76
\LTpre=\skip77
\LTpost=\skip78
\LTchunksize=\count309
\LTcapwidth=\dimen272
\LT@head=\box62
\LT@firsthead=\box63
\LT@foot=\box64
\LT@lastfoot=\box65
\LT@cols=\count310
\LT@rows=\count311
\c@LT@tables=\count312
\c@LT@chunks=\count313
\LT@p@ftn=\toks26
)
(C:\Users\huawei\AppData\Local\Programs\MiKTeX\tex/latex/pgf/frontendlayer\tikz
.sty
(C:\Users\huawei\AppData\Local\Programs\MiKTeX\tex/latex/pgf/basiclayer\pgf.sty

(C:\Users\huawei\AppData\Local\Programs\MiKTeX\tex/latex/pgf/utilities\pgfrcs.s
ty
(C:\Users\huawei\AppData\Local\Programs\MiKTeX\tex/generic/pgf/utilities\pgfuti
l-common.tex
\pgfutil@everybye=\toks27
\pgfutil@tempdima=\dimen273
\pgfutil@tempdimb=\dimen274

(C:\Users\huawei\AppData\Local\Programs\MiKTeX\tex/generic/pgf/utilities\pgfuti
l-common-lists.tex))
(C:\Users\huawei\AppData\Local\Programs\MiKTeX\tex/generic/pgf/utilities\pgfuti
l-latex.def
\pgfutil@abb=\box66
)
(C:\Users\huawei\AppData\Local\Programs\MiKTeX\tex/generic/pgf/utilities\pgfrcs
.code.tex
(C:\Users\huawei\AppData\Local\Programs\MiKTeX\tex/generic/pgf\pgf.revision.tex
)
Package: pgfrcs 2020/10/01 v3.1.6a (3.1.6a)
))
Package: pgf 2020/10/01 v3.1.6a (3.1.6a)

(C:\Users\huawei\AppData\Local\Programs\MiKTeX\tex/latex/pgf/basiclayer\pgfcore
.sty
(C:\Users\huawei\AppData\Local\Programs\MiKTeX\tex/latex/pgf/systemlayer\pgfsys
.sty
(C:\Users\huawei\AppData\Local\Programs\MiKTeX\tex/generic/pgf/systemlayer\pgfs
ys.code.tex
Package: pgfsys 2020/10/01 v3.1.6a (3.1.6a)

(C:\Users\huawei\AppData\Local\Programs\MiKTeX\tex/generic/pgf/utilities\pgfkey
s.code.tex
\pgfkeys@pathtoks=\toks28
\pgfkeys@temptoks=\toks29

(C:\Users\huawei\AppData\Local\Programs\MiKTeX\tex/generic/pgf/utilities\pgfkey
sfiltered.code.tex
\pgfkeys@tmptoks=\toks30
))
\pgf@x=\dimen275
\pgf@y=\dimen276
\pgf@xa=\dimen277
\pgf@ya=\dimen278
\pgf@xb=\dimen279
\pgf@yb=\dimen280
\pgf@xc=\dimen281
\pgf@yc=\dimen282
\pgf@xd=\dimen283
\pgf@yd=\dimen284
\w@pgf@writea=\write3
\r@pgf@reada=\read2
\c@pgf@counta=\count314
\c@pgf@countb=\count315
\c@pgf@countc=\count316
\c@pgf@countd=\count317
\t@pgf@toka=\toks31
\t@pgf@tokb=\toks32
\t@pgf@tokc=\toks33
\pgf@sys@id@count=\count318

(C:\Users\huawei\AppData\Local\Programs\MiKTeX\tex/generic/pgf/systemlayer\pgf.
cfg
File: pgf.cfg 2020/10/01 v3.1.6a (3.1.6a)
)
Driver file for pgf: pgfsys-pdftex.def

(C:\Users\huawei\AppData\Local\Programs\MiKTeX\tex/generic/pgf/systemlayer\pgfs
ys-pdftex.def
File: pgfsys-pdftex.def 2020/10/01 v3.1.6a (3.1.6a)

(C:\Users\huawei\AppData\Local\Programs\MiKTeX\tex/generic/pgf/systemlayer\pgfs
ys-common-pdf.def
File: pgfsys-common-pdf.def 2020/10/01 v3.1.6a (3.1.6a)
)))
(C:\Users\huawei\AppData\Local\Programs\MiKTeX\tex/generic/pgf/systemlayer\pgfs
yssoftpath.code.tex
File: pgfsyssoftpath.code.tex 2020/10/01 v3.1.6a (3.1.6a)
\pgfsyssoftpath@smallbuffer@items=\count319
\pgfsyssoftpath@bigbuffer@items=\count320
)
(C:\Users\huawei\AppData\Local\Programs\MiKTeX\tex/generic/pgf/systemlayer\pgfs
ysprotocol.code.tex
File: pgfsysprotocol.code.tex 2020/10/01 v3.1.6a (3.1.6a)
))
(C:\Users\huawei\AppData\Local\Programs\MiKTeX\tex/generic/pgf/basiclayer\pgfco
re.code.tex
Package: pgfcore 2020/10/01 v3.1.6a (3.1.6a)

(C:\Users\huawei\AppData\Local\Programs\MiKTeX\tex/generic/pgf/math\pgfmath.cod
e.tex
(C:\Users\huawei\AppData\Local\Programs\MiKTeX\tex/generic/pgf/math\pgfmathcalc
.code.tex
(C:\Users\huawei\AppData\Local\Programs\MiKTeX\tex/generic/pgf/math\pgfmathutil
.code.tex)
(C:\Users\huawei\AppData\Local\Programs\MiKTeX\tex/generic/pgf/math\pgfmathpars
er.code.tex
\pgfmath@dimen=\dimen285
\pgfmath@count=\count321
\pgfmath@box=\box67
\pgfmath@toks=\toks34
\pgfmath@stack@operand=\toks35
\pgfmath@stack@operation=\toks36
)
(C:\Users\huawei\AppData\Local\Programs\MiKTeX\tex/generic/pgf/math\pgfmathfunc
tions.code.tex
(C:\Users\huawei\AppData\Local\Programs\MiKTeX\tex/generic/pgf/math\pgfmathfunc
tions.basic.code.tex)
(C:\Users\huawei\AppData\Local\Programs\MiKTeX\tex/generic/pgf/math\pgfmathfunc
tions.trigonometric.code.tex)
(C:\Users\huawei\AppData\Local\Programs\MiKTeX\tex/generic/pgf/math\pgfmathfunc
tions.random.code.tex)
(C:\Users\huawei\AppData\Local\Programs\MiKTeX\tex/generic/pgf/math\pgfmathfunc
tions.comparison.code.tex)
(C:\Users\huawei\AppData\Local\Programs\MiKTeX\tex/generic/pgf/math\pgfmathfunc
tions.base.code.tex)
(C:\Users\huawei\AppData\Local\Programs\MiKTeX\tex/generic/pgf/math\pgfmathfunc
tions.round.code.tex)
(C:\Users\huawei\AppData\Local\Programs\MiKTeX\tex/generic/pgf/math\pgfmathfunc
tions.misc.code.tex)
(C:\Users\huawei\AppData\Local\Programs\MiKTeX\tex/generic/pgf/math\pgfmathfunc
tions.integerarithmetics.code.tex)))
(C:\Users\huawei\AppData\Local\Programs\MiKTeX\tex/generic/pgf/math\pgfmathfloa
t.code.tex
\c@pgfmathroundto@lastzeros=\count322
))
(C:\Users\huawei\AppData\Local\Programs\MiKTeX\tex/generic/pgf/math\pgfint.code
.tex)
(C:\Users\huawei\AppData\Local\Programs\MiKTeX\tex/generic/pgf/basiclayer\pgfco
repoints.code.tex
File: pgfcorepoints.code.tex 2020/10/01 v3.1.6a (3.1.6a)
\pgf@picminx=\dimen286
\pgf@picmaxx=\dimen287
\pgf@picminy=\dimen288
\pgf@picmaxy=\dimen289
\pgf@pathminx=\dimen290
\pgf@pathmaxx=\dimen291
\pgf@pathminy=\dimen292
\pgf@pathmaxy=\dimen293
\pgf@xx=\dimen294
\pgf@xy=\dimen295
\pgf@yx=\dimen296
\pgf@yy=\dimen297
\pgf@zx=\dimen298
\pgf@zy=\dimen299
)
(C:\Users\huawei\AppData\Local\Programs\MiKTeX\tex/generic/pgf/basiclayer\pgfco
repathconstruct.code.tex
File: pgfcorepathconstruct.code.tex 2020/10/01 v3.1.6a (3.1.6a)
\pgf@path@lastx=\dimen300
\pgf@path@lasty=\dimen301
)
(C:\Users\huawei\AppData\Local\Programs\MiKTeX\tex/generic/pgf/basiclayer\pgfco
repathusage.code.tex
File: pgfcorepathusage.code.tex 2020/10/01 v3.1.6a (3.1.6a)
\pgf@shorten@end@additional=\dimen302
\pgf@shorten@start@additional=\dimen303
)
(C:\Users\huawei\AppData\Local\Programs\MiKTeX\tex/generic/pgf/basiclayer\pgfco
rescopes.code.tex
File: pgfcorescopes.code.tex 2020/10/01 v3.1.6a (3.1.6a)
\pgfpic=\box68
\pgf@hbox=\box69
\pgf@layerbox@main=\box70
\pgf@picture@serial@count=\count323
)
(C:\Users\huawei\AppData\Local\Programs\MiKTeX\tex/generic/pgf/basiclayer\pgfco
regraphicstate.code.tex
File: pgfcoregraphicstate.code.tex 2020/10/01 v3.1.6a (3.1.6a)
\pgflinewidth=\dimen304
)
(C:\Users\huawei\AppData\Local\Programs\MiKTeX\tex/generic/pgf/basiclayer\pgfco
retransformations.code.tex
File: pgfcoretransformations.code.tex 2020/10/01 v3.1.6a (3.1.6a)
\pgf@pt@x=\dimen305
\pgf@pt@y=\dimen306
\pgf@pt@temp=\dimen307
)
(C:\Users\huawei\AppData\Local\Programs\MiKTeX\tex/generic/pgf/basiclayer\pgfco
requick.code.tex
File: pgfcorequick.code.tex 2020/10/01 v3.1.6a (3.1.6a)
)
(C:\Users\huawei\AppData\Local\Programs\MiKTeX\tex/generic/pgf/basiclayer\pgfco
reobjects.code.tex
File: pgfcoreobjects.code.tex 2020/10/01 v3.1.6a (3.1.6a)
)
(C:\Users\huawei\AppData\Local\Programs\MiKTeX\tex/generic/pgf/basiclayer\pgfco
repathprocessing.code.tex
File: pgfcorepathprocessing.code.tex 2020/10/01 v3.1.6a (3.1.6a)
)
(C:\Users\huawei\AppData\Local\Programs\MiKTeX\tex/generic/pgf/basiclayer\pgfco
rearrows.code.tex
File: pgfcorearrows.code.tex 2020/10/01 v3.1.6a (3.1.6a)
\pgfarrowsep=\dimen308
)
(C:\Users\huawei\AppData\Local\Programs\MiKTeX\tex/generic/pgf/basiclayer\pgfco
reshade.code.tex
File: pgfcoreshade.code.tex 2020/10/01 v3.1.6a (3.1.6a)
\pgf@max=\dimen309
\pgf@sys@shading@range@num=\count324
\pgf@shadingcount=\count325
)
(C:\Users\huawei\AppData\Local\Programs\MiKTeX\tex/generic/pgf/basiclayer\pgfco
reimage.code.tex
File: pgfcoreimage.code.tex 2020/10/01 v3.1.6a (3.1.6a)

(C:\Users\huawei\AppData\Local\Programs\MiKTeX\tex/generic/pgf/basiclayer\pgfco
reexternal.code.tex
File: pgfcoreexternal.code.tex 2020/10/01 v3.1.6a (3.1.6a)
\pgfexternal@startupbox=\box71
))
(C:\Users\huawei\AppData\Local\Programs\MiKTeX\tex/generic/pgf/basiclayer\pgfco
relayers.code.tex
File: pgfcorelayers.code.tex 2020/10/01 v3.1.6a (3.1.6a)
)
(C:\Users\huawei\AppData\Local\Programs\MiKTeX\tex/generic/pgf/basiclayer\pgfco
retransparency.code.tex
File: pgfcoretransparency.code.tex 2020/10/01 v3.1.6a (3.1.6a)
)
(C:\Users\huawei\AppData\Local\Programs\MiKTeX\tex/generic/pgf/basiclayer\pgfco
repatterns.code.tex
File: pgfcorepatterns.code.tex 2020/10/01 v3.1.6a (3.1.6a)
)
(C:\Users\huawei\AppData\Local\Programs\MiKTeX\tex/generic/pgf/basiclayer\pgfco
rerdf.code.tex
File: pgfcorerdf.code.tex 2020/10/01 v3.1.6a (3.1.6a)
)))
(C:\Users\huawei\AppData\Local\Programs\MiKTeX\tex/generic/pgf/modules\pgfmodul
eshapes.code.tex
File: pgfmoduleshapes.code.tex 2020/10/01 v3.1.6a (3.1.6a)
\pgfnodeparttextbox=\box72
)
(C:\Users\huawei\AppData\Local\Programs\MiKTeX\tex/generic/pgf/modules\pgfmodul
eplot.code.tex
File: pgfmoduleplot.code.tex 2020/10/01 v3.1.6a (3.1.6a)
)
(C:\Users\huawei\AppData\Local\Programs\MiKTeX\tex/latex/pgf/compatibility\pgfc
omp-version-0-65.sty
Package: pgfcomp-version-0-65 2020/10/01 v3.1.6a (3.1.6a)
\pgf@nodesepstart=\dimen310
\pgf@nodesepend=\dimen311
)
(C:\Users\huawei\AppData\Local\Programs\MiKTeX\tex/latex/pgf/compatibility\pgfc
omp-version-1-18.sty
Package: pgfcomp-version-1-18 2020/10/01 v3.1.6a (3.1.6a)
))
(C:\Users\huawei\AppData\Local\Programs\MiKTeX\tex/latex/pgf/utilities\pgffor.s
ty
(C:\Users\huawei\AppData\Local\Programs\MiKTeX\tex/latex/pgf/utilities\pgfkeys.
sty
(C:\Users\huawei\AppData\Local\Programs\MiKTeX\tex/generic/pgf/utilities\pgfkey
s.code.tex))
(C:\Users\huawei\AppData\Local\Programs\MiKTeX\tex/latex/pgf/math\pgfmath.sty
(C:\Users\huawei\AppData\Local\Programs\MiKTeX\tex/generic/pgf/math\pgfmath.cod
e.tex))
(C:\Users\huawei\AppData\Local\Programs\MiKTeX\tex/generic/pgf/utilities\pgffor
.code.tex
Package: pgffor 2020/10/01 v3.1.6a (3.1.6a)

(C:\Users\huawei\AppData\Local\Programs\MiKTeX\tex/generic/pgf/math\pgfmath.cod
e.tex)
\pgffor@iter=\dimen312
\pgffor@skip=\dimen313
\pgffor@stack=\toks37
\pgffor@toks=\toks38
))
(C:\Users\huawei\AppData\Local\Programs\MiKTeX\tex/generic/pgf/frontendlayer/ti
kz\tikz.code.tex
Package: tikz 2020/10/01 v3.1.6a (3.1.6a)

(C:\Users\huawei\AppData\Local\Programs\MiKTeX\tex/generic/pgf/libraries\pgflib
raryplothandlers.code.tex
File: pgflibraryplothandlers.code.tex 2020/10/01 v3.1.6a (3.1.6a)
\pgf@plot@mark@count=\count326
\pgfplotmarksize=\dimen314
)
\tikz@lastx=\dimen315
\tikz@lasty=\dimen316
\tikz@lastxsaved=\dimen317
\tikz@lastysaved=\dimen318
\tikz@lastmovetox=\dimen319
\tikz@lastmovetoy=\dimen320
\tikzleveldistance=\dimen321
\tikzsiblingdistance=\dimen322
\tikz@figbox=\box73
\tikz@figbox@bg=\box74
\tikz@tempbox=\box75
\tikz@tempbox@bg=\box76
\tikztreelevel=\count327
\tikznumberofchildren=\count328
\tikznumberofcurrentchild=\count329
\tikz@fig@count=\count330

(C:\Users\huawei\AppData\Local\Programs\MiKTeX\tex/generic/pgf/modules\pgfmodul
ematrix.code.tex
File: pgfmodulematrix.code.tex 2020/10/01 v3.1.6a (3.1.6a)
\pgfmatrixcurrentrow=\count331
\pgfmatrixcurrentcolumn=\count332
\pgf@matrix@numberofcolumns=\count333
)
\tikz@expandcount=\count334

(C:\Users\huawei\AppData\Local\Programs\MiKTeX\tex/generic/pgf/frontendlayer/ti
kz/libraries\tikzlibrarytopaths.code.tex
File: tikzlibrarytopaths.code.tex 2020/10/01 v3.1.6a (3.1.6a)
)))
(C:\Users\huawei\AppData\Local\Programs\MiKTeX\tex/latex/tools\multicol.sty
Package: multicol 2019/12/09 v1.8y multicolumn formatting (FMi)
\c@tracingmulticols=\count335
\mult@box=\box77
\multicol@leftmargin=\dimen323
\c@unbalance=\count336
\c@collectmore=\count337
\doublecol@number=\count338
\multicoltolerance=\count339
\multicolpretolerance=\count340
\full@width=\dimen324
\page@free=\dimen325
\premulticols=\dimen326
\postmulticols=\dimen327
\multicolsep=\skip79
\multicolbaselineskip=\skip80
\partial@page=\box78
\last@line=\box79
\maxbalancingoverflow=\dimen328
\mult@rightbox=\box80
\mult@grightbox=\box81
\mult@gfirstbox=\box82
\mult@firstbox=\box83
\@tempa=\box84
\@tempa=\box85
\@tempa=\box86
\@tempa=\box87
\@tempa=\box88
\@tempa=\box89
\@tempa=\box90
\@tempa=\box91
\@tempa=\box92
\@tempa=\box93
\@tempa=\box94
\@tempa=\box95
\@tempa=\box96
\@tempa=\box97
\@tempa=\box98
\@tempa=\box99
\@tempa=\box100
\@tempa=\box101
\@tempa=\box102
\@tempa=\box103
\@tempa=\box104
\@tempa=\box105
\@tempa=\box106
\@tempa=\box107
\@tempa=\box108
\@tempa=\box109
\@tempa=\box110
\@tempa=\box111
\@tempa=\box112
\@tempa=\box113
\@tempa=\box114
\@tempa=\box115
\@tempa=\box116
\@tempa=\box117
\@tempa=\box118
\@tempa=\box119
\@tempa=\box120
\c@minrows=\count341
\c@columnbadness=\count342
\c@finalcolumnbadness=\count343
\last@try=\dimen329
\multicolovershoot=\dimen330
\multicolundershoot=\dimen331
\mult@nat@firstbox=\box121
\colbreak@box=\box122
\mc@col@check@num=\count344
)
(C:\Users\huawei\AppData\Local\Programs\MiKTeX\tex/latex/tikzsymbols\tikzsymbol
s.sty
Package: tikzsymbols 2019/02/08 v4.10c Some symbols created using tikz and LaTe
X3.
 (C:\Users\huawei\AppData\Local\Programs\MiKTeX\tex/latex/tools\xspace.sty
Package: xspace 2014/10/28 v1.13 Space after command names (DPC,MH)
)
(C:\Users\huawei\AppData\Local\Programs\MiKTeX\tex/generic/pgf/frontendlayer/ti
kz/libraries\tikzlibraryarrows.code.tex
File: tikzlibraryarrows.code.tex 2020/10/01 v3.1.6a (3.1.6a)

(C:\Users\huawei\AppData\Local\Programs\MiKTeX\tex/generic/pgf/libraries\pgflib
raryarrows.code.tex
File: pgflibraryarrows.code.tex 2020/10/01 v3.1.6a (3.1.6a)
\arrowsize=\dimen332
))
(C:\Users\huawei\AppData\Local\Programs\MiKTeX\tex/generic/pgf/frontendlayer/ti
kz/libraries\tikzlibrarydecorations.pathmorphing.code.tex
(C:\Users\huawei\AppData\Local\Programs\MiKTeX\tex/generic/pgf/frontendlayer/ti
kz/libraries\tikzlibrarydecorations.code.tex
(C:\Users\huawei\AppData\Local\Programs\MiKTeX\tex/generic/pgf/modules\pgfmodul
edecorations.code.tex
\pgfdecoratedcompleteddistance=\dimen333
\pgfdecoratedremainingdistance=\dimen334
\pgfdecoratedinputsegmentcompleteddistance=\dimen335
\pgfdecoratedinputsegmentremainingdistance=\dimen336
\pgf@decorate@distancetomove=\dimen337
\pgf@decorate@repeatstate=\count345
\pgfdecorationsegmentamplitude=\dimen338
\pgfdecorationsegmentlength=\dimen339
)
\tikz@lib@dec@box=\box123
)
(C:\Users\huawei\AppData\Local\Programs\MiKTeX\tex/generic/pgf/libraries/decora
tions\pgflibrarydecorations.pathmorphing.code.tex))
(C:\Users\huawei\AppData\Local\Programs\MiKTeX\tex/generic/pgf/frontendlayer/ti
kz/libraries\tikzlibrarytrees.code.tex
File: tikzlibrarytrees.code.tex 2020/10/01 v3.1.6a (3.1.6a)
)
\l__tikzsymbols_Moai_thickness_dim=\dimen340
)
(C:\Users\huawei\AppData\Local\Programs\MiKTeX\tex/latex/tools\bm.sty
Package: bm 2019/07/24 v1.2d Bold Symbol Support (DPC/FMi)
\symboldoperators=\mathgroup4
\symboldletters=\mathgroup5
\symboldsymbols=\mathgroup6
LaTeX Font Info:    Redeclaring math alphabet \mathbf on input line 141.
LaTeX Info: Redefining \bm on input line 209.
)
(C:\Users\huawei\AppData\Local\Programs\MiKTeX\tex/latex/listings\listings.sty
\lst@mode=\count346
\lst@gtempboxa=\box124
\lst@token=\toks39
\lst@length=\count347
\lst@currlwidth=\dimen341
\lst@column=\count348
\lst@pos=\count349
\lst@lostspace=\dimen342
\lst@width=\dimen343
\lst@newlines=\count350
\lst@lineno=\count351
\lst@maxwidth=\dimen344

(C:\Users\huawei\AppData\Local\Programs\MiKTeX\tex/latex/listings\lstmisc.sty
File: lstmisc.sty 2020/03/24 1.8d (Carsten Heinz)
\c@lstnumber=\count352
\lst@skipnumbers=\count353
\lst@framebox=\box125
)
(C:\Users\huawei\AppData\Local\Programs\MiKTeX\tex/latex/listings\listings.cfg
File: listings.cfg 2020/03/24 1.8d listings configuration
))
Package: listings 2020/03/24 1.8d (Carsten Heinz)

(C:\Users\huawei\AppData\Local\Programs\MiKTeX\tex/latex/listings\lstlang1.sty
File: lstlang1.sty 2020/03/24 1.8d listings language file
) (C:\Users\huawei\AppData\Local\Programs\MiKTeX\tex/latex/listings\lstlang2.st
y
File: lstlang2.sty 2020/03/24 1.8d listings language file
)
(C:\Users\huawei\AppData\Local\Programs\MiKTeX\tex/latex/listings\lstlang3.sty
File: lstlang3.sty 2020/03/24 1.8d listings language file
)
Package hyperref Info: Option `colorlinks' set `false' on input line 55.

Package hyperref Warning: Unexpected value `black' of
(hyperref)                option `linktoc' instead of `none',
(hyperref)                `section', `page' or `all' on input line 55.


(C:\Users\huawei\AppData\Local\Programs\MiKTeX\tex/generic/pgf/frontendlayer/ti
kz/libraries\tikzlibraryshapes.geometric.code.tex
File: tikzlibraryshapes.geometric.code.tex 2020/10/01 v3.1.6a (3.1.6a)

(C:\Users\huawei\AppData\Local\Programs\MiKTeX\tex/generic/pgf/libraries/shapes
\pgflibraryshapes.geometric.code.tex
File: pgflibraryshapes.geometric.code.tex 2020/10/01 v3.1.6a (3.1.6a)
))
(C:\Users\huawei\AppData\Local\Programs\MiKTeX\tex/latex/titlesec\titlesec.sty
Package: titlesec 2019/10/16 v2.13 Sectioning titles
\ttl@box=\box126
\beforetitleunit=\skip81
\aftertitleunit=\skip82
\ttl@plus=\dimen345
\ttl@minus=\dimen346
\ttl@toksa=\toks40
\titlewidth=\dimen347
\titlewidthlast=\dimen348
\titlewidthfirst=\dimen349
)
\c@ttlp@side=\count354
\ttlp@side=\count355
LaTeX Font Info:    Trying to load font information for OT1+ptm on input line 8
0.
(C:\Users\huawei\AppData\Local\Programs\MiKTeX\tex/latex/psnfss\ot1ptm.fd
File: ot1ptm.fd 2001/06/04 font definitions for OT1/ptm.
)
(TesiEntireDocument.aux

LaTeX Warning: Label `tab:dscorepkg' multiply defined.


LaTeX Warning: Label `tab:regD' multiply defined.


LaTeX Warning: Label `tab:regD' multiply defined.

)
\openout1 = `TesiEntireDocument.aux'.

LaTeX Font Info:    Checking defaults for OML/cmm/m/it on input line 80.
LaTeX Font Info:    ... okay on input line 80.
LaTeX Font Info:    Checking defaults for OMS/cmsy/m/n on input line 80.
LaTeX Font Info:    ... okay on input line 80.
LaTeX Font Info:    Checking defaults for OT1/cmr/m/n on input line 80.
LaTeX Font Info:    ... okay on input line 80.
LaTeX Font Info:    Checking defaults for T1/cmr/m/n on input line 80.
LaTeX Font Info:    ... okay on input line 80.
LaTeX Font Info:    Checking defaults for TS1/cmr/m/n on input line 80.
LaTeX Font Info:    ... okay on input line 80.
LaTeX Font Info:    Checking defaults for OMX/cmex/m/n on input line 80.
LaTeX Font Info:    ... okay on input line 80.
LaTeX Font Info:    Checking defaults for U/cmr/m/n on input line 80.
LaTeX Font Info:    ... okay on input line 80.
LaTeX Font Info:    Checking defaults for PD1/pdf/m/n on input line 80.
LaTeX Font Info:    ... okay on input line 80.
Package hyperref Info: Link coloring OFF on input line 80.
 (C:\Users\huawei\AppData\Local\Programs\MiKTeX\tex/latex/hyperref\nameref.sty
Package: nameref 2019/09/16 v2.46 Cross-referencing by name of section
(C:\Users\huawei\AppData\Local\Programs\MiKTeX\tex/latex/refcount\refcount.sty
Package: refcount 2019/12/15 v3.6 Data extraction from label references (HO)
)
(C:\Users\huawei\AppData\Local\Programs\MiKTeX\tex/generic/gettitlestring\getti
tlestring.sty
Package: gettitlestring 2019/12/15 v1.6 Cleanup title references (HO)
)
\c@section@level=\count356
)
LaTeX Info: Redefining \ref on input line 80.
LaTeX Info: Redefining \pageref on input line 80.
LaTeX Info: Redefining \nameref on input line 80.
 (TesiEntireDocument.out) (TesiEntireDocument.out)
\@outlinefile=\write4
\openout4 = `TesiEntireDocument.out'.


(C:\Users\huawei\AppData\Local\Programs\MiKTeX\tex/context/base/mkii\supp-pdf.m
kii
[Loading MPS to PDF converter (version 2006.09.02).]
\scratchcounter=\count357
\scratchdimen=\dimen350
\scratchbox=\box127
\nofMPsegments=\count358
\nofMParguments=\count359
\everyMPshowfont=\toks41
\MPscratchCnt=\count360
\MPscratchDim=\dimen351
\MPnumerator=\count361
\makeMPintoPDFobject=\count362
\everyMPtoPDFconversion=\toks42
)
(C:\Users\huawei\AppData\Local\Programs\MiKTeX\tex/latex/epstopdf-pkg\epstopdf-
base.sty
Package: epstopdf-base 2020-01-24 v2.11 Base part for package epstopdf
Package epstopdf-base Info: Redefining graphics rule for `.eps' on input line 4
85.
)
\c@maskedRefs=\count363

(C:\Users\huawei\AppData\Local\Programs\MiKTeX\tex/latex/apacite\english.apc
File: english.apc 2013/07/21 v6.03 apacite language file
LaTeX Info: Redefining \BPBI on input line 129.
LaTeX Info: Redefining \BHBI on input line 130.
)
Package caption Info: Begin \AtBeginDocument code.
Package caption Info: listings package is loaded.
Package caption Info: longtable package is loaded.

(C:\Users\huawei\AppData\Local\Programs\MiKTeX\tex/latex/caption\ltcaption.sty
Package: ltcaption 2020/05/30 v1.4b longtable captions (AR)
)
Package caption Info: End \AtBeginDocument code.
*geometry* driver: auto-detecting
*geometry* detected driver: pdftex
*geometry* verbose mode - [ preamble ] result:
* driver: pdftex
* paper: <default>
* layout: <same size as paper>
* layoutoffset:(h,v)=(0.0pt,0.0pt)
* modes: twoside 
* h-part:(L,W,R)=(85.35826pt, 443.57848pt, 85.35826pt)
* v-part:(T,H,B)=(85.35826pt, 624.25346pt, 85.35826pt)
* \paperwidth=614.295pt
* \paperheight=794.96999pt
* \textwidth=443.57848pt
* \textheight=624.25346pt
* \oddsidemargin=13.08827pt
* \evensidemargin=13.08827pt
* \topmargin=-18.78552pt
* \headheight=12.0pt
* \headsep=19.8738pt
* \topskip=12.0pt
* \footskip=30.0pt
* \marginparwidth=98.0pt
* \marginparsep=7.0pt
* \columnsep=10.0pt
* \skip\footins=10.8pt plus 4.0pt minus 2.0pt
* \hoffset=0.0pt
* \voffset=0.0pt
* \mag=1000
* \@twocolumnfalse
* \@twosidetrue
* \@mparswitchtrue
* \@reversemarginfalse
* (1in=72.27pt=25.4mm, 1cm=28.453pt)


(C:\Users\huawei\AppData\Local\Programs\MiKTeX\tex/latex/siunitx\siunitx-abbrev
iations.cfg
File: siunitx-abbreviations.cfg 2017/11/26 v2.7k siunitx: Abbreviated units
)
(C:\Users\huawei\AppData\Local\Programs\MiKTeX\tex/latex/translator\translator-
basic-dictionary-English.dict
Dictionary: translator-basic-dictionary, Language: English 
)
\c@lstlisting=\count364
<unipd.png, id=334, 943.525pt x 949.5475pt>
File: unipd.png Graphic file (type png)
<use unipd.png>
Package pdftex.def Info: unipd.png  used on input line 89.
(pdftex.def)             Requested size: 110.8946pt x 111.59357pt.
 [1


{C:/Users/huawei/AppData/Local/MiKTeX/pdftex/config/pdftex.map} <./unipd.png>] 
[2]
Overfull \vbox (188.01378pt too high) has occurred while \output is active []


[3] [4

] (TesiEntireDocument.toc
LaTeX Font Info:    Trying to load font information for OT1+pcr on input line 3
1.

(C:\Users\huawei\AppData\Local\Programs\MiKTeX\tex/latex/psnfss\ot1pcr.fd
File: ot1pcr.fd 2001/06/04 font definitions for OT1/pcr.
)
[5] [6] [7])
\tf@toc=\write5
\openout5 = `TesiEntireDocument.toc'.

 [8] [9

] [10] [11] [12] [13] [14] [15] [16] [17] [18]
Chapter 1.
[1


] [2] [3] [4]
Overfull \hbox (8.49228pt too wide) in paragraph at lines 378--382
\OT1/ptm/m/n/12 tudes, pref-er-ences, self-esteem, and other psy-cho-log-i-cal 
con-structs, such as the IAT [][]Greenwald
 []

[5] [6]
<cocagood.png, id=683, 940.9554pt x 523.2348pt>
File: cocagood.png Graphic file (type png)
<use cocagood.png>
Package pdftex.def Info: cocagood.png  used on input line 419.
(pdftex.def)             Requested size: 177.42868pt x 98.65717pt.
<cocabad.png, id=685, 940.9554pt x 523.2348pt>
File: cocabad.png Graphic file (type png)
<use cocabad.png>
Package pdftex.def Info: cocabad.png  used on input line 426.
(pdftex.def)             Requested size: 177.42868pt x 98.65717pt.
 [7 <./cocagood.png> <./cocabad.png>]
<yearIATtopic.pdf, id=697, 1011.78pt x 614.295pt>
File: yearIATtopic.pdf Graphic file (type pdf)
<use yearIATtopic.pdf>
Package pdftex.def Info: yearIATtopic.pdf  used on input line 446.
(pdftex.def)             Requested size: 443.57848pt x 269.3158pt.
<wordcloudtopic.png, id=700, 458.31226pt x 477.58424pt>
File: wordcloudtopic.png Graphic file (type png)
<use wordcloudtopic.png>
Package pdftex.def Info: wordcloudtopic.png  used on input line 461.
(pdftex.def)             Requested size: 221.78923pt x 231.11797pt.


LaTeX Warning: `!h' float specifier changed to `!ht'.

[8 <./yearIATtopic.pdf>] [9 <./wordcloudtopic.png>] [10] [11] [12]
<sccokegood.png, id=791, 940.9554pt x 522.753pt>
File: sccokegood.png Graphic file (type png)
<use sccokegood.png>
Package pdftex.def Info: sccokegood.png  used on input line 548.
(pdftex.def)             Requested size: 177.42868pt x 98.56633pt.
<sccokebad.png, id=792, 940.9554pt x 523.2348pt>
File: sccokebad.png Graphic file (type png)
<use sccokebad.png>
Package pdftex.def Info: sccokebad.png  used on input line 554.
(pdftex.def)             Requested size: 177.42868pt x 98.65717pt.


LaTeX Warning: `!h' float specifier changed to `!ht'.

[13] [14 <./sccokegood.png> <./sccokebad.png>] [15] [16]
\g__tikzsymbols_savebox_F_0 g 0 G_12_Cat_1_box=\box128
\g__tikzsymbols_savebox_F_0 g 0 G_12_Snowman_1.5_box=\box129
\g__tikzsymbols_savebox_F_0 g 0 G_12_NiceReapey_1_black!20!white_box=\box130
\g__tikzsymbols_savebox_F_0 g 0 G_12_Cat_2_box=\box131
\g__tikzsymbols_savebox_F_0 g 0 G_12_Snowman_2.5_box=\box132
\g__tikzsymbols_savebox_F_0 g 0 G_12_NiceReapey_2_black!20!white_box=\box133


LaTeX Warning: `!h' float specifier changed to `!ht'.

[17] [18] [19] [20] [21] [22] [23] [24

]
Chapter 2.

Overfull \hbox (12.0pt too wide) in alignment at lines 758--758
[][][] 
 []

[25] [26] [27] [28] [29] [30] [31]
Overfull \hbox (22.26135pt too wide) in paragraph at lines 876--890
 [][] 
 []


LaTeX Warning: `!h' float specifier changed to `!ht'.

[32] [33] [34] [35] [36]
Overfull \hbox (2.65274pt too wide) detected at line 949
$\OML/cmm/m/it/12 :\OT1/cmr/m/n/12 64 (0\OML/cmm/m/it/12 :\OT1/cmr/m/n/12 62)$ 

 []


Overfull \hbox (2.65274pt too wide) detected at line 949
$\OML/cmm/m/it/12 :\OT1/cmr/m/n/12 41 (0\OML/cmm/m/it/12 :\OT1/cmr/m/n/12 41)$ 

 []


Overfull \hbox (2.65274pt too wide) detected at line 950
$\OML/cmm/m/it/12 :\OT1/cmr/m/n/12 64 (0\OML/cmm/m/it/12 :\OT1/cmr/m/n/12 60)$ 

 []


Overfull \hbox (2.65274pt too wide) detected at line 950
$\OML/cmm/m/it/12 :\OT1/cmr/m/n/12 39 (0\OML/cmm/m/it/12 :\OT1/cmr/m/n/12 39)$ 

 []


Overfull \hbox (2.65274pt too wide) detected at line 951
$\OML/cmm/m/it/12 :\OT1/cmr/m/n/12 73 (0\OML/cmm/m/it/12 :\OT1/cmr/m/n/12 73)$ 

 []


Overfull \hbox (2.65274pt too wide) detected at line 951
$\OML/cmm/m/it/12 :\OT1/cmr/m/n/12 40 (0\OML/cmm/m/it/12 :\OT1/cmr/m/n/12 41)$ 

 []


Overfull \hbox (2.65274pt too wide) detected at line 952
$\OML/cmm/m/it/12 :\OT1/cmr/m/n/12 72 (0\OML/cmm/m/it/12 :\OT1/cmr/m/n/12 70)$ 

 []


Overfull \hbox (2.65274pt too wide) detected at line 952
$\OML/cmm/m/it/12 :\OT1/cmr/m/n/12 39 (0\OML/cmm/m/it/12 :\OT1/cmr/m/n/12 39)$ 

 []


Overfull \hbox (2.65274pt too wide) detected at line 953
$\OML/cmm/m/it/12 :\OT1/cmr/m/n/12 64 (0\OML/cmm/m/it/12 :\OT1/cmr/m/n/12 63)$ 

 []


Overfull \hbox (2.65274pt too wide) detected at line 954
$\OML/cmm/m/it/12 :\OT1/cmr/m/n/12 64 (0\OML/cmm/m/it/12 :\OT1/cmr/m/n/12 60)$ 

 []


Overfull \hbox (2.65274pt too wide) detected at line 955
$\OML/cmm/m/it/12 :\OT1/cmr/m/n/12 72 (0\OML/cmm/m/it/12 :\OT1/cmr/m/n/12 75)$ 

 []


Overfull \hbox (2.65274pt too wide) detected at line 956
$\OML/cmm/m/it/12 :\OT1/cmr/m/n/12 72 (0\OML/cmm/m/it/12 :\OT1/cmr/m/n/12 71)$ 

 []


Overfull \hbox (2.65274pt too wide) detected at line 957
$\OML/cmm/m/it/12 :\OT1/cmr/m/n/12 06 (0\OML/cmm/m/it/12 :\OT1/cmr/m/n/12 35)$ 

 []


Overfull \hbox (2.65274pt too wide) detected at line 957
$\OML/cmm/m/it/12 :\OT1/cmr/m/n/12 05 (0\OML/cmm/m/it/12 :\OT1/cmr/m/n/12 31)$ 

 []


Overfull \hbox (2.65274pt too wide) detected at line 958
$\OML/cmm/m/it/12 :\OT1/cmr/m/n/12 06 (0\OML/cmm/m/it/12 :\OT1/cmr/m/n/12 34)$ 

 []


Overfull \hbox (2.65274pt too wide) detected at line 959
$\OML/cmm/m/it/12 :\OT1/cmr/m/n/12 06 (0\OML/cmm/m/it/12 :\OT1/cmr/m/n/12 36)$ 

 []


Overfull \hbox (2.65274pt too wide) detected at line 960
$\OML/cmm/m/it/12 :\OT1/cmr/m/n/12 06 (0\OML/cmm/m/it/12 :\OT1/cmr/m/n/12 35)$ 

 []


Overfull \hbox (2.65274pt too wide) detected at line 961
$\OML/cmm/m/it/12 :\OT1/cmr/m/n/12 06 (0\OML/cmm/m/it/12 :\OT1/cmr/m/n/12 36)$ 

 []


Overfull \hbox (2.65274pt too wide) detected at line 962
$\OML/cmm/m/it/12 :\OT1/cmr/m/n/12 06 (0\OML/cmm/m/it/12 :\OT1/cmr/m/n/12 35)$ 

 []


Overfull \hbox (2.65274pt too wide) detected at line 963
$\OML/cmm/m/it/12 :\OT1/cmr/m/n/12 06 (0\OML/cmm/m/it/12 :\OT1/cmr/m/n/12 36)$ 

 []


Overfull \hbox (2.65274pt too wide) detected at line 964
$\OML/cmm/m/it/12 :\OT1/cmr/m/n/12 06 (0\OML/cmm/m/it/12 :\OT1/cmr/m/n/12 35)$ 

 []


Overfull \hbox (2.65274pt too wide) detected at line 965
$\OML/cmm/m/it/12 :\OT1/cmr/m/n/12 16 (0\OML/cmm/m/it/12 :\OT1/cmr/m/n/12 39)$ 

 []


Overfull \hbox (2.65274pt too wide) detected at line 965
$\OML/cmm/m/it/12 :\OT1/cmr/m/n/12 15 (0\OML/cmm/m/it/12 :\OT1/cmr/m/n/12 33)$ 

 []


Overfull \hbox (2.65274pt too wide) detected at line 966
$\OML/cmm/m/it/12 :\OT1/cmr/m/n/12 16 (0\OML/cmm/m/it/12 :\OT1/cmr/m/n/12 39)$ 

 []


Overfull \hbox (2.65274pt too wide) detected at line 967
$\OML/cmm/m/it/12 :\OT1/cmr/m/n/12 16 (0\OML/cmm/m/it/12 :\OT1/cmr/m/n/12 41)$ 

 []


Overfull \hbox (2.65274pt too wide) detected at line 968
$\OML/cmm/m/it/12 :\OT1/cmr/m/n/12 16 (0\OML/cmm/m/it/12 :\OT1/cmr/m/n/12 40)$ 

 []


Overfull \hbox (2.65274pt too wide) detected at line 969
$\OML/cmm/m/it/12 :\OT1/cmr/m/n/12 16 (0\OML/cmm/m/it/12 :\OT1/cmr/m/n/12 38)$ 

 []


Overfull \hbox (2.65274pt too wide) detected at line 970
$\OML/cmm/m/it/12 :\OT1/cmr/m/n/12 16 (0\OML/cmm/m/it/12 :\OT1/cmr/m/n/12 37)$ 

 []


Overfull \hbox (2.65274pt too wide) detected at line 971
$\OML/cmm/m/it/12 :\OT1/cmr/m/n/12 17 (0\OML/cmm/m/it/12 :\OT1/cmr/m/n/12 39)$ 

 []


Overfull \hbox (2.65274pt too wide) detected at line 972
$\OML/cmm/m/it/12 :\OT1/cmr/m/n/12 16 (0\OML/cmm/m/it/12 :\OT1/cmr/m/n/12 39)$ 

 []


Overfull \hbox (50.97842pt too wide) in paragraph at lines 946--977
 [][] 
 []


LaTeX Warning: Float too large for page by 62.09448pt on input line 977.


LaTeX Warning: `!h' float specifier changed to `!ht'.

[37] [38


] [39]

LaTeX Warning: Float too large for page by 66.81027pt on input line 1043.

[40]
Overfull \hbox (15.31587pt too wide) in alignment at lines 1073--1073
[][][][][][][] 
 []

[41


] [42] [43] [44] [45]
Underfull \hbox (badness 10000) in paragraph at lines 1128--1128
[]|\OT1/ptm/m/n/12 Multiple
 []


Overfull \hbox (15.26808pt too wide) in paragraph at lines 1131--1131
[]|[][]\OT1/pcr/m/n/12 IATanalytics| 
 []


Underfull \hbox (badness 10000) in paragraph at lines 1131--1131
[]|[][]\OT1/ptm/m/n/12 Storage[]
 []


Underfull \hbox (badness 10000) in paragraph at lines 1133--1133
[]|[][]\OT1/ptm/m/n/12 Storage[]
 []


Underfull \hbox (badness 10000) in paragraph at lines 1137--1137
[]|[][]\OT1/ptm/m/n/12 Martin[]
 []


Overfull \hbox (6.6641pt too wide) in paragraph at lines 1143--1143
[]|[][]\OT1/ptm/m/n/12 Costantini[]
 []

[46

] [47] [48

]
<resultsApp.png, id=1181, 944.02687pt x 671.50874pt>
File: resultsApp.png Graphic file (type png)
<use resultsApp.png>
Package pdftex.def Info: resultsApp.png  used on input line 1188.
(pdftex.def)             Requested size: 443.57848pt x 315.52718pt.


LaTeX Warning: `!h' float specifier changed to `!ht'.

[49] [50 <./resultsApp.png>]
<PointDefaultDscore3.pdf, id=1202, 1084.05pt x 505.89pt>
File: PointDefaultDscore3.pdf Graphic file (type pdf)
<use PointDefaultDscore3.pdf>
Package pdftex.def Info: PointDefaultDscore3.pdf  used on input line 1205.
(pdftex.def)             Requested size: 177.42868pt x 82.79666pt.
<HistogramDscore3.pdf, id=1203, 1084.05pt x 505.89pt>
File: HistogramDscore3.pdf Graphic file (type pdf)
<use HistogramDscore3.pdf>
Package pdftex.def Info: HistogramDscore3.pdf  used on input line 1210.
(pdftex.def)             Requested size: 177.42868pt x 82.79666pt.
<DensityDscore3.pdf, id=1204, 1084.05pt x 505.89pt>
File: DensityDscore3.pdf Graphic file (type pdf)
<use DensityDscore3.pdf>
Package pdftex.def Info: DensityDscore3.pdf  used on input line 1215.
(pdftex.def)             Requested size: 177.42868pt x 82.79666pt.
<HistDensDscore3.pdf, id=1205, 1084.05pt x 505.89pt>
File: HistDensDscore3.pdf Graphic file (type pdf)
<use HistDensDscore3.pdf>
Package pdftex.def Info: HistDensDscore3.pdf  used on input line 1220.
(pdftex.def)             Requested size: 177.42868pt x 82.79666pt.
 [51 <./PointDefaultDscore3.pdf> <./HistogramDscore3.pdf> <./DensityDscore3.pdf
> <./HistDensDscore3.pdf>]
Overfull \hbox (6.81729pt too wide) in paragraph at lines 1244--1245
\OT1/ptm/m/n/12 ([]$\OT1/pcr/m/n/12 https :// cran [] .r [] -project [] .org / 
web / packages / implicitMeasures / index []
 []


LaTeX Warning: `!h' float specifier changed to `!ht'.

[52] [53] [54

]
Chapter 3.
[55] [56] [57] [58


] [59] [60] [61] [62] [63]

LaTeX Warning: Float too large for page by 37.11789pt on input line 1545.

[64] [65


] [66] [67] [68] [69] [70] [71] [72] [73] [74] [75]
Overfull \hbox (10.32526pt too wide) in paragraph at lines 1733--1738
[]\OT1/ptm/m/n/12 The condition--specific stim-uli es-ti-mates high-lighted a p
os-i-tive pri-macy ef-fect []e.g., []Anselmi
 []

[76] [77] [78] [79] [80]
Chapter 4.

Overfull \hbox (16.09904pt too wide) in paragraph at lines 1789--1789
|\OT1/ptm/b/n/20.74 Rasch model, Log-normal model, and Lin-ear Mixed-
 []

[81

] [82] [83]
<OnePL.pdf, id=1500, 794.97pt x 614.295pt>
File: OnePL.pdf Graphic file (type pdf)
<use OnePL.pdf>
Package pdftex.def Info: OnePL.pdf  used on input line 1840.
(pdftex.def)             Requested size: 199.60895pt x 154.23888pt.
<TwoPL.pdf, id=1501, 794.97pt x 614.295pt>
File: TwoPL.pdf Graphic file (type pdf)
<use TwoPL.pdf>
Package pdftex.def Info: TwoPL.pdf  used on input line 1845.
(pdftex.def)             Requested size: 199.60895pt x 154.23888pt.
<ThreePL.pdf, id=1502, 794.97pt x 614.295pt>
File: ThreePL.pdf Graphic file (type pdf)
<use ThreePL.pdf>
Package pdftex.def Info: ThreePL.pdf  used on input line 1850.
(pdftex.def)             Requested size: 199.60895pt x 154.23888pt.
<FourPL.pdf, id=1503, 794.97pt x 614.295pt>
File: FourPL.pdf Graphic file (type pdf)
<use FourPL.pdf>
Package pdftex.def Info: FourPL.pdf  used on input line 1855.
(pdftex.def)             Requested size: 199.60895pt x 154.23888pt.
 [84 <./OnePL.pdf> <./TwoPL.pdf> <./ThreePL.pdf> <./FourPL.pdf>]
[85]
Overfull \hbox (8.87881pt too wide) in paragraph at lines 1915--1915
[]|[]| 
 []


Overfull \hbox (20.88086pt too wide) in paragraph at lines 1910--1924
 [][] 
 []

[86] [87] [88] [89] [90] [91] [92] [93] [94] [95] [96] [97] [98] [99] [100]
[101]
Overfull \hbox (7.89313pt too wide) in paragraph at lines 2222--2223
\OT1/ptm/m/n/12 Model A1 presents the sim-plest ran-dom struc-ture, where only 
the between--respondents across--
 []

[102]
Overfull \hbox (6.49794pt too wide) in paragraph at lines 2237--2238
[]\OT1/ptm/m/n/12 Model A2 ac-counts for the within--stimuli between--condition
s vari-abil-ity and the between--
 []

[103] [104] [105]
Overfull \hbox (5.16597pt too wide) in paragraph at lines 2327--2329
[]\OT1/ptm/m/n/12 Model T2 ac-counts for the within--stimuli between--condition
s vari-abil-ity and the between--
 []

[106] [107] [108] [109] [110] [111] [112

]
Chapter 5.

Overfull \hbox (0.53465pt too wide) in paragraph at lines 2447--2448
[]\OT1/ptm/m/n/12 The ac-cu-racy and the log-time mod-els were fit-ted with the
 [][]\OT1/pcr/m/n/12 lme4 []\OT1/ptm/m/n/12 pack-age [][]Bates, M[]achler,
 []


Underfull \hbox (badness 10000) in paragraph at lines 2471--2471
[]|\OT1/ptm/m/n/12 Condition--
 []


Underfull \hbox (badness 10000) in paragraph at lines 2471--2471
[]|\OT1/ptm/m/n/12 Condition--
 []


Underfull \hbox (badness 10000) in paragraph at lines 2471--2471
[]|\OT1/ptm/m/n/12 Condition--
 []


Underfull \hbox (badness 10000) in paragraph at lines 2471--2471
[]|\OT1/ptm/m/n/12 Condition--
 []


Overfull \hbox (12.0pt too wide) in alignment at lines 2471--2471
[][][][][][] 
 []


LaTeX Warning: `!h' float specifier changed to `!ht'.

[113] [114] [115] [116] [117] [118]
Overfull \hbox (1.98259pt too wide) in paragraph at lines 2569--2572
\OT1/ptm/m/n/12 De-viance = $\OT1/cmr/m/n/12 3777\OML/cmm/m/it/12 :\OT1/cmr/m/n
/12 87$\OT1/ptm/m/n/12 ). How-ever, the lat-ter one showed the low-est BIC valu
e ($\OT1/cmr/m/n/12 3813\OML/cmm/m/it/12 :\OT1/cmr/m/n/12 53$\OT1/ptm/m/n/12 , 
$\OT1/cmr/m/n/12 3825\OML/cmm/m/it/12 :\OT1/cmr/m/n/12 91$\OT1/ptm/m/n/12 ,
 []

[119]
Overfull \hbox (0.50714pt too wide) in paragraph at lines 2597--2597
[]|\OT1/ptm/m/n/10.95 happiness| 
 []


Overfull \hbox (40.79396pt too wide) in paragraph at lines 2587--2621
 [][] 
 []

[120

] [121

] [122]

LaTeX Warning: Command \textendash invalid in math mode on input line 2657.


LaTeX Warning: Command \textendash invalid in math mode on input line 2657.


LaTeX Warning: Command \textendash invalid in math mode on input line 2657.


LaTeX Warning: Command \textendash invalid in math mode on input line 2657.

[123] [124] [125] [126] [127] [128] [129]
Overfull \hbox (0.50714pt too wide) in paragraph at lines 2805--2805
[]|\OT1/ptm/m/n/10.95 happiness| 
 []


Overfull \hbox (2.77385pt too wide) in paragraph at lines 2809--2809
[]|\OT1/ptm/m/n/10.95 marvelous| 
 []


Overfull \hbox (2.21553pt too wide) in paragraph at lines 2816--2816
[]|\OT1/ptm/m/n/10.95 wonderful| 
 []


Overfull \hbox (40.79396pt too wide) in paragraph at lines 2795--2835
 [][] 
 []


LaTeX Warning: Float too large for page by 55.09286pt on input line 2835.


LaTeX Warning: `!h' float specifier changed to `!ht'.

[130] [131


]
Overfull \hbox (23.35477pt too wide) in paragraph at lines 2878--2893
 [][] 
 []


LaTeX Warning: `!h' float specifier changed to `!ht'.

[132]
Overfull \hbox (8.6961pt too wide) in paragraph at lines 2900--2902
\OT1/ptm/m/n/12 pos-i-tively cor-re-lated with dark choco-late ex-plicit eval-u
-a-tion. The \OT1/ptm/m/it/12 D \OT1/ptm/m/n/12 score and speed-differential
 []

[133]
Overfull \hbox (1.03664pt too wide) in paragraph at lines 2922--2928
[]\OT1/ptm/m/n/12 Both the pre-dic-tive abil-ity of the dif-fer-en-tial mea-sur
es (i.e., \OT1/ptm/m/it/12 D \OT1/ptm/m/n/12 score and \OT1/ptm/m/it/12 speed-d
ifferential\OT1/ptm/m/n/12 )
 []


LaTeX Warning: `!h' float specifier changed to `!ht'.

[134]
Overfull \vbox (24.07082pt too high) has occurred while \output is active []


[135] [136] [137] [138

]
Chapter 6.
[139]
LaTeX Font Info:    Trying to load font information for OMS+ptm on input line 3
029.
 (C:\Users\huawei\AppData\Local\Programs\MiKTeX\tex/latex/psnfss\omsptm.fd
File: omsptm.fd 
)
LaTeX Font Info:    Font shape `OMS/ptm/m/n' in size <12> not available
(Font)              Font shape `OMS/cmsy/m/n' tried instead on input line 3029.

 [140] [141] [142] [143]
Overfull \hbox (6.94514pt too wide) in paragraph at lines 3118--3121
\OT1/ptm/m/n/12 and across--measures vari-abil-ity and the within--respondents 
between--conditions and between--
 []

[144] [145] [146] [147] [148

]
Chapter 7.

Overfull \hbox (3.46634pt too wide) in paragraph at lines 3233--3233
|\OT1/ptm/b/n/20.74 Multiple im-plicit mea-sures: Em-pir-i-cal ap-pli-ca-tions|
 
 []


Overfull \hbox (16.98647pt too wide) in alignment at lines 3268--3268
[][][][] 
 []


LaTeX Warning: `!h' float specifier changed to `!ht'.

[149] [150] [151]
Overfull \hbox (2.03378pt too wide) in paragraph at lines 3310--3312
[]\OT1/ptm/m/n/12 A step-wise ap-proach with for-ward se-lec-tion is fol-lowed,
 and \OT1/ptm/m/it/12 Nagelk-erke's R$[]$ [][]\OT1/ptm/m/n/12 Nagelkerke[],
 []

[152] [153] [154]
Overfull \hbox (5.67078pt too wide) in paragraph at lines 3427--3427
[]|\OT1/ptm/m/n/12 beautiful| 
 []


Overfull \hbox (7.55516pt too wide) in paragraph at lines 3427--3427
[]|\OT1/ptm/m/n/12 annoying| 
 []


Overfull \hbox (6.15079pt too wide) in paragraph at lines 3427--3427
[]|\OT1/ptm/m/n/12 excellent| 
 []


Overfull \hbox (10.33882pt too wide) in paragraph at lines 3427--3427
[]|\OT1/ptm/m/n/12 happiness| 
 []


Overfull \hbox (2.3349pt too wide) in paragraph at lines 3427--3427
[]|\OT1/ptm/m/n/12 laughter| 
 []


Overfull \hbox (1.00293pt too wide) in paragraph at lines 3427--3427
[]|\OT1/ptm/m/n/12 horrible| 
 []


Overfull \hbox (12.82289pt too wide) in paragraph at lines 3427--3427
[]|\OT1/ptm/m/n/12 marvelous| 
 []


Overfull \hbox (2.99483pt too wide) in paragraph at lines 3427--3427
[]|\OT1/ptm/m/n/12 pleasure| 
 []


Overfull \hbox (12.21103pt too wide) in paragraph at lines 3427--3427
[]|\OT1/ptm/m/n/12 wonderful| 
 []

[155

] [156

] [157]
Overfull \hbox (23.68333pt too wide) in paragraph at lines 3479--3521
 [][] 
 []


LaTeX Warning: `!h' float specifier changed to `!ht'.

[158] [159] [160]
Overfull \hbox (55.63072pt too wide) in alignment at lines 3558--3563
 [] [] [] [] [] [] [] [] [] 
 []


Overfull \hbox (55.63072pt too wide) in alignment at lines 3563--3584
 [] [] [] [] [] [] [] [] [] 
 []


Overfull \hbox (55.63072pt too wide) in alignment at lines 3584--3606
 [] [] [] [] [] [] [] [] [] 
 []


Overfull \hbox (55.63072pt too wide) in alignment at lines 3606--3609
 [] [] [] [] [] [] [] [] [] 
 []

[161

] [162] [163]
Overfull \hbox (15.25015pt too wide) detected at line 3642
$\OML/cmm/m/it/12 :\OT1/cmr/m/n/12 03 []$ 
 []


Overfull \hbox (15.25015pt too wide) detected at line 3643
$\OML/cmm/m/it/12 :\OT1/cmr/m/n/12 55 []$ 
 []


Overfull \hbox (9.00012pt too wide) detected at line 3645
$\OML/cmm/m/it/12 :\OT1/cmr/m/n/12 01$$[]$$$ 
 []


Overfull \hbox (4.75006pt too wide) detected at line 3646
$\OML/cmm/m/it/12 :\OT1/cmr/m/n/12 01$$[]$$$ 
 []


Overfull \hbox (15.25015pt too wide) detected at line 3649
$\OML/cmm/m/it/12 :\OT1/cmr/m/n/12 97 []$ 
 []


Overfull \hbox (15.25015pt too wide) detected at line 3650
$\OML/cmm/m/it/12 :\OT1/cmr/m/n/12 66 []$ 
 []


Overfull \hbox (11.00009pt too wide) detected at line 3652
$\OML/cmm/m/it/12 :\OT1/cmr/m/n/12 83 []$ 
 []


Overfull \hbox (15.25015pt too wide) detected at line 3653
$\OML/cmm/m/it/12 :\OT1/cmr/m/n/12 77 []$ 
 []


Overfull \hbox (6.75003pt too wide) detected at line 3654
$\OML/cmm/m/it/12 :\OT1/cmr/m/n/12 49 []$ 
 []


Overfull \hbox (15.25015pt too wide) detected at line 3657
$\OML/cmm/m/it/12 :\OT1/cmr/m/n/12 95 []$ 
 []


Overfull \hbox (15.25015pt too wide) detected at line 3658
$\OML/cmm/m/it/12 :\OT1/cmr/m/n/12 57 []$ 
 []


Overfull \hbox (6.75003pt too wide) detected at line 3660
$\OML/cmm/m/it/12 :\OT1/cmr/m/n/12 45 []$ 
 []


Overfull \hbox (15.25015pt too wide) detected at line 3661
$\OML/cmm/m/it/12 :\OT1/cmr/m/n/12 99 []$ 
 []


Overfull \hbox (6.75003pt too wide) detected at line 3662
$\OML/cmm/m/it/12 :\OT1/cmr/m/n/12 29 []$ 
 []


Overfull \hbox (12.0pt too wide) in paragraph at lines 3635--3666
 [][] 
 []


LaTeX Warning: `!h' float specifier changed to `!ht'.

[164

] [165] [166] [167] [168]
Chapter 8.
[169

] [170]
Overfull \hbox (23.4545pt too wide) in paragraph at lines 3777--3778
[]\OT1/ptm/m/n/12 Summarizing, we were look-ing for a mod-el-ing frame-work abl
e to pro-vide a Rasch parametriza-
 []

[171] [172] [173] [174] [175] [176] [177] [178] [179] [180] [181] [182]
[183] [184] [185] [186] [187] [188]
Appendix A.
LaTeX Font Info:    Trying to load font information for TS1+ptm on input line 4
046.
(C:\Users\huawei\AppData\Local\Programs\MiKTeX\tex/latex/psnfss\ts1ptm.fd
File: ts1ptm.fd 2001/06/04 font definitions for TS1/ptm.
)
[189

] [190]
Overfull \hbox (29.46535pt too wide) in paragraph at lines 4084--4085
[][][][][][][][][][][][][][][][][][][][][][][][][][][][][][][][][][][][][] 
 []


Overfull \hbox (10.10141pt too wide) in paragraph at lines 4090--4092
\OT1/ptm/m/n/12 spon-dents across the as-so-cia-tive con-di-tions (\OT1/pcr/m/n
/12 (1|subject)\OT1/ptm/m/n/12 ), and the within--stimuli between--
 []

[191]
LaTeX Font Info:    Trying to load font information for TS1+pcr on input line 4
130.
 (C:\Users\huawei\AppData\Local\Programs\MiKTeX\tex/latex/psnfss\ts1pcr.fd
File: ts1pcr.fd 2001/06/04 font definitions for TS1/pcr.
)
Overfull \hbox (22.8953pt too wide) in paragraph at lines 4130--4131
[][][][][][][][][][][][][][][][][][][][][][][][][][][][][][][][][][][][][][][][
][][] 
 []


Overfull \hbox (36.0354pt too wide) in paragraph at lines 4131--4132
[][][][][][][][][][][][][][][][][][][][][][][][][][][][][][][][][][][][][][][][
][][][][][][][][][] 
 []


Overfull \hbox (16.32524pt too wide) in paragraph at lines 4138--4139
[][][][][][][][][][][][][][][][][][][][][][][][][][][][][][][][][][][][][][][] 

 []


Overfull \hbox (42.60545pt too wide) in paragraph at lines 4139--4140
[][][][][][][][][][][][][][][][][][][][][][][][][][][][][][][][][][][][][][][][
][][][][][][][][][] 
 []


Overfull \hbox (22.8953pt too wide) in paragraph at lines 4148--4149
[][][][][][][][][][][][][][][][][][][][][][][][][][][][][][][][][][][][][][][][
][][][][][][][][][][][][][][][] 
 []

[192]
Overfull \hbox (29.46535pt too wide) in paragraph at lines 4156--4157
[][][][][][][][][][][][][][][][][][][][][][][][][][][][][][][][][][][][][][][][
][][][][][][][][][] 
 []


Overfull \hbox (9.75519pt too wide) in paragraph at lines 4157--4159
[][][][][][][][][][][][][][][][][][][][][][][] 
 []


Overfull \hbox (16.32524pt too wide) in paragraph at lines 4164--4165
[][][][][][][][][][][][][][][][][][][][][][][][][][][][][][][][][][][][][][][][
][][][][][][][][][][][][][][][] 
 []


Overfull \hbox (36.0354pt too wide) in paragraph at lines 4174--4175
[][][][][][][][][][][][][][][][][][][][][][][][][][][][][][][][][][][][][][][][
][][][][][][][][][] 
 []


Overfull \hbox (16.32524pt too wide) in paragraph at lines 4175--4177
[][][][][][][][][][][][][][][][][][][][][][][] 
 []


Overfull \hbox (15.87578pt too wide) in paragraph at lines 4181--4183
\OT1/ptm/m/n/12 (from \OT1/pcr/m/n/12 glmer() \OT1/ptm/m/n/12 to \OT1/pcr/m/n/1
2 lmer()\OT1/ptm/m/n/12 ) and the de-pen-dent vari-able (from \OT1/pcr/m/n/12 c
orrect \OT1/ptm/m/n/12 to \OT1/pcr/m/n/12 log(latency)\OT1/ptm/m/n/12 ).
 []

[193]
Overfull \hbox (3.18513pt too wide) in paragraph at lines 4204--4205
[][][][][][][][][][][][][][][][][][][][][][][][][][][][][][][][][][][][][][][][
][][][][][][][][][][][][][][][] 
 []


Overfull \hbox (42.60545pt too wide) in paragraph at lines 4213--4214
[][][][][][][][][][][][][][][][][][][][][][][][][][][][][][][][][][][][][][][][
][][][][][][][][][] 
 []

[194]
Appendix B.
[195

] [196]
Overfull \hbox (16.32524pt too wide) in paragraph at lines 4264--4265
[][][][][][][][][][][][][][][][][][][][][][][][][][][][][][][][][][][][][] 
 []


Overfull \hbox (6.4889pt too wide) in paragraph at lines 4284--4288
\OT1/ptm/m/n/12 uli across as-so-cia-tive con-di-tions and im-plicit mea-sures 
(\OT1/pcr/m/n/12 (1|stimuli)\OT1/ptm/m/n/12 ). The within--subjects
 []

[197]
Overfull \hbox (29.46535pt too wide) in paragraph at lines 4315--4316
[][][][][][][][][][][][][][][][][][][][][][][][][][][][][][][][][][][][][][][][
][][] 
 []


Overfull \hbox (29.46535pt too wide) in paragraph at lines 4316--4317
[][][][][][][][][][][][][][][][][][][][][][][][][][][][][][][][][][][][][][][][
][][][][][][][][][] 
 []

[198]
Overfull \hbox (16.32524pt too wide) in paragraph at lines 4323--4324
[][][][][][][][][][][][][][][][][][][][][][][][][][][][][][][][][][][][][][][] 

 []


Overfull \hbox (42.60545pt too wide) in paragraph at lines 4324--4325
[][][][][][][][][][][][][][][][][][][][][][][][][][][][][][][][][][][][][][][][
][][][][][][][][][] 
 []


Overfull \hbox (36.0354pt too wide) in paragraph at lines 4333--4334
[][][][][][][][][][][][][][][][][][][][][][][][][][][][][][][][][][][][][][][][
][][][][][][][][][][][][][][][] 
 []


Overfull \hbox (36.0354pt too wide) in paragraph at lines 4341--4342
[][][][][][][][][][][][][][][][][][][][][][][][][][][][][][][][][][][][][][][][
][][][][][][][][][] 
 []


Overfull \hbox (16.32524pt too wide) in paragraph at lines 4350--4351
[][][][][][][][][][][][][][][][][][][][][][][][][][][][][][][][][][][][][][][][
][][][][][][][][][][][][][][][] 
 []


Overfull \hbox (36.0354pt too wide) in paragraph at lines 4358--4359
[][][][][][][][][][][][][][][][][][][][][][][][][][][][][][][][][][][][][][][][
][][][][][][][][][] 
 []

[199]
Overfull \hbox (3.18513pt too wide) in paragraph at lines 4391--4392
[][][][][][][][][][][][][][][][][][][][][][][][][][][][][][][][][][][][][][][][
][][][][][][][][][][][][][][][] 
 []


Overfull \hbox (42.60545pt too wide) in paragraph at lines 4399--4400
[][][][][][][][][][][][][][][][][][][][][][][][][][][][][][][][][][][][][][][][
][][][][][][][][][] 
 []


Overfull \hbox (9.75514pt too wide) in paragraph at lines 4400--4401
[][][][][][][][][][][][][][][][][][][][][][][][] 
 []

[200] [201] [202

] (TesiEntireDocument.bbl [203

] [204] [205]
Underfull \hbox (badness 2057) in paragraph at lines 979--997
[]\OT1/ptm/m/n/12 Epifania, O. M., Ro-busto, E., & Anselmi, P.  (2020b).  Im-pl
icit so-cial cog-ni-
 []


Underfull \hbox (badness 10000) in paragraph at lines 979--997
[]$\OT1/pcr/m/n/12 https :// advance [] .sagepub [] .com / articles / preprint 
/ Implicit []
 []


Underfull \hbox (badness 10000) in paragraph at lines 979--997
[]\OT1/pcr/m/n/12 social [] []cognition [] []through [] []years [] []The [] []I
mplicit [] []Association []
 []

[206] [207] [208] [209] [210]) [211] (TesiEntireDocument.aux)
Package rerunfilecheck Info: File `TesiEntireDocument.out' has not changed.
(rerunfilecheck)             Checksum: 98AE129FF37FDBC0617FC2694C69B626;5760.


LaTeX Warning: There were multiply-defined labels.

 ) 
Here is how much of TeX's memory you used:
 29746 strings out of 480236
 579620 string characters out of 2880082
 1089563 words of memory out of 3000000
 45066 multiletter control sequences out of 15000+200000
 587002 words of font info for 141 fonts, out of 3000000 for 9000
 1141 hyphenation exceptions out of 8191
 108i,17n,122p,2176b,2240s stack positions out of 5000i,500n,10000p,200000b,50000s
pdfTeX warning (dest): name{Hfootnote.2} has been referenced but does not exi
st, replaced by a fixed one

pdfTeX warning (dest): name{Hfootnote.1} has been referenced but does not exist
, replaced by a fixed one

{C:/Users/huawei/AppData/Local/Programs/MiKTeX/fonts/enc/dvips/base/8r.enc}<C:/
Users/huawei/AppData/Local/Programs/MiKTeX/fonts/type1/public/amsfonts/cm/cmbx1
2.pfb><C:/Users/huawei/AppData/Local/Programs/MiKTeX/fonts/type1/public/amsfont
s/cm/cmex10.pfb><C:/Users/huawei/AppData/Local/Programs/MiKTeX/fonts/type1/publ
ic/amsfonts/cm/cmmi10.pfb><C:/Users/huawei/AppData/Local/Programs/MiKTeX/fonts/
type1/public/amsfonts/cm/cmmi12.pfb><C:/Users/huawei/AppData/Local/Programs/MiK
TeX/fonts/type1/public/amsfonts/cm/cmmi6.pfb><C:/Users/huawei/AppData/Local/Pro
grams/MiKTeX/fonts/type1/public/amsfonts/cm/cmmi8.pfb><C:/Users/huawei/AppData/
Local/Programs/MiKTeX/fonts/type1/public/amsfonts/cm/cmmib10.pfb><C:/Users/huaw
ei/AppData/Local/Programs/MiKTeX/fonts/type1/public/amsfonts/cm/cmr10.pfb><C:/U
sers/huawei/AppData/Local/Programs/MiKTeX/fonts/type1/public/amsfonts/cm/cmr12.
pfb><C:/Users/huawei/AppData/Local/Programs/MiKTeX/fonts/type1/public/amsfonts/
cm/cmr8.pfb><C:/Users/huawei/AppData/Local/Programs/MiKTeX/fonts/type1/public/a
msfonts/cm/cmsy10.pfb><C:/Users/huawei/AppData/Local/Programs/MiKTeX/fonts/type
1/public/amsfonts/cm/cmsy8.pfb><C:/Users/huawei/AppData/Local/Programs/MiKTeX/f
onts/type1/urw/courier/ucrb8a.pfb><C:/Users/huawei/AppData/Local/Programs/MiKTe
X/fonts/type1/urw/courier/ucrr8a.pfb><C:/Users/huawei/AppData/Local/Programs/Mi
KTeX/fonts/type1/urw/courier/ucrro8a.pfb><C:/Users/huawei/AppData/Local/Program
s/MiKTeX/fonts/type1/urw/times/utmb8a.pfb><C:/Users/huawei/AppData/Local/Progra
ms/MiKTeX/fonts/type1/urw/times/utmbi8a.pfb><C:/Users/huawei/AppData/Local/Prog
rams/MiKTeX/fonts/type1/urw/times/utmr8a.pfb><C:/Users/huawei/AppData/Local/Pro
grams/MiKTeX/fonts/type1/urw/times/utmr8a.pfb><C:/Users/huawei/AppData/Local/Pr
ograms/MiKTeX/fonts/type1/urw/times/utmri8a.pfb>
Output written on TesiEntireDocument.pdf (229 pages, 5284057 bytes).
PDF statistics:
 2821 PDF objects out of 2984 (max. 8388607)
 622 named destinations out of 1000 (max. 500000)
 749 words of extra memory for PDF output out of 10000 (max. 10000000)

