This is pdfTeX, Version 3.14159265-2.6-1.40.19 (MiKTeX 2.9.6880 64-bit) (preloaded format=pdflatex 2018.12.5)  8 OCT 2020 15:35
entering extended mode
**./ThesisALL.tex
(ThesisALL.tex
LaTeX2e <2018-04-01> patch level 5
("C:\Users\huawei\AppData\Local\Programs\MiKTeX 2.9\tex\latex\base\book.cls"
Document Class: book 2014/09/29 v1.4h Standard LaTeX document class
("C:\Users\huawei\AppData\Local\Programs\MiKTeX 2.9\tex\latex\base\bk12.clo"
File: bk12.clo 2014/09/29 v1.4h Standard LaTeX file (size option)
)
\c@part=\count80
\c@chapter=\count81
\c@section=\count82
\c@subsection=\count83
\c@subsubsection=\count84
\c@paragraph=\count85
\c@subparagraph=\count86
\c@figure=\count87
\c@table=\count88
\abovecaptionskip=\skip41
\belowcaptionskip=\skip42
\bibindent=\dimen102
)
("C:\Users\huawei\AppData\Local\Programs\MiKTeX 2.9\tex\latex\graphics\graphicx
.sty"
Package: graphicx 2017/06/01 v1.1a Enhanced LaTeX Graphics (DPC,SPQR)

("C:\Users\huawei\AppData\Local\Programs\MiKTeX 2.9\tex\latex\graphics\keyval.s
ty"
Package: keyval 2014/10/28 v1.15 key=value parser (DPC)
\KV@toks@=\toks14
)
("C:\Users\huawei\AppData\Local\Programs\MiKTeX 2.9\tex\latex\graphics\graphics
.sty"
Package: graphics 2017/06/25 v1.2c Standard LaTeX Graphics (DPC,SPQR)

("C:\Users\huawei\AppData\Local\Programs\MiKTeX 2.9\tex\latex\graphics\trig.sty
"
Package: trig 2016/01/03 v1.10 sin cos tan (DPC)
)
("C:\Users\huawei\AppData\Local\Programs\MiKTeX 2.9\tex\latex\graphics-cfg\grap
hics.cfg"
File: graphics.cfg 2016/06/04 v1.11 sample graphics configuration
)
Package graphics Info: Driver file: pdftex.def on input line 99.

("C:\Users\huawei\AppData\Local\Programs\MiKTeX 2.9\tex\latex\graphics-def\pdft
ex.def"
File: pdftex.def 2018/01/08 v1.0l Graphics/color driver for pdftex
))
\Gin@req@height=\dimen103
\Gin@req@width=\dimen104
)
("C:\Users\huawei\AppData\Local\Programs\MiKTeX 2.9\tex\latex\caption\subcaptio
n.sty"
Package: subcaption 2018/05/01 v1.1-162 Sub-captions (AR)

("C:\Users\huawei\AppData\Local\Programs\MiKTeX 2.9\tex\latex\caption\caption.s
ty"
Package: caption 2018/10/06 v3.3-154 Customizing captions (AR)

("C:\Users\huawei\AppData\Local\Programs\MiKTeX 2.9\tex\latex\caption\caption3.
sty"
Package: caption3 2018/09/12 v1.8c caption3 kernel (AR)
Package caption3 Info: TeX engine: e-TeX on input line 64.
\captionmargin=\dimen105
\captionmargin@=\dimen106
\captionwidth=\dimen107
\caption@tempdima=\dimen108
\caption@indent=\dimen109
\caption@parindent=\dimen110
\caption@hangindent=\dimen111
)
\c@caption@flags=\count89
\c@ContinuedFloat=\count90
)
\c@subfigure=\count91
\c@subtable=\count92
)
("C:\Users\huawei\AppData\Local\Programs\MiKTeX 2.9\tex\latex\setspace\setspace
.sty"
Package: setspace 2011/12/19 v6.7a set line spacing
)
("C:\Users\huawei\AppData\Local\Programs\MiKTeX 2.9\tex\generic\babel\babel.sty
"
Package: babel 2018/11/13 3.27 The Babel package

("C:\Users\huawei\AppData\Local\Programs\MiKTeX 2.9\tex\generic\babel\switch.de
f"
File: switch.def 2018/11/13 3.27 Babel switching mechanism
)
*************************************
* Local config file bblopts.cfg used
*
("C:\Users\huawei\AppData\Local\Programs\MiKTeX 2.9\tex\latex\arabi\bblopts.cfg
"
File: bblopts.cfg 2005/09/08 v0.1 add Arabic and Farsi to "declared" options of
 babel
)
("C:\Users\huawei\AppData\Local\Programs\MiKTeX 2.9\tex\latex\babel-english\eng
lish.ldf"
Language: english 2017/06/06 v3.3r English support from the babel system

("C:\Users\huawei\AppData\Local\Programs\MiKTeX 2.9\tex\generic\babel\babel.def
"
File: babel.def 2018/11/13 3.27 Babel common definitions
\babel@savecnt=\count93
\U@D=\dimen112

("C:\Users\huawei\AppData\Local\Programs\MiKTeX 2.9\tex\generic\babel\txtbabel.
def")
\bbl@dirlevel=\count94
)
\l@canadian = a dialect from \language\l@american 
\l@australian = a dialect from \language\l@british 
\l@newzealand = a dialect from \language\l@british 
))
("C:\Users\huawei\AppData\Local\Programs\MiKTeX 2.9\tex\latex\base\inputenc.sty
"
Package: inputenc 2018/04/06 v1.3b Input encoding file
\inpenc@prehook=\toks15
\inpenc@posthook=\toks16
 ("C:\Users\huawei\AppData\Local\Programs\MiKTeX 2.9\tex\latex\ucs\utf8x.def"
File: utf8x.def 2004/10/17 UCS: Input encoding UTF-8
)) ("C:\Users\huawei\AppData\Local\Programs\MiKTeX 2.9\tex\latex\ucs\ucs.sty"
Package: ucs 2013/05/11 v2.2 UCS: Unicode input support

("C:\Users\huawei\AppData\Local\Programs\MiKTeX 2.9\tex\latex\ucs\uni-global.de
f"
File: uni-global.def 2013/05/13 UCS: Unicode global data
)
\uc@secondtry=\count95
\uc@combtoks=\toks17
\uc@combtoksb=\toks18
\uc@temptokena=\toks19
)
("C:\Users\huawei\AppData\Local\Programs\MiKTeX 2.9\tex\latex\amsmath\amsmath.s
ty"
Package: amsmath 2017/09/02 v2.17a AMS math features
\@mathmargin=\skip43

For additional information on amsmath, use the `?' option.

("C:\Users\huawei\AppData\Local\Programs\MiKTeX 2.9\tex\latex\amsmath\amstext.s
ty"
Package: amstext 2000/06/29 v2.01 AMS text

("C:\Users\huawei\AppData\Local\Programs\MiKTeX 2.9\tex\latex\amsmath\amsgen.st
y"
File: amsgen.sty 1999/11/30 v2.0 generic functions
\@emptytoks=\toks20
\ex@=\dimen113
))
("C:\Users\huawei\AppData\Local\Programs\MiKTeX 2.9\tex\latex\amsmath\amsbsy.st
y"
Package: amsbsy 1999/11/29 v1.2d Bold Symbols
\pmbraise@=\dimen114
)
("C:\Users\huawei\AppData\Local\Programs\MiKTeX 2.9\tex\latex\amsmath\amsopn.st
y"
Package: amsopn 2016/03/08 v2.02 operator names
)
\inf@bad=\count96
LaTeX Info: Redefining \frac on input line 213.
\uproot@=\count97
\leftroot@=\count98
LaTeX Info: Redefining \overline on input line 375.
\classnum@=\count99
\DOTSCASE@=\count100
LaTeX Info: Redefining \ldots on input line 472.
LaTeX Info: Redefining \dots on input line 475.
LaTeX Info: Redefining \cdots on input line 596.
\Mathstrutbox@=\box26
\strutbox@=\box27
\big@size=\dimen115
LaTeX Font Info:    Redeclaring font encoding OML on input line 712.
LaTeX Font Info:    Redeclaring font encoding OMS on input line 713.
\macc@depth=\count101
\c@MaxMatrixCols=\count102
\dotsspace@=\muskip10
\c@parentequation=\count103
\dspbrk@lvl=\count104
\tag@help=\toks21
\row@=\count105
\column@=\count106
\maxfields@=\count107
\andhelp@=\toks22
\eqnshift@=\dimen116
\alignsep@=\dimen117
\tagshift@=\dimen118
\tagwidth@=\dimen119
\totwidth@=\dimen120
\lineht@=\dimen121
\@envbody=\toks23
\multlinegap=\skip44
\multlinetaggap=\skip45
\mathdisplay@stack=\toks24
LaTeX Info: Redefining \[ on input line 2817.
LaTeX Info: Redefining \] on input line 2818.
)
("C:\Users\huawei\AppData\Local\Programs\MiKTeX 2.9\tex\latex\hyperref\hyperref
.sty"
Package: hyperref 2018/11/30 v6.88e Hypertext links for LaTeX

("C:\Users\huawei\AppData\Local\Programs\MiKTeX 2.9\tex\generic\oberdiek\hobsub
-hyperref.sty"
Package: hobsub-hyperref 2016/05/16 v1.14 Bundle oberdiek, subset hyperref (HO)


("C:\Users\huawei\AppData\Local\Programs\MiKTeX 2.9\tex\generic\oberdiek\hobsub
-generic.sty"
Package: hobsub-generic 2016/05/16 v1.14 Bundle oberdiek, subset generic (HO)
Package: hobsub 2016/05/16 v1.14 Construct package bundles (HO)
Package: infwarerr 2016/05/16 v1.4 Providing info/warning/error messages (HO)
Package: ltxcmds 2016/05/16 v1.23 LaTeX kernel commands for general use (HO)
Package: ifluatex 2016/05/16 v1.4 Provides the ifluatex switch (HO)
Package ifluatex Info: LuaTeX not detected.
Package: ifvtex 2016/05/16 v1.6 Detect VTeX and its facilities (HO)
Package ifvtex Info: VTeX not detected.
Package: intcalc 2016/05/16 v1.2 Expandable calculations with integers (HO)
Package: ifpdf 2018/09/07 v3.3 Provides the ifpdf switch
Package: etexcmds 2016/05/16 v1.6 Avoid name clashes with e-TeX commands (HO)
Package: kvsetkeys 2016/05/16 v1.17 Key value parser (HO)
Package: kvdefinekeys 2016/05/16 v1.4 Define keys (HO)
Package: pdftexcmds 2018/09/10 v0.29 Utility functions of pdfTeX for LuaTeX (HO
)
Package pdftexcmds Info: LuaTeX not detected.
Package pdftexcmds Info: \pdf@primitive is available.
Package pdftexcmds Info: \pdf@ifprimitive is available.
Package pdftexcmds Info: \pdfdraftmode found.
Package: pdfescape 2016/05/16 v1.14 Implements pdfTeX's escape features (HO)
Package: bigintcalc 2016/05/16 v1.4 Expandable calculations on big integers (HO
)
Package: bitset 2016/05/16 v1.2 Handle bit-vector datatype (HO)
Package: uniquecounter 2016/05/16 v1.3 Provide unlimited unique counter (HO)
)
Package hobsub Info: Skipping package `hobsub' (already loaded).
Package: letltxmacro 2016/05/16 v1.5 Let assignment for LaTeX macros (HO)
Package: hopatch 2016/05/16 v1.3 Wrapper for package hooks (HO)
Package: xcolor-patch 2016/05/16 xcolor patch
Package: atveryend 2016/05/16 v1.9 Hooks at the very end of document (HO)
Package atveryend Info: \enddocument detected (standard20110627).
Package: atbegshi 2016/06/09 v1.18 At begin shipout hook (HO)
Package: refcount 2016/05/16 v3.5 Data extraction from label references (HO)
Package: hycolor 2016/05/16 v1.8 Color options for hyperref/bookmark (HO)
)
("C:\Users\huawei\AppData\Local\Programs\MiKTeX 2.9\tex\generic\ifxetex\ifxetex
.sty"
Package: ifxetex 2010/09/12 v0.6 Provides ifxetex conditional
)
("C:\Users\huawei\AppData\Local\Programs\MiKTeX 2.9\tex\latex\oberdiek\auxhook.
sty"
Package: auxhook 2016/05/16 v1.4 Hooks for auxiliary files (HO)
)
("C:\Users\huawei\AppData\Local\Programs\MiKTeX 2.9\tex\latex\oberdiek\kvoption
s.sty"
Package: kvoptions 2016/05/16 v3.12 Key value format for package options (HO)
)
\@linkdim=\dimen122
\Hy@linkcounter=\count108
\Hy@pagecounter=\count109

("C:\Users\huawei\AppData\Local\Programs\MiKTeX 2.9\tex\latex\hyperref\pd1enc.d
ef"
File: pd1enc.def 2018/11/30 v6.88e Hyperref: PDFDocEncoding definition (HO)
)
\Hy@SavedSpaceFactor=\count110

("C:\Users\huawei\AppData\Local\Programs\MiKTeX 2.9\tex\latex\00miktex\hyperref
.cfg"
File: hyperref.cfg 2002/06/06 v1.2 hyperref configuration of TeXLive
)
Package hyperref Info: Hyper figures OFF on input line 4519.
Package hyperref Info: Link nesting OFF on input line 4524.
Package hyperref Info: Hyper index ON on input line 4527.
Package hyperref Info: Plain pages OFF on input line 4534.
Package hyperref Info: Backreferencing OFF on input line 4539.
Package hyperref Info: Implicit mode ON; LaTeX internals redefined.
Package hyperref Info: Bookmarks ON on input line 4772.
\c@Hy@tempcnt=\count111
 ("C:\Users\huawei\AppData\Local\Programs\MiKTeX 2.9\tex\latex\url\url.sty"
\Urlmuskip=\muskip11
Package: url 2013/09/16  ver 3.4  Verb mode for urls, etc.
)
LaTeX Info: Redefining \url on input line 5125.
\XeTeXLinkMargin=\dimen123
\Fld@menulength=\count112
\Field@Width=\dimen124
\Fld@charsize=\dimen125
Package hyperref Info: Hyper figures OFF on input line 6380.
Package hyperref Info: Link nesting OFF on input line 6385.
Package hyperref Info: Hyper index ON on input line 6388.
Package hyperref Info: backreferencing OFF on input line 6395.
Package hyperref Info: Link coloring OFF on input line 6400.
Package hyperref Info: Link coloring with OCG OFF on input line 6405.
Package hyperref Info: PDF/A mode OFF on input line 6410.
LaTeX Info: Redefining \ref on input line 6450.
LaTeX Info: Redefining \pageref on input line 6454.
\Hy@abspage=\count113
\c@Item=\count114
\c@Hfootnote=\count115
)
Package hyperref Info: Driver (autodetected): hpdftex.

("C:\Users\huawei\AppData\Local\Programs\MiKTeX 2.9\tex\latex\hyperref\hpdftex.
def"
File: hpdftex.def 2018/11/30 v6.88e Hyperref driver for pdfTeX
\Fld@listcount=\count116
\c@bookmark@seq@number=\count117

("C:\Users\huawei\AppData\Local\Programs\MiKTeX 2.9\tex\latex\oberdiek\rerunfil
echeck.sty"
Package: rerunfilecheck 2016/05/16 v1.8 Rerun checks for auxiliary files (HO)
Package uniquecounter Info: New unique counter `rerunfilecheck' on input line 2
82.
)
\Hy@SectionHShift=\skip46
)
("C:\Users\huawei\AppData\Local\Programs\MiKTeX 2.9\tex\latex\apacite\apacite.s
ty"
Package: apacite 2013/07/21 v6.03 APA citation
\c@BibCnt=\count118
\bibleftmargin=\skip47
\bibindent=\skip48
\bibparsep=\skip49
\bibitemsep=\skip50
\biblabelsep=\skip51
)
("C:\Users\huawei\AppData\Local\Programs\MiKTeX 2.9\tex\latex\tools\dcolumn.sty
"
Package: dcolumn 2014/10/28 v1.06 decimal alignment package (DPC)
 ("C:\Users\huawei\AppData\Local\Programs\MiKTeX 2.9\tex\latex\tools\array.sty"
Package: array 2018/04/30 v2.4h Tabular extension package (FMi)
\col@sep=\dimen126
\ar@mcellbox=\box28
\extrarowheight=\dimen127
\NC@list=\toks25
\extratabsurround=\skip52
\backup@length=\skip53
\ar@cellbox=\box29
))
("C:\Users\huawei\AppData\Local\Programs\MiKTeX 2.9\tex\latex\graphics\lscape.s
ty"
Package: lscape 2000/10/22 v3.01 Landscape Pages (DPC)
)
("C:\Users\huawei\AppData\Local\Programs\MiKTeX 2.9\tex\latex\oberdiek\pdflscap
e.sty"
Package: pdflscape 2016/05/14 v0.11 Display of landscape pages in PDF (HO)
Package pdflscape Info: Auto-detected driver: pdftex on input line 81.
)
("C:\Users\huawei\AppData\Local\Programs\MiKTeX 2.9\tex\latex\tools\tabularx.st
y"
Package: tabularx 2016/02/03 v2.11b `tabularx' package (DPC)
\TX@col@width=\dimen128
\TX@old@table=\dimen129
\TX@old@col=\dimen130
\TX@target=\dimen131
\TX@delta=\dimen132
\TX@cols=\count119
\TX@ftn=\toks26
)
("C:\Users\huawei\AppData\Local\Programs\MiKTeX 2.9\tex\latex\xcolor\xcolor.sty
"
Package: xcolor 2016/05/11 v2.12 LaTeX color extensions (UK)

("C:\Users\huawei\AppData\Local\Programs\MiKTeX 2.9\tex\latex\graphics-cfg\colo
r.cfg"
File: color.cfg 2016/01/02 v1.6 sample color configuration
)
Package xcolor Info: Driver file: pdftex.def on input line 225.
Package xcolor Info: Model `cmy' substituted by `cmy0' on input line 1348.
Package xcolor Info: Model `hsb' substituted by `rgb' on input line 1352.
Package xcolor Info: Model `RGB' extended on input line 1364.
Package xcolor Info: Model `HTML' substituted by `rgb' on input line 1366.
Package xcolor Info: Model `Hsb' substituted by `hsb' on input line 1367.
Package xcolor Info: Model `tHsb' substituted by `hsb' on input line 1368.
Package xcolor Info: Model `HSB' substituted by `hsb' on input line 1369.
Package xcolor Info: Model `Gray' substituted by `gray' on input line 1370.
Package xcolor Info: Model `wave' substituted by `hsb' on input line 1371.
)
("C:\Users\huawei\AppData\Local\Programs\MiKTeX 2.9\tex\latex\multirow\multirow
.sty"
Package: multirow 2018/08/03 v2.3 Span multiple rows of a table
\multirow@colwidth=\skip54
\multirow@cntb=\count120
\multirow@dima=\skip55
\bigstrutjot=\dimen133
)
("C:\Users\huawei\AppData\Local\Programs\MiKTeX 2.9\tex\latex\psnfss\times.sty"
Package: times 2005/04/12 PSNFSS-v9.2a (SPQR) 
)
("C:\Users\huawei\AppData\Local\Programs\MiKTeX 2.9\tex\latex\booktabs\booktabs
.sty"
Package: booktabs 2005/04/14 v1.61803 publication quality tables
\heavyrulewidth=\dimen134
\lightrulewidth=\dimen135
\cmidrulewidth=\dimen136
\belowrulesep=\dimen137
\belowbottomsep=\dimen138
\aboverulesep=\dimen139
\abovetopsep=\dimen140
\cmidrulesep=\dimen141
\cmidrulekern=\dimen142
\defaultaddspace=\dimen143
\@cmidla=\count121
\@cmidlb=\count122
\@aboverulesep=\dimen144
\@belowrulesep=\dimen145
\@thisruleclass=\count123
\@lastruleclass=\count124
\@thisrulewidth=\dimen146
)
("C:\Users\huawei\AppData\Local\Programs\MiKTeX 2.9\tex\latex\fancyhdr\fancyhdr
.sty"
Package: fancyhdr 2017/06/30 v3.9a Extensive control of page headers and footer
s
\f@nch@headwidth=\skip56
\f@nch@O@elh=\skip57
\f@nch@O@erh=\skip58
\f@nch@O@olh=\skip59
\f@nch@O@orh=\skip60
\f@nch@O@elf=\skip61
\f@nch@O@erf=\skip62
\f@nch@O@olf=\skip63
\f@nch@O@orf=\skip64
)
("C:\Users\huawei\AppData\Local\Programs\MiKTeX 2.9\tex\latex\geometry\geometry
.sty"
Package: geometry 2018/04/16 v5.8 Page Geometry
\Gm@cnth=\count125
\Gm@cntv=\count126
\c@Gm@tempcnt=\count127
\Gm@bindingoffset=\dimen147
\Gm@wd@mp=\dimen148
\Gm@odd@mp=\dimen149
\Gm@even@mp=\dimen150
\Gm@layoutwidth=\dimen151
\Gm@layoutheight=\dimen152
\Gm@layouthoffset=\dimen153
\Gm@layoutvoffset=\dimen154
\Gm@dimlist=\toks27

("C:\Users\huawei\AppData\Local\Programs\MiKTeX 2.9\tex\latex\geometry\geometry
.cfg"))
("C:\Users\huawei\AppData\Local\Programs\MiKTeX 2.9\tex\latex\siunitx\siunitx.s
ty"
("C:\Users\huawei\AppData\Local\Programs\MiKTeX 2.9\tex\latex\l3kernel\expl3.st
y"
Package: expl3 2019-01-01 L3 programming layer (loader) 

("C:\Users\huawei\AppData\Local\Programs\MiKTeX 2.9\tex\latex\l3kernel\expl3-co
de.tex"
Package: expl3 2019-01-01 L3 programming layer (code)
\c_max_int=\count128
\l_tmpa_int=\count129
\l_tmpb_int=\count130
\g_tmpa_int=\count131
\g_tmpb_int=\count132
\g__kernel_prg_map_int=\count133
\c_log_iow=\count134
\l_iow_line_count_int=\count135
\l__iow_line_target_int=\count136
\l__iow_one_indent_int=\count137
\l__iow_indent_int=\count138
\c_zero_dim=\dimen155
\c_max_dim=\dimen156
\l_tmpa_dim=\dimen157
\l_tmpb_dim=\dimen158
\g_tmpa_dim=\dimen159
\g_tmpb_dim=\dimen160
\c_zero_skip=\skip65
\c_max_skip=\skip66
\l_tmpa_skip=\skip67
\l_tmpb_skip=\skip68
\g_tmpa_skip=\skip69
\g_tmpb_skip=\skip70
\c_zero_muskip=\muskip12
\c_max_muskip=\muskip13
\l_tmpa_muskip=\muskip14
\l_tmpb_muskip=\muskip15
\g_tmpa_muskip=\muskip16
\g_tmpb_muskip=\muskip17
\l_keys_choice_int=\count139
\l__intarray_loop_int=\count140
\c__intarray_sp_dim=\dimen161
\g__intarray_font_int=\count141
\c__fp_leading_shift_int=\count142
\c__fp_middle_shift_int=\count143
\c__fp_trailing_shift_int=\count144
\c__fp_big_leading_shift_int=\count145
\c__fp_big_middle_shift_int=\count146
\c__fp_big_trailing_shift_int=\count147
\c__fp_Bigg_leading_shift_int=\count148
\c__fp_Bigg_middle_shift_int=\count149
\c__fp_Bigg_trailing_shift_int=\count150
\c__kernel_randint_max_int=\count151
\g__fp_array_int=\count152
\l__fp_array_loop_int=\count153
\l__sort_length_int=\count154
\l__sort_min_int=\count155
\l__sort_top_int=\count156
\l__sort_max_int=\count157
\l__sort_true_max_int=\count158
\l__sort_block_int=\count159
\l__sort_begin_int=\count160
\l__sort_end_int=\count161
\l__sort_A_int=\count162
\l__sort_B_int=\count163
\l__sort_C_int=\count164
\l__tl_analysis_normal_int=\count165
\l__tl_analysis_index_int=\count166
\l__tl_analysis_nesting_int=\count167
\l__tl_analysis_type_int=\count168
\l__regex_internal_a_int=\count169
\l__regex_internal_b_int=\count170
\l__regex_internal_c_int=\count171
\l__regex_balance_int=\count172
\l__regex_group_level_int=\count173
\l__regex_mode_int=\count174
\c__regex_cs_in_class_mode_int=\count175
\c__regex_cs_mode_int=\count176
\l__regex_catcodes_int=\count177
\l__regex_default_catcodes_int=\count178
\c__regex_catcode_D_int=\count179
\c__regex_catcode_S_int=\count180
\c__regex_catcode_L_int=\count181
\c__regex_catcode_O_int=\count182
\c__regex_catcode_A_int=\count183
\c__regex_all_catcodes_int=\count184
\l__regex_show_lines_int=\count185
\l__regex_min_state_int=\count186
\l__regex_max_state_int=\count187
\l__regex_left_state_int=\count188
\l__regex_right_state_int=\count189
\l__regex_capturing_group_int=\count190
\l__regex_min_pos_int=\count191
\l__regex_max_pos_int=\count192
\l__regex_curr_pos_int=\count193
\l__regex_start_pos_int=\count194
\l__regex_success_pos_int=\count195
\l__regex_curr_char_int=\count196
\l__regex_curr_catcode_int=\count197
\l__regex_last_char_int=\count198
\l__regex_case_changed_char_int=\count199
\l__regex_curr_state_int=\count266
\l__regex_step_int=\count267
\l__regex_min_active_int=\count268
\l__regex_max_active_int=\count269
\l__regex_replacement_csnames_int=\count270
\l__regex_match_count_int=\count271
\l__regex_min_submatch_int=\count272
\l__regex_submatch_int=\count273
\l__regex_zeroth_submatch_int=\count274
\g__regex_trace_regex_int=\count275
\c_empty_box=\box30
\l_tmpa_box=\box31
\l_tmpb_box=\box32
\g_tmpa_box=\box33
\g_tmpb_box=\box34
\l__box_top_dim=\dimen162
\l__box_bottom_dim=\dimen163
\l__box_left_dim=\dimen164
\l__box_right_dim=\dimen165
\l__box_top_new_dim=\dimen166
\l__box_bottom_new_dim=\dimen167
\l__box_left_new_dim=\dimen168
\l__box_right_new_dim=\dimen169
\l__box_internal_box=\box35
\l__coffin_internal_box=\box36
\l__coffin_internal_dim=\dimen170
\l__coffin_offset_x_dim=\dimen171
\l__coffin_offset_y_dim=\dimen172
\l__coffin_x_dim=\dimen173
\l__coffin_y_dim=\dimen174
\l__coffin_x_prime_dim=\dimen175
\l__coffin_y_prime_dim=\dimen176
\c_empty_coffin=\box37
\l__coffin_aligned_coffin=\box38
\l__coffin_aligned_internal_coffin=\box39
\l_tmpa_coffin=\box40
\l_tmpb_coffin=\box41
\l__coffin_display_coffin=\box42
\l__coffin_display_coord_coffin=\box43
\l__coffin_display_pole_coffin=\box44
\l__coffin_display_offset_dim=\dimen177
\l__coffin_display_x_dim=\dimen178
\l__coffin_display_y_dim=\dimen179
\g__file_internal_ior=\read1
\l__coffin_bounding_shift_dim=\dimen180
\l__coffin_left_corner_dim=\dimen181
\l__coffin_right_corner_dim=\dimen182
\l__coffin_bottom_corner_dim=\dimen183
\l__coffin_top_corner_dim=\dimen184
\l__coffin_scaled_total_height_dim=\dimen185
\l__coffin_scaled_width_dim=\dimen186
\l__seq_internal_a_int=\count276
\l__seq_internal_b_int=\count277
)
("C:\Users\huawei\AppData\Local\Programs\MiKTeX 2.9\tex\latex\l3kernel\l3pdfmod
e.def"
File: l3pdfmode.def 2019-01-01 v L3 Experimental driver: PDF mode
\l__driver_color_stack_int=\count278
))
("C:\Users\huawei\AppData\Local\Programs\MiKTeX 2.9\tex\latex\l3packages\xparse
\xparse.sty"
Package: xparse 2018-10-17 L3 Experimental document command parser
\l__xparse_current_arg_int=\count279
\g__xparse_grabber_int=\count280
\l__xparse_m_args_int=\count281
\l__xparse_mandatory_args_int=\count282
\l__xparse_v_nesting_int=\count283
)
Package: siunitx 2019/10/10 v2.7t A comprehensive (SI) units package

("C:\Users\huawei\AppData\Local\Programs\MiKTeX 2.9\tex\latex\l3packages\l3keys
2e\l3keys2e.sty"
Package: l3keys2e 2018-10-17 LaTeX2e option processing using LaTeX3 keys
)
\l__siunitx_tmp_box=\box45
\l__siunitx_tmp_dim=\dimen187
\l__siunitx_tmp_int=\count284
\l__siunitx_number_mantissa_length_int=\count285
\l__siunitx_number_uncert_length_int=\count286
\l__siunitx_round_int=\count287
\l__siunitx_process_decimal_int=\count288
\l__siunitx_process_uncertainty_int=\count289
\l__siunitx_process_fixed_int=\count290
\l__siunitx_process_integer_min_int=\count291
\l__siunitx_process_precision_int=\count292
\l__siunitx_group_min_int=\count293
\l__siunitx_angle_marker_box=\box46
\l__siunitx_angle_unit_box=\box47
\l__siunitx_angle_marker_dim=\dimen188
\l__siunitx_angle_unit_dim=\dimen189
\l__siunitx_unit_int=\count294
\l__siunitx_unit_denominator_int=\count295
\l__siunitx_unit_numerator_int=\count296
\l__siunitx_unit_prefix_int=\count297
\l__siunitx_unit_prefix_base_int=\count298
\l__siunitx_unit_prefix_gram_int=\count299
\l__siunitx_number_product_int=\count300
\c__siunitx_one_fill_skip=\skip71
\l__siunitx_table_unit_align_skip=\skip72
\l__siunitx_table_exponent_dim=\dimen190
\l__siunitx_table_integer_dim=\dimen191
\l__siunitx_table_mantissa_dim=\dimen192
\l__siunitx_table_marker_dim=\dimen193
\l__siunitx_table_result_dim=\dimen194
\l__siunitx_table_uncert_dim=\dimen195
\l__siunitx_table_fill_pre_dim=\dimen196
\l__siunitx_table_fill_post_dim=\dimen197
\l__siunitx_table_fill_mid_dim=\dimen198
\l__siunitx_table_pre_box=\box48
\l__siunitx_table_post_box=\box49
\l__siunitx_table_mantissa_box=\box50
\l__siunitx_table_result_box=\box51
\l__siunitx_table_number_align_skip=\skip73
\l__siunitx_table_text_align_skip=\skip74

("C:\Users\huawei\AppData\Local\Programs\MiKTeX 2.9\tex\latex\translator\transl
ator.sty"
Package: translator 2018/01/04 v1.12 Easy translation of strings in LaTeX
))
("C:\Users\huawei\AppData\Local\Programs\MiKTeX 2.9\tex\latex\tools\longtable.s
ty"
Package: longtable 2014/10/28 v4.11 Multi-page Table package (DPC)
\LTleft=\skip75
\LTright=\skip76
\LTpre=\skip77
\LTpost=\skip78
\LTchunksize=\count301
\LTcapwidth=\dimen199
\LT@head=\box52
\LT@firsthead=\box53
\LT@foot=\box54
\LT@lastfoot=\box55
\LT@cols=\count302
\LT@rows=\count303
\c@LT@tables=\count304
\c@LT@chunks=\count305
\LT@p@ftn=\toks28
)
("C:\Users\huawei\AppData\Local\Programs\MiKTeX 2.9\tex\latex\tools\multicol.st
y"
Package: multicol 2018/04/20 v1.8s multicolumn formatting (FMi)
\c@tracingmulticols=\count306
\mult@box=\box56
\multicol@leftmargin=\dimen256
\c@unbalance=\count307
\c@collectmore=\count308
\doublecol@number=\count309
\multicoltolerance=\count310
\multicolpretolerance=\count311
\full@width=\dimen257
\page@free=\dimen258
\premulticols=\dimen259
\postmulticols=\dimen260
\multicolsep=\skip79
\multicolbaselineskip=\skip80
\partial@page=\box57
\last@line=\box58
\maxbalancingoverflow=\dimen261
\mult@rightbox=\box59
\mult@grightbox=\box60
\mult@gfirstbox=\box61
\mult@firstbox=\box62
\@tempa=\box63
\@tempa=\box64
\@tempa=\box65
\@tempa=\box66
\@tempa=\box67
\@tempa=\box68
\@tempa=\box69
\@tempa=\box70
\@tempa=\box71
\@tempa=\box72
\@tempa=\box73
\@tempa=\box74
\@tempa=\box75
\@tempa=\box76
\@tempa=\box77
\@tempa=\box78
\@tempa=\box79
\c@columnbadness=\count312
\c@finalcolumnbadness=\count313
\last@try=\dimen262
\multicolovershoot=\dimen263
\multicolundershoot=\dimen264
\mult@nat@firstbox=\box80
\colbreak@box=\box81
\mc@col@check@num=\count314
)
Package hyperref Info: Option `colorlinks' set `true' on input line 39.


Package hyperref Warning: Unexpected value `black' of
(hyperref)                option `linktoc' instead of `none',
(hyperref)                `section', `page' or `all' on input line 39.

(ThesisALL.aux)
\openout1 = `ThesisALL.aux'.

LaTeX Font Info:    Checking defaults for OML/cmm/m/it on input line 48.
LaTeX Font Info:    ... okay on input line 48.
LaTeX Font Info:    Checking defaults for T1/cmr/m/n on input line 48.
LaTeX Font Info:    ... okay on input line 48.
LaTeX Font Info:    Checking defaults for OT1/cmr/m/n on input line 48.
LaTeX Font Info:    ... okay on input line 48.
LaTeX Font Info:    Checking defaults for OMS/cmsy/m/n on input line 48.
LaTeX Font Info:    ... okay on input line 48.
LaTeX Font Info:    Checking defaults for OMX/cmex/m/n on input line 48.
LaTeX Font Info:    ... okay on input line 48.
LaTeX Font Info:    Checking defaults for U/cmr/m/n on input line 48.
LaTeX Font Info:    ... okay on input line 48.
LaTeX Font Info:    Checking defaults for PD1/pdf/m/n on input line 48.
LaTeX Font Info:    ... okay on input line 48.
LaTeX Font Info:    Try loading font information for OT1+ptm on input line 48.

("C:\Users\huawei\AppData\Local\Programs\MiKTeX 2.9\tex\latex\psnfss\ot1ptm.fd"
File: ot1ptm.fd 2001/06/04 font definitions for OT1/ptm.
)
("C:\Users\huawei\AppData\Local\Programs\MiKTeX 2.9\tex\context\base\supp-pdf.m
kii"
[Loading MPS to PDF converter (version 2006.09.02).]
\scratchcounter=\count315
\scratchdimen=\dimen265
\scratchbox=\box82
\nofMPsegments=\count316
\nofMParguments=\count317
\everyMPshowfont=\toks29
\MPscratchCnt=\count318
\MPscratchDim=\dimen266
\MPnumerator=\count319
\makeMPintoPDFobject=\count320
\everyMPtoPDFconversion=\toks30
)
("C:\Users\huawei\AppData\Local\Programs\MiKTeX 2.9\tex\latex\oberdiek\epstopdf
-base.sty"
Package: epstopdf-base 2016/05/15 v2.6 Base part for package epstopdf

("C:\Users\huawei\AppData\Local\Programs\MiKTeX 2.9\tex\latex\oberdiek\grfext.s
ty"
Package: grfext 2016/05/16 v1.2 Manage graphics extensions (HO)
)
Package epstopdf-base Info: Redefining graphics rule for `.eps' on input line 4
38.
Package grfext Info: Graphics extension search list:
(grfext)             [.pdf,.png,.jpg,.mps,.jpeg,.jbig2,.jb2,.PDF,.PNG,.JPG,.JPE
G,.JBIG2,.JB2,.eps]
(grfext)             \AppendGraphicsExtensions on input line 456.
)
Package caption Info: Begin \AtBeginDocument code.
Package caption Info: hyperref package is loaded.
Package caption Info: longtable package is loaded.

("C:\Users\huawei\AppData\Local\Programs\MiKTeX 2.9\tex\latex\caption\ltcaption
.sty"
Package: ltcaption 2018/08/26 v1.4-95 longtable captions (AR)
)
Package caption Info: End \AtBeginDocument code.

("C:\Users\huawei\AppData\Local\Programs\MiKTeX 2.9\tex\latex\ucs\ucsencs.def"
File: ucsencs.def 2011/01/21 Fixes to fontencodings LGR, T3
)
\AtBeginShipoutBox=\box83
Package hyperref Info: Link coloring ON on input line 48.

("C:\Users\huawei\AppData\Local\Programs\MiKTeX 2.9\tex\latex\hyperref\nameref.
sty"
Package: nameref 2016/05/21 v2.44 Cross-referencing by name of section

("C:\Users\huawei\AppData\Local\Programs\MiKTeX 2.9\tex\generic\oberdiek\gettit
lestring.sty"
Package: gettitlestring 2016/05/16 v1.5 Cleanup title references (HO)
)
\c@section@level=\count321
)
LaTeX Info: Redefining \ref on input line 48.
LaTeX Info: Redefining \pageref on input line 48.
LaTeX Info: Redefining \nameref on input line 48.
 (ThesisALL.out) (ThesisALL.out)
\@outlinefile=\write3
\openout3 = `ThesisALL.out'.

\c@maskedRefs=\count322

("C:\Users\huawei\AppData\Local\Programs\MiKTeX 2.9\tex\latex\apacite\english.a
pc"
File: english.apc 2013/07/21 v6.03 apacite language file
LaTeX Info: Redefining \BPBI on input line 129.
LaTeX Info: Redefining \BHBI on input line 130.
)
*geometry* driver: auto-detecting
*geometry* detected driver: pdftex
*geometry* verbose mode - [ preamble ] result:
* driver: pdftex
* paper: <default>
* layout: <same size as paper>
* layoutoffset:(h,v)=(0.0pt,0.0pt)
* modes: twoside 
* h-part:(L,W,R)=(85.35826pt, 443.57848pt, 85.35826pt)
* v-part:(T,H,B)=(85.35826pt, 624.25346pt, 85.35826pt)
* \paperwidth=614.295pt
* \paperheight=794.96999pt
* \textwidth=443.57848pt
* \textheight=624.25346pt
* \oddsidemargin=13.08827pt
* \evensidemargin=13.08827pt
* \topmargin=-18.78552pt
* \headheight=12.0pt
* \headsep=19.8738pt
* \topskip=12.0pt
* \footskip=30.0pt
* \marginparwidth=98.0pt
* \marginparsep=7.0pt
* \columnsep=10.0pt
* \skip\footins=10.8pt plus 4.0pt minus 2.0pt
* \hoffset=0.0pt
* \voffset=0.0pt
* \mag=1000
* \@twocolumnfalse
* \@twosidetrue
* \@mparswitchtrue
* \@reversemarginfalse
* (1in=72.27pt=25.4mm, 1cm=28.453pt)


("C:\Users\huawei\AppData\Local\Programs\MiKTeX 2.9\tex\latex\translator\transl
ator-basic-dictionary-English.dict"
Dictionary: translator-basic-dictionary, Language: English 
)
("C:\Users\huawei\AppData\Local\Programs\MiKTeX 2.9\tex\latex\siunitx\siunitx-a
bbreviations.cfg"
File: siunitx-abbreviations.cfg 2017/11/26 v2.7k siunitx: Abbreviated units
)
<C:/Users/huawei/Desktop/images/unipd.png, id=195, 943.525pt x 949.5475pt>
File: C:/Users/huawei/Desktop/images/unipd.png Graphic file (type png)
<use C:/Users/huawei/Desktop/images/unipd.png>
Package pdftex.def Info: C:/Users/huawei/Desktop/images/unipd.png  used on inpu
t line 57.
(pdftex.def)             Requested size: 110.8946pt x 111.59357pt.
LaTeX Font Info:    Font shape `OT1/ptm/bx/n' in size <17.28> not available
(Font)              Font shape `OT1/ptm/b/n' tried instead on input line 62.
LaTeX Font Info:    Font shape `OT1/ptm/bx/n' in size <24.88> not available
(Font)              Font shape `OT1/ptm/b/n' tried instead on input line 76.
LaTeX Font Info:    Font shape `OT1/ptm/bx/n' in size <14.4> not available
(Font)              Font shape `OT1/ptm/b/n' tried instead on input line 87.

("C:\Users\huawei\AppData\Local\Programs\MiKTeX 2.9\tex\latex\ucs\uni-0.def"
File: uni-0.def 2013/05/13 UCS: Unicode data U+0000..U+00FF
)
[1


{C:/Users/huawei/AppData/Local/MiKTeX/2.9/pdftex/config/pdftex.map} <C:/Users/h
uawei/Desktop/images/unipd.png>]
Overfull \vbox (187.74982pt too high) has occurred while \output is active []


[2] (ThesisALL.toc
LaTeX Font Info:    Font shape `OT1/ptm/bx/n' in size <12> not available
(Font)              Font shape `OT1/ptm/b/n' tried instead on input line 2.
LaTeX Font Info:    Try loading font information for OT1+pcr on input line 28.

("C:\Users\huawei\AppData\Local\Programs\MiKTeX 2.9\tex\latex\psnfss\ot1pcr.fd"
File: ot1pcr.fd 2001/06/04 font definitions for OT1/pcr.
)pdfTeX warning (ext4): destination with the same identifier (name{page.i}) has
 been already used, duplicate ignored
<to be read again> 
                   \relax 
l.32 ... {3.1.1}Quad Model.}{46}{subsection.3.1.1}
                                                   [1


]pdfTeX warning (ext4): destination with the same identifier (name{page.ii}) ha
s been already used, duplicate ignored
<to be read again> 
                   \relax 
l.69 ...line {9}General discussion}{87}{chapter.9}
                                                   [2])
\tf@toc=\write4
\openout4 = `ThesisALL.toc'.

 [3] [4

]
Underfull \vbox (badness 10000) has occurred while \output is active []

 [5]
[6] [7]

LaTeX Warning: Reference `chap:intro' on page viii undefined on input line 199.


[8]

LaTeX Warning: Reference `chap:classicscore' on page ix undefined on input line
 203.


LaTeX Warning: Reference `chap:classicscore' on page ix undefined on input line
 215.

[9]

LaTeX Warning: Reference `chap:formalModel' on page x undefined on input line 2
30.

[10]

LaTeX Warning: Reference `chap:modelsIAT' on page xi undefined on input line 24
1.


LaTeX Warning: Reference `chap:modelsIAT' on page xi undefined on input line 24
5.


LaTeX Warning: Reference `chap:formalModel' on page xi undefined on input line 
246.

[11]

LaTeX Warning: Reference `chap:modelsIAT' on page xii undefined on input line 2
54.


LaTeX Warning: Reference `chap:modelsIAT' on page xii undefined on input line 2
60.


LaTeX Warning: Reference `chap:IATempirical' on page xii undefined on input lin
e 260.

[12]

LaTeX Warning: Reference `chap:classicscore' on page xiii undefined on input li
ne 275.


LaTeX Warning: Reference `chap:classicscore' on page xiii undefined on input li
ne 277.


LaTeX Warning: Reference `chap:intro' on page xiii undefined on input line 279.



Overfull \hbox (5.4701pt too wide) in paragraph at lines 279--282
\OT1/ptm/m/n/12 sources of de-pen-dency have to be ex-pected, namely the within
--respondents between--measures
 []

[13]

LaTeX Warning: Reference `chap:comprehensiveModels' on page xiv undefined on in
put line 283.


LaTeX Warning: Reference `chap:modelsIAT' on page xiv undefined on input line 2
83.


LaTeX Warning: Reference `chap:comprehensiveModels' on page xiv undefined on in
put line 287.


LaTeX Warning: Reference `chap:comprehensiveApplications' on page xiv undefined
 on input line 287.


LaTeX Warning: Reference `chap:classicscore' on page xiv undefined on input lin
e 287.


LaTeX Warning: Reference `chap:modelsIAT' on page xiv undefined on input line 2
88.

[14] [15] [16

]
Chapter 1.
[1

]
Underfull \vbox (badness 1515) has occurred while \output is active []

 [2]
[3]
Overfull \hbox (20.45055pt too wide) in paragraph at lines 341--355
 [][] 
 []

[4]
<C:/Users/huawei/Desktop/images/yeartopic.png, id=454, 699.8145pt x 492.03825pt
>
File: C:/Users/huawei/Desktop/images/yeartopic.png Graphic file (type png)
<use C:/Users/huawei/Desktop/images/yeartopic.png>
Package pdftex.def Info: C:/Users/huawei/Desktop/images/yeartopic.png  used on 
input line 373.
(pdftex.def)             Requested size: 354.86412pt x 249.50218pt.
 [5]
<C:/Users/huawei/Desktop/images/wordcloudtopic.png, id=465, 458.31226pt x 477.5
8424pt>
File: C:/Users/huawei/Desktop/images/wordcloudtopic.png Graphic file (type png)

<use C:/Users/huawei/Desktop/images/wordcloudtopic.png>
Package pdftex.def Info: C:/Users/huawei/Desktop/images/wordcloudtopic.png  use
d on input line 387.
(pdftex.def)             Requested size: 221.78923pt x 231.11797pt.

Underfull \vbox (badness 1199) has occurred while \output is active []

 [6 <C:/Users/huawei/Desktop/images/yeartopic.png>] [7 <C:/Users/huawei/Desktop
/images/wordcloudtopic.png>]
("C:\Users\huawei\AppData\Local\Programs\MiKTeX 2.9\tex\latex\ucs\uni-32.def"
File: uni-32.def 2013/05/13 UCS: Unicode data U+2000..U+20FF
)
[8] [9] [10]
Overfull \hbox (26.141pt too wide) in paragraph at lines 431--442
 [][] 
 []


LaTeX Warning: `!h' float specifier changed to `!ht'.

[11]
Underfull \vbox (badness 10000) has occurred while \output is active []

 [12]
Underfull \vbox (badness 1515) has occurred while \output is active []

 [13]
[14] [15] [16

]
Chapter 2.
[17]
Overfull \hbox (47.66559pt too wide) in paragraph at lines 487--499
 [][] 
 []

[18]
Underfull \vbox (badness 10000) has occurred while \output is active []

 [19]
[20]
Underfull \vbox (badness 3439) has occurred while \output is active []

 [21]
[22] [23]
Overfull \hbox (7.5348pt too wide) in paragraph at lines 597--597
[]|\OT1/ptm/m/n/12 Correct| 
 []


Overfull \hbox (7.5348pt too wide) in paragraph at lines 597--597
[]|\OT1/ptm/m/n/12 Correct| 
 []


Overfull \hbox (7.5348pt too wide) in paragraph at lines 597--597
[]|\OT1/ptm/m/n/12 Correct| 
 []


Overfull \hbox (7.5348pt too wide) in paragraph at lines 597--597
[]|\OT1/ptm/m/n/12 Correct| 
 []


LaTeX Warning: `!h' float specifier changed to `!ht'.

[24]
Underfull \vbox (badness 10000) has occurred while \output is active []

 [25]
[26] [27]
Overfull \hbox (2.65274pt too wide) detected at line 656
$\OML/cmm/m/it/12 :\OT1/cmr/m/n/12 64 (0\OML/cmm/m/it/12 :\OT1/cmr/m/n/12 62)$ 

 []


Overfull \hbox (2.65274pt too wide) detected at line 656
$\OML/cmm/m/it/12 :\OT1/cmr/m/n/12 41 (0\OML/cmm/m/it/12 :\OT1/cmr/m/n/12 41)$ 

 []


Overfull \hbox (2.65274pt too wide) detected at line 656
$\OML/cmm/m/it/12 :\OT1/cmr/m/n/12 64 (0\OML/cmm/m/it/12 :\OT1/cmr/m/n/12 60)$ 

 []


Overfull \hbox (2.65274pt too wide) detected at line 656
$\OML/cmm/m/it/12 :\OT1/cmr/m/n/12 39 (0\OML/cmm/m/it/12 :\OT1/cmr/m/n/12 39)$ 

 []


Overfull \hbox (2.65274pt too wide) detected at line 656
$\OML/cmm/m/it/12 :\OT1/cmr/m/n/12 73 (0\OML/cmm/m/it/12 :\OT1/cmr/m/n/12 73)$ 

 []


Overfull \hbox (2.65274pt too wide) detected at line 656
$\OML/cmm/m/it/12 :\OT1/cmr/m/n/12 40 (0\OML/cmm/m/it/12 :\OT1/cmr/m/n/12 41)$ 

 []


Overfull \hbox (2.65274pt too wide) detected at line 656
$\OML/cmm/m/it/12 :\OT1/cmr/m/n/12 72 (0\OML/cmm/m/it/12 :\OT1/cmr/m/n/12 70)$ 

 []


Overfull \hbox (2.65274pt too wide) detected at line 656
$\OML/cmm/m/it/12 :\OT1/cmr/m/n/12 39 (0\OML/cmm/m/it/12 :\OT1/cmr/m/n/12 39)$ 

 []


Overfull \hbox (2.65274pt too wide) detected at line 656
$\OML/cmm/m/it/12 :\OT1/cmr/m/n/12 64 (0\OML/cmm/m/it/12 :\OT1/cmr/m/n/12 63)$ 

 []


Overfull \hbox (2.65274pt too wide) detected at line 656
$\OML/cmm/m/it/12 :\OT1/cmr/m/n/12 64 (0\OML/cmm/m/it/12 :\OT1/cmr/m/n/12 60)$ 

 []


Overfull \hbox (2.65274pt too wide) detected at line 656
$\OML/cmm/m/it/12 :\OT1/cmr/m/n/12 72 (0\OML/cmm/m/it/12 :\OT1/cmr/m/n/12 75)$ 

 []


Overfull \hbox (2.65274pt too wide) detected at line 656
$\OML/cmm/m/it/12 :\OT1/cmr/m/n/12 72 (0\OML/cmm/m/it/12 :\OT1/cmr/m/n/12 71)$ 

 []


Overfull \hbox (2.65274pt too wide) detected at line 656
$\OML/cmm/m/it/12 :\OT1/cmr/m/n/12 06 (0\OML/cmm/m/it/12 :\OT1/cmr/m/n/12 35)$ 

 []


Overfull \hbox (2.65274pt too wide) detected at line 656
$\OML/cmm/m/it/12 :\OT1/cmr/m/n/12 05 (0\OML/cmm/m/it/12 :\OT1/cmr/m/n/12 31)$ 

 []


Overfull \hbox (2.65274pt too wide) detected at line 656
$\OML/cmm/m/it/12 :\OT1/cmr/m/n/12 06 (0\OML/cmm/m/it/12 :\OT1/cmr/m/n/12 34)$ 

 []


Overfull \hbox (2.65274pt too wide) detected at line 656
$\OML/cmm/m/it/12 :\OT1/cmr/m/n/12 06 (0\OML/cmm/m/it/12 :\OT1/cmr/m/n/12 36)$ 

 []


Overfull \hbox (2.65274pt too wide) detected at line 656
$\OML/cmm/m/it/12 :\OT1/cmr/m/n/12 06 (0\OML/cmm/m/it/12 :\OT1/cmr/m/n/12 35)$ 

 []


Overfull \hbox (2.65274pt too wide) detected at line 656
$\OML/cmm/m/it/12 :\OT1/cmr/m/n/12 06 (0\OML/cmm/m/it/12 :\OT1/cmr/m/n/12 36)$ 

 []


Overfull \hbox (2.65274pt too wide) detected at line 656
$\OML/cmm/m/it/12 :\OT1/cmr/m/n/12 06 (0\OML/cmm/m/it/12 :\OT1/cmr/m/n/12 35)$ 

 []


Overfull \hbox (2.65274pt too wide) detected at line 656
$\OML/cmm/m/it/12 :\OT1/cmr/m/n/12 06 (0\OML/cmm/m/it/12 :\OT1/cmr/m/n/12 36)$ 

 []


Overfull \hbox (2.65274pt too wide) detected at line 656
$\OML/cmm/m/it/12 :\OT1/cmr/m/n/12 06 (0\OML/cmm/m/it/12 :\OT1/cmr/m/n/12 35)$ 

 []


Overfull \hbox (2.65274pt too wide) detected at line 656
$\OML/cmm/m/it/12 :\OT1/cmr/m/n/12 16 (0\OML/cmm/m/it/12 :\OT1/cmr/m/n/12 39)$ 

 []


Overfull \hbox (2.65274pt too wide) detected at line 656
$\OML/cmm/m/it/12 :\OT1/cmr/m/n/12 15 (0\OML/cmm/m/it/12 :\OT1/cmr/m/n/12 33)$ 

 []


Overfull \hbox (2.65274pt too wide) detected at line 656
$\OML/cmm/m/it/12 :\OT1/cmr/m/n/12 16 (0\OML/cmm/m/it/12 :\OT1/cmr/m/n/12 39)$ 

 []


Overfull \hbox (2.65274pt too wide) detected at line 656
$\OML/cmm/m/it/12 :\OT1/cmr/m/n/12 16 (0\OML/cmm/m/it/12 :\OT1/cmr/m/n/12 41)$ 

 []


Overfull \hbox (2.65274pt too wide) detected at line 656
$\OML/cmm/m/it/12 :\OT1/cmr/m/n/12 16 (0\OML/cmm/m/it/12 :\OT1/cmr/m/n/12 40)$ 

 []


Overfull \hbox (2.65274pt too wide) detected at line 656
$\OML/cmm/m/it/12 :\OT1/cmr/m/n/12 16 (0\OML/cmm/m/it/12 :\OT1/cmr/m/n/12 38)$ 

 []


Overfull \hbox (2.65274pt too wide) detected at line 656
$\OML/cmm/m/it/12 :\OT1/cmr/m/n/12 16 (0\OML/cmm/m/it/12 :\OT1/cmr/m/n/12 37)$ 

 []


Overfull \hbox (2.65274pt too wide) detected at line 656
$\OML/cmm/m/it/12 :\OT1/cmr/m/n/12 17 (0\OML/cmm/m/it/12 :\OT1/cmr/m/n/12 39)$ 

 []


Overfull \hbox (2.65274pt too wide) detected at line 656
$\OML/cmm/m/it/12 :\OT1/cmr/m/n/12 16 (0\OML/cmm/m/it/12 :\OT1/cmr/m/n/12 39)$ 

 []


LaTeX Warning: Float too large for page by 5.38403pt on input line 657.


LaTeX Warning: `!h' float specifier changed to `!ht'.

[28] [29


] [30]
Overfull \hbox (26.02513pt too wide) detected at line 687
$\OML/cmm/m/it/10.95 :\OT1/cmr/m/n/10.95 23 [] [0\OML/cmm/m/it/10.95 :\OT1/cmr/
m/n/10.95 54]$ 
 []


Overfull \hbox (26.02513pt too wide) detected at line 688
$\OML/cmm/m/it/10.95 :\OT1/cmr/m/n/10.95 26 [] [0\OML/cmm/m/it/10.95 :\OT1/cmr/
m/n/10.95 55]$ 
 []


Overfull \hbox (26.02513pt too wide) detected at line 689
$\OML/cmm/m/it/10.95 :\OT1/cmr/m/n/10.95 18 [] [0\OML/cmm/m/it/10.95 :\OT1/cmr/
m/n/10.95 53]$ 
 []


Overfull \hbox (26.02513pt too wide) detected at line 690
$\OML/cmm/m/it/10.95 :\OT1/cmr/m/n/10.95 22 [] [0\OML/cmm/m/it/10.95 :\OT1/cmr/
m/n/10.95 55]$ 
 []


Overfull \hbox (26.02513pt too wide) detected at line 691
$\OML/cmm/m/it/10.95 :\OT1/cmr/m/n/10.95 70 [] [0\OML/cmm/m/it/10.95 :\OT1/cmr/
m/n/10.95 54]$ 
 []


Overfull \hbox (26.02513pt too wide) detected at line 692
$\OML/cmm/m/it/10.95 :\OT1/cmr/m/n/10.95 35 [] [0\OML/cmm/m/it/10.95 :\OT1/cmr/
m/n/10.95 49]$ 
 []


Overfull \hbox (26.02513pt too wide) detected at line 693
$\OML/cmm/m/it/10.95 :\OT1/cmr/m/n/10.95 35 [] [0\OML/cmm/m/it/10.95 :\OT1/cmr/
m/n/10.95 34]$ 
 []


Overfull \hbox (26.02513pt too wide) detected at line 694
$\OML/cmm/m/it/10.95 :\OT1/cmr/m/n/10.95 38 [] [0\OML/cmm/m/it/10.95 :\OT1/cmr/
m/n/10.95 35]$ 
 []


Overfull \hbox (26.02513pt too wide) detected at line 695
$\OML/cmm/m/it/10.95 :\OT1/cmr/m/n/10.95 07 [] [0\OML/cmm/m/it/10.95 :\OT1/cmr/
m/n/10.95 28]$ 
 []


Overfull \hbox (26.02513pt too wide) detected at line 696
$\OML/cmm/m/it/10.95 :\OT1/cmr/m/n/10.95 12 [] [0\OML/cmm/m/it/10.95 :\OT1/cmr/
m/n/10.95 29]$ 
 []


Overfull \hbox (26.02513pt too wide) detected at line 697
$\OML/cmm/m/it/10.95 :\OT1/cmr/m/n/10.95 35 [] [0\OML/cmm/m/it/10.95 :\OT1/cmr/
m/n/10.95 34]$ 
 []


Overfull \hbox (26.02513pt too wide) detected at line 698
$\OML/cmm/m/it/10.95 :\OT1/cmr/m/n/10.95 38 [] [0\OML/cmm/m/it/10.95 :\OT1/cmr/
m/n/10.95 35]$ 
 []


Overfull \hbox (10.94998pt too wide) detected at line 699
$\OML/cmm/m/it/10.95 :\OT1/cmr/m/n/10.95 07 [0\OML/cmm/m/it/10.95 :\OT1/cmr/m/n
/10.95 28]$ 
 []


Overfull \hbox (10.94998pt too wide) detected at line 700
$\OML/cmm/m/it/10.95 :\OT1/cmr/m/n/10.95 12 [0\OML/cmm/m/it/10.95 :\OT1/cmr/m/n
/10.95 29]$ 
 []


Overfull \hbox (10.94998pt too wide) detected at line 701
$\OML/cmm/m/it/10.95 :\OT1/cmr/m/n/10.95 73 [0\OML/cmm/m/it/10.95 :\OT1/cmr/m/n
/10.95 48]$ 
 []


Overfull \hbox (10.94998pt too wide) detected at line 702
$\OML/cmm/m/it/10.95 :\OT1/cmr/m/n/10.95 72 [0\OML/cmm/m/it/10.95 :\OT1/cmr/m/n
/10.95 49]$ 
 []


Overfull \hbox (10.94998pt too wide) detected at line 703
$\OML/cmm/m/it/10.95 :\OT1/cmr/m/n/10.95 70 [0\OML/cmm/m/it/10.95 :\OT1/cmr/m/n
/10.95 47]$ 
 []


Overfull \hbox (10.94998pt too wide) detected at line 704
$\OML/cmm/m/it/10.95 :\OT1/cmr/m/n/10.95 69 [0\OML/cmm/m/it/10.95 :\OT1/cmr/m/n
/10.95 48]$ 
 []


Overfull \hbox (13.70715pt too wide) in alignment at lines 682--705
 [] [] [] [] [] [] [] 
 []


Overfull \hbox (10.94998pt too wide) detected at line 705
$\OML/cmm/m/it/10.95 :\OT1/cmr/m/n/10.95 62 [0\OML/cmm/m/it/10.95 :\OT1/cmr/m/n
/10.95 47]$ 
 []


Overfull \hbox (10.94998pt too wide) detected at line 706
$\OML/cmm/m/it/10.95 :\OT1/cmr/m/n/10.95 63 [0\OML/cmm/m/it/10.95 :\OT1/cmr/m/n
/10.95 48]$ 
 []


Overfull \hbox (10.94998pt too wide) detected at line 707
$\OML/cmm/m/it/10.95 :\OT1/cmr/m/n/10.95 60 [0\OML/cmm/m/it/10.95 :\OT1/cmr/m/n
/10.95 46]$ 
 []


Overfull \hbox (10.94998pt too wide) detected at line 708
$\OML/cmm/m/it/10.95 :\OT1/cmr/m/n/10.95 60 [0\OML/cmm/m/it/10.95 :\OT1/cmr/m/n
/10.95 47]$ 
 []


Overfull \hbox (10.94998pt too wide) detected at line 709
$\OML/cmm/m/it/10.95 :\OT1/cmr/m/n/10.95 33 [0\OML/cmm/m/it/10.95 :\OT1/cmr/m/n
/10.95 42]$ 
 []


Overfull \hbox (10.94998pt too wide) detected at line 710
$\OML/cmm/m/it/10.95 :\OT1/cmr/m/n/10.95 33 [0\OML/cmm/m/it/10.95 :\OT1/cmr/m/n
/10.95 43]$ 
 []


Overfull \hbox (10.94998pt too wide) detected at line 711
$\OML/cmm/m/it/10.95 :\OT1/cmr/m/n/10.95 32 [0\OML/cmm/m/it/10.95 :\OT1/cmr/m/n
/10.95 40]$ 
 []


Overfull \hbox (10.94998pt too wide) detected at line 712
$\OML/cmm/m/it/10.95 :\OT1/cmr/m/n/10.95 32 [0\OML/cmm/m/it/10.95 :\OT1/cmr/m/n
/10.95 41]$ 
 []


Overfull \hbox (10.94998pt too wide) detected at line 713
$\OML/cmm/m/it/10.95 :\OT1/cmr/m/n/10.95 31 [0\OML/cmm/m/it/10.95 :\OT1/cmr/m/n
/10.95 44]$ 
 []


Overfull \hbox (10.94998pt too wide) detected at line 714
$\OML/cmm/m/it/10.95 :\OT1/cmr/m/n/10.95 31 [0\OML/cmm/m/it/10.95 :\OT1/cmr/m/n
/10.95 44]$ 
 []


Overfull \hbox (10.94998pt too wide) detected at line 715
$\OML/cmm/m/it/10.95 :\OT1/cmr/m/n/10.95 30 [0\OML/cmm/m/it/10.95 :\OT1/cmr/m/n
/10.95 42]$ 
 []


Overfull \hbox (10.94998pt too wide) detected at line 716
$\OML/cmm/m/it/10.95 :\OT1/cmr/m/n/10.95 30 [0\OML/cmm/m/it/10.95 :\OT1/cmr/m/n
/10.95 42]$ 
 []


Overfull \hbox (13.70715pt too wide) in alignment at lines 705--720
 [] [] [] [] [] [] [] 
 []

[31

] [32]
Overfull \hbox (11.79153pt too wide) detected at line 742
$\OML/cmm/m/it/12 :\OT1/cmr/m/n/12 77 [0\OML/cmm/m/it/12 :\OT1/cmr/m/n/12 55]$ 

 []


Overfull \hbox (11.79153pt too wide) detected at line 742
$\OML/cmm/m/it/12 :\OT1/cmr/m/n/12 46 [0\OML/cmm/m/it/12 :\OT1/cmr/m/n/12 50]$ 

 []


Overfull \hbox (11.79153pt too wide) detected at line 743
$\OML/cmm/m/it/12 :\OT1/cmr/m/n/12 81 [0\OML/cmm/m/it/12 :\OT1/cmr/m/n/12 49]$ 

 []


Overfull \hbox (11.79153pt too wide) detected at line 743
$\OML/cmm/m/it/12 :\OT1/cmr/m/n/12 44 [0\OML/cmm/m/it/12 :\OT1/cmr/m/n/12 43]$ 

 []


Overfull \hbox (11.79153pt too wide) detected at line 744
$\OML/cmm/m/it/12 :\OT1/cmr/m/n/12 80 [0\OML/cmm/m/it/12 :\OT1/cmr/m/n/12 50]$ 

 []


Overfull \hbox (11.79153pt too wide) detected at line 744
$\OML/cmm/m/it/12 :\OT1/cmr/m/n/12 44 [0\OML/cmm/m/it/12 :\OT1/cmr/m/n/12 44]$ 

 []


Overfull \hbox (11.79153pt too wide) detected at line 745
$\OML/cmm/m/it/12 :\OT1/cmr/m/n/12 78 [0\OML/cmm/m/it/12 :\OT1/cmr/m/n/12 48]$ 

 []


Overfull \hbox (11.79153pt too wide) detected at line 745
$\OML/cmm/m/it/12 :\OT1/cmr/m/n/12 43 [0\OML/cmm/m/it/12 :\OT1/cmr/m/n/12 41]$ 

 []


Overfull \hbox (11.79153pt too wide) detected at line 746
$\OML/cmm/m/it/12 :\OT1/cmr/m/n/12 77 [0\OML/cmm/m/it/12 :\OT1/cmr/m/n/12 49]$ 

 []


Overfull \hbox (11.79153pt too wide) detected at line 746
$\OML/cmm/m/it/12 :\OT1/cmr/m/n/12 43 [0\OML/cmm/m/it/12 :\OT1/cmr/m/n/12 42]$ 

 []


Overfull \hbox (11.79153pt too wide) detected at line 747
$\OML/cmm/m/it/12 :\OT1/cmr/m/n/12 71 [0\OML/cmm/m/it/12 :\OT1/cmr/m/n/12 48]$ 

 []


Overfull \hbox (11.79153pt too wide) detected at line 747
$\OML/cmm/m/it/12 :\OT1/cmr/m/n/12 44 [0\OML/cmm/m/it/12 :\OT1/cmr/m/n/12 45]$ 

 []


Overfull \hbox (11.79153pt too wide) detected at line 748
$\OML/cmm/m/it/12 :\OT1/cmr/m/n/12 72 [0\OML/cmm/m/it/12 :\OT1/cmr/m/n/12 49]$ 

 []


Overfull \hbox (11.79153pt too wide) detected at line 748
$\OML/cmm/m/it/12 :\OT1/cmr/m/n/12 44 [0\OML/cmm/m/it/12 :\OT1/cmr/m/n/12 45]$ 

 []


Overfull \hbox (11.79153pt too wide) detected at line 749
$\OML/cmm/m/it/12 :\OT1/cmr/m/n/12 68 [0\OML/cmm/m/it/12 :\OT1/cmr/m/n/12 47]$ 

 []


Overfull \hbox (11.79153pt too wide) detected at line 749
$\OML/cmm/m/it/12 :\OT1/cmr/m/n/12 42 [0\OML/cmm/m/it/12 :\OT1/cmr/m/n/12 43]$ 

 []


Overfull \hbox (11.79153pt too wide) detected at line 750
$\OML/cmm/m/it/12 :\OT1/cmr/m/n/12 69 [0\OML/cmm/m/it/12 :\OT1/cmr/m/n/12 48]$ 

 []


Overfull \hbox (11.79153pt too wide) detected at line 750
$\OML/cmm/m/it/12 :\OT1/cmr/m/n/12 42 [0\OML/cmm/m/it/12 :\OT1/cmr/m/n/12 44]$ 

 []


Overfull \hbox (23.00742pt too wide) in paragraph at lines 738--754
 [][] 
 []

[33

] [34] [35] [36]
LaTeX Font Info:    Font shape `OT1/pcr/bx/n' in size <14.4> not available
(Font)              Font shape `OT1/pcr/b/n' tried instead on input line 778.
 [37]
Underfull \hbox (badness 10000) in paragraph at lines 791--791
[]|\OT1/ptm/m/n/12 Multiple
 []


Overfull \hbox (7.5218pt too wide) in paragraph at lines 793--793
[]|[]| 
 []


Underfull \hbox (badness 10000) in paragraph at lines 793--793
[]|[][][]\OT1/ptm/m/n/12 Storage[][]
 []


Underfull \hbox (badness 10000) in paragraph at lines 795--795
[]|[][][]\OT1/ptm/m/n/12 Storage[][]
 []


Underfull \hbox (badness 10000) in paragraph at lines 799--799
[]|[][][]\OT1/ptm/m/n/12 Martin[][]
 []


Overfull \hbox (0.97363pt too wide) in paragraph at lines 805--805
[]|[][][]\OT1/ptm/m/n/12 Costantini[][]
 []


Overfull \hbox (36.71843pt too wide) in paragraph at lines 789--814
 [][] 
 []


LaTeX Warning: Float too large for page by 44.10013pt on input line 814.


LaTeX Warning: `!h' float specifier changed to `!ht'.

[38]
Overfull \hbox (7.01727pt too wide) in paragraph at lines 818--819
\OT1/ptm/m/n/12 pack-ages \OT1/ptm/b/n/12 IAT-an-a-lyt-ics \OT1/ptm/m/n/12 and 
\OT1/ptm/b/n/12 IATscore \OT1/ptm/m/n/12 re-quire for a spe-cific ar-range-ment
 of the data set columns
 []


LaTeX Warning: `!h' float specifier changed to `!ht'.

[39


] [40] [41]
<C:/Users/huawei/Desktop/images/resultsApp.png, id=843, 944.02687pt x 671.50874
pt>
File: C:/Users/huawei/Desktop/images/resultsApp.png Graphic file (type png)
<use C:/Users/huawei/Desktop/images/resultsApp.png>
Package pdftex.def Info: C:/Users/huawei/Desktop/images/resultsApp.png  used on
 input line 905.
(pdftex.def)             Requested size: 354.86412pt x 252.4197pt.


LaTeX Warning: `!h' float specifier changed to `!ht'.

[42]
<C:/Users/huawei/Desktop/images/PointDefaultDscore3.pdf, id=857, 1084.05pt x 50
5.89pt>
File: C:/Users/huawei/Desktop/images/PointDefaultDscore3.pdf Graphic file (type
 pdf)
<use C:/Users/huawei/Desktop/images/PointDefaultDscore3.pdf>
Package pdftex.def Info: C:/Users/huawei/Desktop/images/PointDefaultDscore3.pdf
  used on input line 917.
(pdftex.def)             Requested size: 177.42868pt x 82.79666pt.
<C:/Users/huawei/Desktop/images/HistogramDscore3.pdf, id=858, 1084.05pt x 505.8
9pt>
File: C:/Users/huawei/Desktop/images/HistogramDscore3.pdf Graphic file (type pd
f)
<use C:/Users/huawei/Desktop/images/HistogramDscore3.pdf>
Package pdftex.def Info: C:/Users/huawei/Desktop/images/HistogramDscore3.pdf  u
sed on input line 922.
(pdftex.def)             Requested size: 177.42868pt x 82.79666pt.
<C:/Users/huawei/Desktop/images/DensityDscore3.pdf, id=859, 1084.05pt x 505.89p
t>
File: C:/Users/huawei/Desktop/images/DensityDscore3.pdf Graphic file (type pdf)

<use C:/Users/huawei/Desktop/images/DensityDscore3.pdf>
Package pdftex.def Info: C:/Users/huawei/Desktop/images/DensityDscore3.pdf  use
d on input line 927.
(pdftex.def)             Requested size: 177.42868pt x 82.79666pt.
<C:/Users/huawei/Desktop/images/HistDensDscore3.pdf, id=860, 1084.05pt x 505.89
pt>
File: C:/Users/huawei/Desktop/images/HistDensDscore3.pdf Graphic file (type pdf
)
<use C:/Users/huawei/Desktop/images/HistDensDscore3.pdf>
Package pdftex.def Info: C:/Users/huawei/Desktop/images/HistDensDscore3.pdf  us
ed on input line 932.
(pdftex.def)             Requested size: 177.42868pt x 82.79666pt.


LaTeX Warning: `!h' float specifier changed to `!ht'.


Underfull \vbox (badness 1983) has occurred while \output is active []

 [43 <C:/Users/huawei/Desktop/images/resultsApp.png>] [44 <C:/Users/huawei/Desk
top/images/PointDefaultDscore3.pdf> <C:/Users/huawei/Desktop/images/HistogramDs
core3.pdf> <C:/Users/huawei/Desktop/images/DensityDscore3.pdf> <C:/Users/huawei
/Desktop/images/HistDensDscore3.pdf>]
Chapter 3.

Overfull \hbox (8.1085pt too wide) in paragraph at lines 948--949
\OT1/ptm/m/n/12 Mod-el-ing (MFRM) are il-lus-trated in Sec-tion [][]3.3[][]. Al
-though this ap-proach can pro-vide stimulus--
 []

[45

]
Underfull \vbox (badness 1694) has occurred while \output is active []

 [46]
[47] [48] [49]
Underfull \vbox (badness 3679) has occurred while \output is active []

 [50]
[51] [52]
Chapter 4.
[53

] [54] [55]
LaTeX Font Info:    Font shape `OT1/ptm/bx/it' in size <12> not available
(Font)              Font shape `OT1/ptm/b/it' tried instead on input line 1074.



LaTeX Warning: Reference `inverse' on page 56 undefined on input line 1094.


Underfull \vbox (badness 10000) has occurred while \output is active []

 [56]
[57] [58

]
Chapter 5.
[59]
Underfull \vbox (badness 1983) has occurred while \output is active []

 [60]

LaTeX Warning: Citation `Anselmi2011' undefined on input line 1164.

[61]
Underfull \vbox (badness 2269) has occurred while \output is active []

 [62]
Overfull \hbox (10.0379pt too wide) in paragraph at lines 1196--1198
[]\OT1/ptm/m/n/12 In Model 2, the within--stimuli between--conditions vari-abil
-ity and the between--respondents
 []

[63]
Underfull \vbox (badness 10000) has occurred while \output is active []

 [64]
Overfull \hbox (8.5694pt too wide) in paragraph at lines 1253--1253
[]|\OT1/ptm/m/n/12 Model| 
 []


Underfull \hbox (badness 10000) in paragraph at lines 1253--1253
[]|\OT1/ptm/m/n/12 Condition--
 []


Underfull \hbox (badness 10000) in paragraph at lines 1253--1253
\OT1/ptm/m/n/12 specific abil-ity
 []


Underfull \hbox (badness 6461) in paragraph at lines 1253--1253
[]|\OT1/ptm/m/n/12 Overall eas-i-ness
 []


Underfull \hbox (badness 10000) in paragraph at lines 1253--1253
[]|\OT1/ptm/m/n/12 Condition--
 []


Underfull \hbox (badness 10000) in paragraph at lines 1253--1253
\OT1/ptm/m/n/12 specific speed
 []


Underfull \hbox (badness 1496) in paragraph at lines 1253--1253
[]|\OT1/ptm/m/n/12 Overall time in-
 []


Underfull \hbox (badness 10000) in paragraph at lines 1253--1253
[]|\OT1/ptm/m/n/12 Overall abil-ity
 []


Underfull \hbox (badness 10000) in paragraph at lines 1253--1253
[]|\OT1/ptm/m/n/12 Condition--
 []


Underfull \hbox (badness 4429) in paragraph at lines 1253--1253
\OT1/ptm/m/n/12 specific eas-i-ness
 []


Underfull \hbox (badness 10000) in paragraph at lines 1253--1253
[]|\OT1/ptm/m/n/12 Condition--
 []


Underfull \hbox (badness 10000) in paragraph at lines 1253--1253
\OT1/ptm/m/n/12 specific time
 []


Underfull \hbox (badness 10000) in paragraph at lines 1253--1253
[]|\OT1/ptm/m/n/12 Overall abil-ity
 []


Underfull \hbox (badness 6461) in paragraph at lines 1253--1253
[]|\OT1/ptm/m/n/12 Overall eas-i-ness
 []


Overfull \hbox (1.15276pt too wide) in alignment at lines 1253--1253
[][][][][][] 
 []


LaTeX Warning: `!h' float specifier changed to `!ht'.

[65] [66]
Chapter 6.
[67

]
Underfull \vbox (badness 4792) has occurred while \output is active []

 [68]
[69] [70] [71

]
Overfull \hbox (1.66571pt too wide) in paragraph at lines 1365--1367
 []\OT1/ptm/b/n/12 Log-normal mod-els.[] \OT1/ptm/m/n/12 The three log-time mod
-els were com-pared be-tween each other. Model
 []

[72

]

LaTeX Warning: Citation `epifania2019' undefined on input line 1389.

[73] [74] [75]

LaTeX Warning: Float too large for page by 9.26036pt on input line 1457.


LaTeX Warning: `!h' float specifier changed to `!ht'.

[76]
Overfull \hbox (9.76447pt too wide) in paragraph at lines 1475--1477
\OT1/ptm/m/n/12 puted be-tween par-tic-i-pants' abil-ity, condition--specific s
peed pa-ram-e-ters, and \OT1/ptm/m/it/12 speed-differential\OT1/ptm/m/n/12 .
 []

[77


]
Underfull \vbox (badness 10000) has occurred while \output is active []

 [78]
[79] [80] [81] [82

]
Chapter 7.
[83] [84]
Chapter 8.
[85

]
Overfull \hbox (4.92662pt too wide) has occurred while \output is active
\OT1/ptm/m/n/12 86 \OT1/ptm/m/sl/12 CHAPTER 8.  THE FEEDBACK EFFECT ON IMPLICIT
 MEASURES PERFORMANCE
 []

[86

]
Chapter 9.
[87] [88

] [89

] (ThesisALL.bbl [90

]
Underfull \vbox (badness 10000) has occurred while \output is active []

 [91]
Underfull \vbox (badness 10000) has occurred while \output is active []

 [92]
Underfull \hbox (badness 10000) in paragraph at lines 663--681
\OT1/pcr/m/n/12 .sagepub [] .com / articles / Implicit [] []social [] []cogniti
on [] []through []
 []


Underfull \vbox (badness 10000) has occurred while \output is active []

 [93]
Underfull \vbox (badness 10000) has occurred while \output is active []

 [94]
Underfull \vbox (badness 10000) has occurred while \output is active []

 [95]
Underfull \vbox (badness 5189) has occurred while \output is active []

 [96]
Underfull \vbox (badness 6910) has occurred while \output is active []

 [97])
Package atveryend Info: Empty hook `BeforeClearDocument' on input line 1570.

[98]
Package atveryend Info: Empty hook `AfterLastShipout' on input line 1570.
 (ThesisALL.aux)
Package atveryend Info: Executing hook `AtVeryEndDocument' on input line 1570.
Package atveryend Info: Executing hook `AtEndAfterFileList' on input line 1570.

Package rerunfilecheck Info: File `ThesisALL.out' has not changed.
(rerunfilecheck)             Checksum: F5C78B06D6E4997D020C396BBE55B8CE;3272.


LaTeX Warning: There were undefined references.

Package atveryend Info: Empty hook `AtVeryVeryEnd' on input line 1570.
 ) 
Here is how much of TeX's memory you used:
 22399 strings out of 492969
 408179 string characters out of 3126142
 523449 words of memory out of 3000000
 25752 multiletter control sequences out of 15000+200000
 568844 words of font info for 97 fonts, out of 3000000 for 9000
 1141 hyphenation exceptions out of 8191
 42i,22n,63p,2192b,912s stack positions out of 5000i,500n,10000p,200000b,50000s
pdfTeX warning (dest): name{cite.epifania2019} has been referenced but does n
ot exist, replaced by a fixed one

pdfTeX warning (dest): name{cite.Anselmi2011} has been referenced but does not 
exist, replaced by a fixed one

{C:/Users/huawei/AppData/Local/Programs/MiKTeX 2.9/fonts/enc/dvips/base/8r.enc}
<C:/Users/huawei/AppData/Local/Programs/MiKTeX 2.9/fonts/type1/public/amsfonts/
cm/cmex10.pfb><C:/Users/huawei/AppData/Local/Programs/MiKTeX 2.9/fonts/type1/pu
blic/amsfonts/cm/cmmi10.pfb><C:/Users/huawei/AppData/Local/Programs/MiKTeX 2.9/
fonts/type1/public/amsfonts/cm/cmmi12.pfb><C:/Users/huawei/AppData/Local/Progra
ms/MiKTeX 2.9/fonts/type1/public/amsfonts/cm/cmmi6.pfb><C:/Users/huawei/AppData
/Local/Programs/MiKTeX 2.9/fonts/type1/public/amsfonts/cm/cmmi8.pfb><C:/Users/h
uawei/AppData/Local/Programs/MiKTeX 2.9/fonts/type1/public/amsfonts/cm/cmr10.pf
b><C:/Users/huawei/AppData/Local/Programs/MiKTeX 2.9/fonts/type1/public/amsfont
s/cm/cmr12.pfb><C:/Users/huawei/AppData/Local/Programs/MiKTeX 2.9/fonts/type1/p
ublic/amsfonts/cm/cmr6.pfb><C:/Users/huawei/AppData/Local/Programs/MiKTeX 2.9/f
onts/type1/public/amsfonts/cm/cmr8.pfb><C:/Users/huawei/AppData/Local/Programs/
MiKTeX 2.9/fonts/type1/public/amsfonts/cm/cmsy10.pfb><C:/Users/huawei/AppData/L
ocal/Programs/MiKTeX 2.9/fonts/type1/public/amsfonts/cm/cmsy8.pfb><C:/Users/hua
wei/AppData/Local/Programs/MiKTeX 2.9/fonts/type1/urw/courier/ucrb8a.pfb><C:/Us
ers/huawei/AppData/Local/Programs/MiKTeX 2.9/fonts/type1/urw/courier/ucrr8a.pfb
><C:/Users/huawei/AppData/Local/Programs/MiKTeX 2.9/fonts/type1/urw/times/utmb8
a.pfb><C:/Users/huawei/AppData/Local/Programs/MiKTeX 2.9/fonts/type1/urw/times/
utmbi8a.pfb><C:/Users/huawei/AppData/Local/Programs/MiKTeX 2.9/fonts/type1/urw/
times/utmr8a.pfb><C:/Users/huawei/AppData/Local/Programs/MiKTeX 2.9/fonts/type1
/urw/times/utmr8a.pfb><C:/Users/huawei/AppData/Local/Programs/MiKTeX 2.9/fonts/
type1/urw/times/utmri8a.pfb>
Output written on ThesisALL.pdf (116 pages, 1086378 bytes).
PDF statistics:
 1433 PDF objects out of 1440 (max. 8388607)
 298 named destinations out of 1000 (max. 500000)
 425 words of extra memory for PDF output out of 10000 (max. 10000000)

