\BOOKMARK [0][-]{chapter*.2}{Preface}{}% 1
\BOOKMARK [0][-]{chapter.1}{Theories, Processes, Measurement}{}% 2
\BOOKMARK [1][-]{section.1.1}{Automatic and controlled processes}{chapter.1}% 3
\BOOKMARK [1][-]{section.1.2}{The Implicit Association Test}{chapter.1}% 4
\BOOKMARK [1][-]{section.1.3}{Fields of application}{chapter.1}% 5
\BOOKMARK [1][-]{section.1.4}{The Single-Category Implicit Association Test}{chapter.1}% 6
\BOOKMARK [1][-]{section.1.5}{Fully-crossed design}{chapter.1}% 7
\BOOKMARK [2][-]{subsection.1.5.1}{More than one implicit measure}{section.1.5}% 8
\BOOKMARK [0][-]{chapter.2}{Classic scoring of implicit measures}{}% 9
\BOOKMARK [1][-]{section.2.1}{IAT D-score}{chapter.2}% 10
\BOOKMARK [1][-]{section.2.2}{SC-IAT D-score}{chapter.2}% 11
\BOOKMARK [1][-]{section.2.3}{A fairer comparison}{chapter.2}% 12
\BOOKMARK [2][-]{subsection.2.3.1}{Method}{section.2.3}% 13
\BOOKMARK [2][-]{subsection.2.3.2}{Results}{section.2.3}% 14
\BOOKMARK [2][-]{subsection.2.3.3}{Discussion and Conclusions}{section.2.3}% 15
\BOOKMARK [1][-]{section.2.4}{R development}{chapter.2}% 16
\BOOKMARK [2][-]{subsection.2.4.1}{implicitMeasures}{section.2.4}% 17
\BOOKMARK [2][-]{subsection.2.4.2}{DscoreApp}{section.2.4}% 18
\BOOKMARK [0][-]{chapter.3}{Formal modeling}{}% 19
\BOOKMARK [1][-]{section.3.1}{Multionomial Models}{chapter.3}% 20
\BOOKMARK [2][-]{subsection.3.1.1}{Quad Model.}{section.3.1}% 21
\BOOKMARK [2][-]{subsection.3.1.2}{ReAL Model}{section.3.1}% 22
\BOOKMARK [1][-]{section.3.2}{Time and Accuracy models}{chapter.3}% 23
\BOOKMARK [2][-]{subsection.3.2.1}{Diffusion Model}{section.3.2}% 24
\BOOKMARK [2][-]{subsection.3.2.2}{Discrimination-Association Model}{section.3.2}% 25
\BOOKMARK [1][-]{section.3.3}{Rasch Modeling}{chapter.3}% 26
\BOOKMARK [0][-]{chapter.4}{Rasch model model and log-normal model}{}% 27
\BOOKMARK [1][-]{section.4.1}{Rasch Model}{chapter.4}% 28
\BOOKMARK [1][-]{section.4.2}{Log-normal Model}{chapter.4}% 29
\BOOKMARK [1][-]{section.4.3}{Linear Mixed Effects Models}{chapter.4}% 30
\BOOKMARK [2][-]{subsection.4.3.1}{\(Generalized\) Linear Model and Rasch Model}{section.4.3}% 31
\BOOKMARK [2][-]{subsection.4.3.2}{Extending to Multidimensional data}{section.4.3}% 32
\BOOKMARK [0][-]{chapter.5}{Models specification}{}% 33
\BOOKMARK [1][-]{section.5.1}{Maximal Model}{chapter.5}% 34
\BOOKMARK [1][-]{section.5.2}{Models random structure}{chapter.5}% 35
\BOOKMARK [0][-]{chapter.6}{Empirical application to IAT data}{}% 36
\BOOKMARK [1][-]{section.6.1}{Rasch gone mixed}{chapter.6}% 37
\BOOKMARK [2][-]{subsection.6.1.1}{Method}{section.6.1}% 38
\BOOKMARK [2][-]{subsection.6.1.2}{Race IAT: Results}{section.6.1}% 39
\BOOKMARK [1][-]{section.6.2}{Filling the Gap}{chapter.6}% 40
\BOOKMARK [2][-]{subsection.6.2.1}{Method}{section.6.2}% 41
\BOOKMARK [2][-]{subsection.6.2.2}{Chocolate IAT: Results}{section.6.2}% 42
\BOOKMARK [1][-]{section.6.3}{Discussion and Conclusions}{chapter.6}% 43
\BOOKMARK [0][-]{chapter.7}{Make it comprehensive}{}% 44
\BOOKMARK [0][-]{chapter.8}{The feedback effect on implicit measures performance}{}% 45
\BOOKMARK [0][-]{chapter.9}{General discussion}{}% 46
\BOOKMARK [0][-]{chapter*.40}{Last note}{}% 47
\BOOKMARK [0][-]{chapter*.41}{References}{}% 48
